2024-10-16 17:15:48,825 INFO org.apache.hadoop.hdfs.server.namenode.NameNode: STARTUP_MSG: 
/************************************************************
STARTUP_MSG: Starting NameNode
STARTUP_MSG:   host = gorgone.enseeiht.fr/147.127.133.8
STARTUP_MSG:   args = []
STARTUP_MSG:   version = 2.7.1
STARTUP_MSG:   classpath = /home/ejeandon/N7/3A/InfraBigData/hadoop-2.7.1/etc/hadoop:/home/ejeandon/N7/3A/InfraBigData/hadoop-2.7.1/share/hadoop/common/lib/jettison-1.1.jar:/home/ejeandon/N7/3A/InfraBigData/hadoop-2.7.1/share/hadoop/common/lib/commons-cli-1.2.jar:/home/ejeandon/N7/3A/InfraBigData/hadoop-2.7.1/share/hadoop/common/lib/mockito-all-1.8.5.jar:/home/ejeandon/N7/3A/InfraBigData/hadoop-2.7.1/share/hadoop/common/lib/jaxb-impl-2.2.3-1.jar:/home/ejeandon/N7/3A/InfraBigData/hadoop-2.7.1/share/hadoop/common/lib/jackson-core-asl-1.9.13.jar:/home/ejeandon/N7/3A/InfraBigData/hadoop-2.7.1/share/hadoop/common/lib/commons-codec-1.4.jar:/home/ejeandon/N7/3A/InfraBigData/hadoop-2.7.1/share/hadoop/common/lib/jersey-json-1.9.jar:/home/ejeandon/N7/3A/InfraBigData/hadoop-2.7.1/share/hadoop/common/lib/hadoop-annotations-2.7.1.jar:/home/ejeandon/N7/3A/InfraBigData/hadoop-2.7.1/share/hadoop/common/lib/commons-io-2.4.jar:/home/ejeandon/N7/3A/InfraBigData/hadoop-2.7.1/share/hadoop/common/lib/zookeeper-3.4.6.jar:/home/ejeandon/N7/3A/InfraBigData/hadoop-2.7.1/share/hadoop/common/lib/protobuf-java-2.5.0.jar:/home/ejeandon/N7/3A/InfraBigData/hadoop-2.7.1/share/hadoop/common/lib/jaxb-api-2.2.2.jar:/home/ejeandon/N7/3A/InfraBigData/hadoop-2.7.1/share/hadoop/common/lib/asm-3.2.jar:/home/ejeandon/N7/3A/InfraBigData/hadoop-2.7.1/share/hadoop/common/lib/jsr305-3.0.0.jar:/home/ejeandon/N7/3A/InfraBigData/hadoop-2.7.1/share/hadoop/common/lib/commons-collections-3.2.1.jar:/home/ejeandon/N7/3A/InfraBigData/hadoop-2.7.1/share/hadoop/common/lib/netty-3.6.2.Final.jar:/home/ejeandon/N7/3A/InfraBigData/hadoop-2.7.1/share/hadoop/common/lib/curator-framework-2.7.1.jar:/home/ejeandon/N7/3A/InfraBigData/hadoop-2.7.1/share/hadoop/common/lib/jsp-api-2.1.jar:/home/ejeandon/N7/3A/InfraBigData/hadoop-2.7.1/share/hadoop/common/lib/jackson-xc-1.9.13.jar:/home/ejeandon/N7/3A/InfraBigData/hadoop-2.7.1/share/hadoop/common/lib/xmlenc-0.52.jar:/home/ejeandon/N7/3A/InfraBigData/hadoop-2.7.1/share/hadoop/common/lib/apacheds-kerberos-codec-2.0.0-M15.jar:/home/ejeandon/N7/3A/InfraBigData/hadoop-2.7.1/share/hadoop/common/lib/snappy-java-1.0.4.1.jar:/home/ejeandon/N7/3A/InfraBigData/hadoop-2.7.1/share/hadoop/common/lib/api-asn1-api-1.0.0-M20.jar:/home/ejeandon/N7/3A/InfraBigData/hadoop-2.7.1/share/hadoop/common/lib/hadoop-auth-2.7.1.jar:/home/ejeandon/N7/3A/InfraBigData/hadoop-2.7.1/share/hadoop/common/lib/httpclient-4.2.5.jar:/home/ejeandon/N7/3A/InfraBigData/hadoop-2.7.1/share/hadoop/common/lib/commons-httpclient-3.1.jar:/home/ejeandon/N7/3A/InfraBigData/hadoop-2.7.1/share/hadoop/common/lib/jetty-util-6.1.26.jar:/home/ejeandon/N7/3A/InfraBigData/hadoop-2.7.1/share/hadoop/common/lib/guava-11.0.2.jar:/home/ejeandon/N7/3A/InfraBigData/hadoop-2.7.1/share/hadoop/common/lib/activation-1.1.jar:/home/ejeandon/N7/3A/InfraBigData/hadoop-2.7.1/share/hadoop/common/lib/jsch-0.1.42.jar:/home/ejeandon/N7/3A/InfraBigData/hadoop-2.7.1/share/hadoop/common/lib/commons-net-3.1.jar:/home/ejeandon/N7/3A/InfraBigData/hadoop-2.7.1/share/hadoop/common/lib/hamcrest-core-1.3.jar:/home/ejeandon/N7/3A/InfraBigData/hadoop-2.7.1/share/hadoop/common/lib/xz-1.0.jar:/home/ejeandon/N7/3A/InfraBigData/hadoop-2.7.1/share/hadoop/common/lib/commons-beanutils-1.7.0.jar:/home/ejeandon/N7/3A/InfraBigData/hadoop-2.7.1/share/hadoop/common/lib/commons-compress-1.4.1.jar:/home/ejeandon/N7/3A/InfraBigData/hadoop-2.7.1/share/hadoop/common/lib/jackson-mapper-asl-1.9.13.jar:/home/ejeandon/N7/3A/InfraBigData/hadoop-2.7.1/share/hadoop/common/lib/paranamer-2.3.jar:/home/ejeandon/N7/3A/InfraBigData/hadoop-2.7.1/share/hadoop/common/lib/junit-4.11.jar:/home/ejeandon/N7/3A/InfraBigData/hadoop-2.7.1/share/hadoop/common/lib/log4j-1.2.17.jar:/home/ejeandon/N7/3A/InfraBigData/hadoop-2.7.1/share/hadoop/common/lib/gson-2.2.4.jar:/home/ejeandon/N7/3A/InfraBigData/hadoop-2.7.1/share/hadoop/common/lib/slf4j-log4j12-1.7.10.jar:/home/ejeandon/N7/3A/InfraBigData/hadoop-2.7.1/share/hadoop/common/lib/commons-lang-2.6.jar:/home/ejeandon/N7/3A/InfraBigData/hadoop-2.7.1/share/hadoop/common/lib/curator-recipes-2.7.1.jar:/home/ejeandon/N7/3A/InfraBigData/hadoop-2.7.1/share/hadoop/common/lib/java-xmlbuilder-0.4.jar:/home/ejeandon/N7/3A/InfraBigData/hadoop-2.7.1/share/hadoop/common/lib/jetty-6.1.26.jar:/home/ejeandon/N7/3A/InfraBigData/hadoop-2.7.1/share/hadoop/common/lib/commons-logging-1.1.3.jar:/home/ejeandon/N7/3A/InfraBigData/hadoop-2.7.1/share/hadoop/common/lib/jackson-jaxrs-1.9.13.jar:/home/ejeandon/N7/3A/InfraBigData/hadoop-2.7.1/share/hadoop/common/lib/commons-beanutils-core-1.8.0.jar:/home/ejeandon/N7/3A/InfraBigData/hadoop-2.7.1/share/hadoop/common/lib/stax-api-1.0-2.jar:/home/ejeandon/N7/3A/InfraBigData/hadoop-2.7.1/share/hadoop/common/lib/htrace-core-3.1.0-incubating.jar:/home/ejeandon/N7/3A/InfraBigData/hadoop-2.7.1/share/hadoop/common/lib/servlet-api-2.5.jar:/home/ejeandon/N7/3A/InfraBigData/hadoop-2.7.1/share/hadoop/common/lib/commons-digester-1.8.jar:/home/ejeandon/N7/3A/InfraBigData/hadoop-2.7.1/share/hadoop/common/lib/slf4j-api-1.7.10.jar:/home/ejeandon/N7/3A/InfraBigData/hadoop-2.7.1/share/hadoop/common/lib/commons-configuration-1.6.jar:/home/ejeandon/N7/3A/InfraBigData/hadoop-2.7.1/share/hadoop/common/lib/jersey-core-1.9.jar:/home/ejeandon/N7/3A/InfraBigData/hadoop-2.7.1/share/hadoop/common/lib/apacheds-i18n-2.0.0-M15.jar:/home/ejeandon/N7/3A/InfraBigData/hadoop-2.7.1/share/hadoop/common/lib/avro-1.7.4.jar:/home/ejeandon/N7/3A/InfraBigData/hadoop-2.7.1/share/hadoop/common/lib/httpcore-4.2.5.jar:/home/ejeandon/N7/3A/InfraBigData/hadoop-2.7.1/share/hadoop/common/lib/api-util-1.0.0-M20.jar:/home/ejeandon/N7/3A/InfraBigData/hadoop-2.7.1/share/hadoop/common/lib/jets3t-0.9.0.jar:/home/ejeandon/N7/3A/InfraBigData/hadoop-2.7.1/share/hadoop/common/lib/commons-math3-3.1.1.jar:/home/ejeandon/N7/3A/InfraBigData/hadoop-2.7.1/share/hadoop/common/lib/curator-client-2.7.1.jar:/home/ejeandon/N7/3A/InfraBigData/hadoop-2.7.1/share/hadoop/common/lib/jersey-server-1.9.jar:/home/ejeandon/N7/3A/InfraBigData/hadoop-2.7.1/share/hadoop/common/hadoop-common-2.7.1-tests.jar:/home/ejeandon/N7/3A/InfraBigData/hadoop-2.7.1/share/hadoop/common/hadoop-common-2.7.1.jar:/home/ejeandon/N7/3A/InfraBigData/hadoop-2.7.1/share/hadoop/common/hadoop-nfs-2.7.1.jar:/home/ejeandon/N7/3A/InfraBigData/hadoop-2.7.1/share/hadoop/hdfs:/home/ejeandon/N7/3A/InfraBigData/hadoop-2.7.1/share/hadoop/hdfs/lib/commons-cli-1.2.jar:/home/ejeandon/N7/3A/InfraBigData/hadoop-2.7.1/share/hadoop/hdfs/lib/jackson-core-asl-1.9.13.jar:/home/ejeandon/N7/3A/InfraBigData/hadoop-2.7.1/share/hadoop/hdfs/lib/commons-codec-1.4.jar:/home/ejeandon/N7/3A/InfraBigData/hadoop-2.7.1/share/hadoop/hdfs/lib/xercesImpl-2.9.1.jar:/home/ejeandon/N7/3A/InfraBigData/hadoop-2.7.1/share/hadoop/hdfs/lib/commons-io-2.4.jar:/home/ejeandon/N7/3A/InfraBigData/hadoop-2.7.1/share/hadoop/hdfs/lib/protobuf-java-2.5.0.jar:/home/ejeandon/N7/3A/InfraBigData/hadoop-2.7.1/share/hadoop/hdfs/lib/asm-3.2.jar:/home/ejeandon/N7/3A/InfraBigData/hadoop-2.7.1/share/hadoop/hdfs/lib/jsr305-3.0.0.jar:/home/ejeandon/N7/3A/InfraBigData/hadoop-2.7.1/share/hadoop/hdfs/lib/xml-apis-1.3.04.jar:/home/ejeandon/N7/3A/InfraBigData/hadoop-2.7.1/share/hadoop/hdfs/lib/netty-3.6.2.Final.jar:/home/ejeandon/N7/3A/InfraBigData/hadoop-2.7.1/share/hadoop/hdfs/lib/netty-all-4.0.23.Final.jar:/home/ejeandon/N7/3A/InfraBigData/hadoop-2.7.1/share/hadoop/hdfs/lib/xmlenc-0.52.jar:/home/ejeandon/N7/3A/InfraBigData/hadoop-2.7.1/share/hadoop/hdfs/lib/commons-daemon-1.0.13.jar:/home/ejeandon/N7/3A/InfraBigData/hadoop-2.7.1/share/hadoop/hdfs/lib/jetty-util-6.1.26.jar:/home/ejeandon/N7/3A/InfraBigData/hadoop-2.7.1/share/hadoop/hdfs/lib/guava-11.0.2.jar:/home/ejeandon/N7/3A/InfraBigData/hadoop-2.7.1/share/hadoop/hdfs/lib/jackson-mapper-asl-1.9.13.jar:/home/ejeandon/N7/3A/InfraBigData/hadoop-2.7.1/share/hadoop/hdfs/lib/log4j-1.2.17.jar:/home/ejeandon/N7/3A/InfraBigData/hadoop-2.7.1/share/hadoop/hdfs/lib/commons-lang-2.6.jar:/home/ejeandon/N7/3A/InfraBigData/hadoop-2.7.1/share/hadoop/hdfs/lib/jetty-6.1.26.jar:/home/ejeandon/N7/3A/InfraBigData/hadoop-2.7.1/share/hadoop/hdfs/lib/commons-logging-1.1.3.jar:/home/ejeandon/N7/3A/InfraBigData/hadoop-2.7.1/share/hadoop/hdfs/lib/htrace-core-3.1.0-incubating.jar:/home/ejeandon/N7/3A/InfraBigData/hadoop-2.7.1/share/hadoop/hdfs/lib/servlet-api-2.5.jar:/home/ejeandon/N7/3A/InfraBigData/hadoop-2.7.1/share/hadoop/hdfs/lib/jersey-core-1.9.jar:/home/ejeandon/N7/3A/InfraBigData/hadoop-2.7.1/share/hadoop/hdfs/lib/leveldbjni-all-1.8.jar:/home/ejeandon/N7/3A/InfraBigData/hadoop-2.7.1/share/hadoop/hdfs/lib/jersey-server-1.9.jar:/home/ejeandon/N7/3A/InfraBigData/hadoop-2.7.1/share/hadoop/hdfs/hadoop-hdfs-2.7.1-tests.jar:/home/ejeandon/N7/3A/InfraBigData/hadoop-2.7.1/share/hadoop/hdfs/hadoop-hdfs-2.7.1.jar:/home/ejeandon/N7/3A/InfraBigData/hadoop-2.7.1/share/hadoop/hdfs/hadoop-hdfs-nfs-2.7.1.jar:/home/ejeandon/N7/3A/InfraBigData/hadoop-2.7.1/share/hadoop/yarn/lib/jettison-1.1.jar:/home/ejeandon/N7/3A/InfraBigData/hadoop-2.7.1/share/hadoop/yarn/lib/commons-cli-1.2.jar:/home/ejeandon/N7/3A/InfraBigData/hadoop-2.7.1/share/hadoop/yarn/lib/jaxb-impl-2.2.3-1.jar:/home/ejeandon/N7/3A/InfraBigData/hadoop-2.7.1/share/hadoop/yarn/lib/jackson-core-asl-1.9.13.jar:/home/ejeandon/N7/3A/InfraBigData/hadoop-2.7.1/share/hadoop/yarn/lib/commons-codec-1.4.jar:/home/ejeandon/N7/3A/InfraBigData/hadoop-2.7.1/share/hadoop/yarn/lib/jersey-json-1.9.jar:/home/ejeandon/N7/3A/InfraBigData/hadoop-2.7.1/share/hadoop/yarn/lib/commons-io-2.4.jar:/home/ejeandon/N7/3A/InfraBigData/hadoop-2.7.1/share/hadoop/yarn/lib/zookeeper-3.4.6.jar:/home/ejeandon/N7/3A/InfraBigData/hadoop-2.7.1/share/hadoop/yarn/lib/protobuf-java-2.5.0.jar:/home/ejeandon/N7/3A/InfraBigData/hadoop-2.7.1/share/hadoop/yarn/lib/jaxb-api-2.2.2.jar:/home/ejeandon/N7/3A/InfraBigData/hadoop-2.7.1/share/hadoop/yarn/lib/asm-3.2.jar:/home/ejeandon/N7/3A/InfraBigData/hadoop-2.7.1/share/hadoop/yarn/lib/jsr305-3.0.0.jar:/home/ejeandon/N7/3A/InfraBigData/hadoop-2.7.1/share/hadoop/yarn/lib/commons-collections-3.2.1.jar:/home/ejeandon/N7/3A/InfraBigData/hadoop-2.7.1/share/hadoop/yarn/lib/netty-3.6.2.Final.jar:/home/ejeandon/N7/3A/InfraBigData/hadoop-2.7.1/share/hadoop/yarn/lib/jackson-xc-1.9.13.jar:/home/ejeandon/N7/3A/InfraBigData/hadoop-2.7.1/share/hadoop/yarn/lib/zookeeper-3.4.6-tests.jar:/home/ejeandon/N7/3A/InfraBigData/hadoop-2.7.1/share/hadoop/yarn/lib/javax.inject-1.jar:/home/ejeandon/N7/3A/InfraBigData/hadoop-2.7.1/share/hadoop/yarn/lib/jersey-guice-1.9.jar:/home/ejeandon/N7/3A/InfraBigData/hadoop-2.7.1/share/hadoop/yarn/lib/jetty-util-6.1.26.jar:/home/ejeandon/N7/3A/InfraBigData/hadoop-2.7.1/share/hadoop/yarn/lib/guava-11.0.2.jar:/home/ejeandon/N7/3A/InfraBigData/hadoop-2.7.1/share/hadoop/yarn/lib/activation-1.1.jar:/home/ejeandon/N7/3A/InfraBigData/hadoop-2.7.1/share/hadoop/yarn/lib/aopalliance-1.0.jar:/home/ejeandon/N7/3A/InfraBigData/hadoop-2.7.1/share/hadoop/yarn/lib/xz-1.0.jar:/home/ejeandon/N7/3A/InfraBigData/hadoop-2.7.1/share/hadoop/yarn/lib/commons-compress-1.4.1.jar:/home/ejeandon/N7/3A/InfraBigData/hadoop-2.7.1/share/hadoop/yarn/lib/jackson-mapper-asl-1.9.13.jar:/home/ejeandon/N7/3A/InfraBigData/hadoop-2.7.1/share/hadoop/yarn/lib/log4j-1.2.17.jar:/home/ejeandon/N7/3A/InfraBigData/hadoop-2.7.1/share/hadoop/yarn/lib/commons-lang-2.6.jar:/home/ejeandon/N7/3A/InfraBigData/hadoop-2.7.1/share/hadoop/yarn/lib/jetty-6.1.26.jar:/home/ejeandon/N7/3A/InfraBigData/hadoop-2.7.1/share/hadoop/yarn/lib/commons-logging-1.1.3.jar:/home/ejeandon/N7/3A/InfraBigData/hadoop-2.7.1/share/hadoop/yarn/lib/jackson-jaxrs-1.9.13.jar:/home/ejeandon/N7/3A/InfraBigData/hadoop-2.7.1/share/hadoop/yarn/lib/jersey-client-1.9.jar:/home/ejeandon/N7/3A/InfraBigData/hadoop-2.7.1/share/hadoop/yarn/lib/stax-api-1.0-2.jar:/home/ejeandon/N7/3A/InfraBigData/hadoop-2.7.1/share/hadoop/yarn/lib/servlet-api-2.5.jar:/home/ejeandon/N7/3A/InfraBigData/hadoop-2.7.1/share/hadoop/yarn/lib/jersey-core-1.9.jar:/home/ejeandon/N7/3A/InfraBigData/hadoop-2.7.1/share/hadoop/yarn/lib/guice-servlet-3.0.jar:/home/ejeandon/N7/3A/InfraBigData/hadoop-2.7.1/share/hadoop/yarn/lib/leveldbjni-all-1.8.jar:/home/ejeandon/N7/3A/InfraBigData/hadoop-2.7.1/share/hadoop/yarn/lib/guice-3.0.jar:/home/ejeandon/N7/3A/InfraBigData/hadoop-2.7.1/share/hadoop/yarn/lib/jersey-server-1.9.jar:/home/ejeandon/N7/3A/InfraBigData/hadoop-2.7.1/share/hadoop/yarn/hadoop-yarn-server-common-2.7.1.jar:/home/ejeandon/N7/3A/InfraBigData/hadoop-2.7.1/share/hadoop/yarn/hadoop-yarn-registry-2.7.1.jar:/home/ejeandon/N7/3A/InfraBigData/hadoop-2.7.1/share/hadoop/yarn/hadoop-yarn-applications-distributedshell-2.7.1.jar:/home/ejeandon/N7/3A/InfraBigData/hadoop-2.7.1/share/hadoop/yarn/hadoop-yarn-client-2.7.1.jar:/home/ejeandon/N7/3A/InfraBigData/hadoop-2.7.1/share/hadoop/yarn/hadoop-yarn-server-sharedcachemanager-2.7.1.jar:/home/ejeandon/N7/3A/InfraBigData/hadoop-2.7.1/share/hadoop/yarn/hadoop-yarn-applications-unmanaged-am-launcher-2.7.1.jar:/home/ejeandon/N7/3A/InfraBigData/hadoop-2.7.1/share/hadoop/yarn/hadoop-yarn-server-applicationhistoryservice-2.7.1.jar:/home/ejeandon/N7/3A/InfraBigData/hadoop-2.7.1/share/hadoop/yarn/hadoop-yarn-server-resourcemanager-2.7.1.jar:/home/ejeandon/N7/3A/InfraBigData/hadoop-2.7.1/share/hadoop/yarn/hadoop-yarn-common-2.7.1.jar:/home/ejeandon/N7/3A/InfraBigData/hadoop-2.7.1/share/hadoop/yarn/hadoop-yarn-server-nodemanager-2.7.1.jar:/home/ejeandon/N7/3A/InfraBigData/hadoop-2.7.1/share/hadoop/yarn/hadoop-yarn-api-2.7.1.jar:/home/ejeandon/N7/3A/InfraBigData/hadoop-2.7.1/share/hadoop/yarn/hadoop-yarn-server-web-proxy-2.7.1.jar:/home/ejeandon/N7/3A/InfraBigData/hadoop-2.7.1/share/hadoop/yarn/hadoop-yarn-server-tests-2.7.1.jar:/home/ejeandon/N7/3A/InfraBigData/hadoop-2.7.1/share/hadoop/mapreduce/lib/jackson-core-asl-1.9.13.jar:/home/ejeandon/N7/3A/InfraBigData/hadoop-2.7.1/share/hadoop/mapreduce/lib/hadoop-annotations-2.7.1.jar:/home/ejeandon/N7/3A/InfraBigData/hadoop-2.7.1/share/hadoop/mapreduce/lib/commons-io-2.4.jar:/home/ejeandon/N7/3A/InfraBigData/hadoop-2.7.1/share/hadoop/mapreduce/lib/protobuf-java-2.5.0.jar:/home/ejeandon/N7/3A/InfraBigData/hadoop-2.7.1/share/hadoop/mapreduce/lib/asm-3.2.jar:/home/ejeandon/N7/3A/InfraBigData/hadoop-2.7.1/share/hadoop/mapreduce/lib/netty-3.6.2.Final.jar:/home/ejeandon/N7/3A/InfraBigData/hadoop-2.7.1/share/hadoop/mapreduce/lib/snappy-java-1.0.4.1.jar:/home/ejeandon/N7/3A/InfraBigData/hadoop-2.7.1/share/hadoop/mapreduce/lib/javax.inject-1.jar:/home/ejeandon/N7/3A/InfraBigData/hadoop-2.7.1/share/hadoop/mapreduce/lib/jersey-guice-1.9.jar:/home/ejeandon/N7/3A/InfraBigData/hadoop-2.7.1/share/hadoop/mapreduce/lib/aopalliance-1.0.jar:/home/ejeandon/N7/3A/InfraBigData/hadoop-2.7.1/share/hadoop/mapreduce/lib/hamcrest-core-1.3.jar:/home/ejeandon/N7/3A/InfraBigData/hadoop-2.7.1/share/hadoop/mapreduce/lib/xz-1.0.jar:/home/ejeandon/N7/3A/InfraBigData/hadoop-2.7.1/share/hadoop/mapreduce/lib/commons-compress-1.4.1.jar:/home/ejeandon/N7/3A/InfraBigData/hadoop-2.7.1/share/hadoop/mapreduce/lib/jackson-mapper-asl-1.9.13.jar:/home/ejeandon/N7/3A/InfraBigData/hadoop-2.7.1/share/hadoop/mapreduce/lib/paranamer-2.3.jar:/home/ejeandon/N7/3A/InfraBigData/hadoop-2.7.1/share/hadoop/mapreduce/lib/junit-4.11.jar:/home/ejeandon/N7/3A/InfraBigData/hadoop-2.7.1/share/hadoop/mapreduce/lib/log4j-1.2.17.jar:/home/ejeandon/N7/3A/InfraBigData/hadoop-2.7.1/share/hadoop/mapreduce/lib/jersey-core-1.9.jar:/home/ejeandon/N7/3A/InfraBigData/hadoop-2.7.1/share/hadoop/mapreduce/lib/avro-1.7.4.jar:/home/ejeandon/N7/3A/InfraBigData/hadoop-2.7.1/share/hadoop/mapreduce/lib/guice-servlet-3.0.jar:/home/ejeandon/N7/3A/InfraBigData/hadoop-2.7.1/share/hadoop/mapreduce/lib/leveldbjni-all-1.8.jar:/home/ejeandon/N7/3A/InfraBigData/hadoop-2.7.1/share/hadoop/mapreduce/lib/guice-3.0.jar:/home/ejeandon/N7/3A/InfraBigData/hadoop-2.7.1/share/hadoop/mapreduce/lib/jersey-server-1.9.jar:/home/ejeandon/N7/3A/InfraBigData/hadoop-2.7.1/share/hadoop/mapreduce/hadoop-mapreduce-client-jobclient-2.7.1-tests.jar:/home/ejeandon/N7/3A/InfraBigData/hadoop-2.7.1/share/hadoop/mapreduce/hadoop-mapreduce-examples-2.7.1.jar:/home/ejeandon/N7/3A/InfraBigData/hadoop-2.7.1/share/hadoop/mapreduce/hadoop-mapreduce-client-core-2.7.1.jar:/home/ejeandon/N7/3A/InfraBigData/hadoop-2.7.1/share/hadoop/mapreduce/hadoop-mapreduce-client-app-2.7.1.jar:/home/ejeandon/N7/3A/InfraBigData/hadoop-2.7.1/share/hadoop/mapreduce/hadoop-mapreduce-client-jobclient-2.7.1.jar:/home/ejeandon/N7/3A/InfraBigData/hadoop-2.7.1/share/hadoop/mapreduce/hadoop-mapreduce-client-shuffle-2.7.1.jar:/home/ejeandon/N7/3A/InfraBigData/hadoop-2.7.1/share/hadoop/mapreduce/hadoop-mapreduce-client-hs-plugins-2.7.1.jar:/home/ejeandon/N7/3A/InfraBigData/hadoop-2.7.1/share/hadoop/mapreduce/hadoop-mapreduce-client-hs-2.7.1.jar:/home/ejeandon/N7/3A/InfraBigData/hadoop-2.7.1/share/hadoop/mapreduce/hadoop-mapreduce-client-common-2.7.1.jar:/home/ejeandon/N7/3A/InfraBigData/hadoop-2.7.1/contrib/capacity-scheduler/*.jar:/home/ejeandon/N7/3A/InfraBigData/hadoop-2.7.1/contrib/capacity-scheduler/*.jar:/home/ejeandon/N7/3A/InfraBigData/hadoop-2.7.1/contrib/capacity-scheduler/*.jar
STARTUP_MSG:   build = https://git-wip-us.apache.org/repos/asf/hadoop.git -r 15ecc87ccf4a0228f35af08fc56de536e6ce657a; compiled by 'jenkins' on 2015-06-29T06:04Z
STARTUP_MSG:   java = 1.8.0_202
************************************************************/
2024-10-16 17:15:48,830 INFO org.apache.hadoop.hdfs.server.namenode.NameNode: registered UNIX signal handlers for [TERM, HUP, INT]
2024-10-16 17:15:48,833 INFO org.apache.hadoop.hdfs.server.namenode.NameNode: createNameNode []
2024-10-16 17:15:49,006 INFO org.apache.hadoop.metrics2.impl.MetricsConfig: loaded properties from hadoop-metrics2.properties
2024-10-16 17:15:49,059 INFO org.apache.hadoop.metrics2.impl.MetricsSystemImpl: Scheduled snapshot period at 10 second(s).
2024-10-16 17:15:49,060 INFO org.apache.hadoop.metrics2.impl.MetricsSystemImpl: NameNode metrics system started
2024-10-16 17:15:49,061 INFO org.apache.hadoop.hdfs.server.namenode.NameNode: fs.defaultFS is hdfs://localhost:9000
2024-10-16 17:15:49,062 INFO org.apache.hadoop.hdfs.server.namenode.NameNode: Clients are to use localhost:9000 to access this namenode/service.
2024-10-16 17:15:49,165 INFO org.apache.hadoop.hdfs.DFSUtil: Starting Web-server for hdfs at: http://0.0.0.0:50070
2024-10-16 17:15:49,210 INFO org.mortbay.log: Logging to org.slf4j.impl.Log4jLoggerAdapter(org.mortbay.log) via org.mortbay.log.Slf4jLog
2024-10-16 17:15:49,217 INFO org.apache.hadoop.security.authentication.server.AuthenticationFilter: Unable to initialize FileSignerSecretProvider, falling back to use random secrets.
2024-10-16 17:15:49,221 INFO org.apache.hadoop.http.HttpRequestLog: Http request log for http.requests.namenode is not defined
2024-10-16 17:15:49,224 INFO org.apache.hadoop.http.HttpServer2: Added global filter 'safety' (class=org.apache.hadoop.http.HttpServer2$QuotingInputFilter)
2024-10-16 17:15:49,226 INFO org.apache.hadoop.http.HttpServer2: Added filter static_user_filter (class=org.apache.hadoop.http.lib.StaticUserWebFilter$StaticUserFilter) to context hdfs
2024-10-16 17:15:49,226 INFO org.apache.hadoop.http.HttpServer2: Added filter static_user_filter (class=org.apache.hadoop.http.lib.StaticUserWebFilter$StaticUserFilter) to context logs
2024-10-16 17:15:49,226 INFO org.apache.hadoop.http.HttpServer2: Added filter static_user_filter (class=org.apache.hadoop.http.lib.StaticUserWebFilter$StaticUserFilter) to context static
2024-10-16 17:15:49,239 INFO org.apache.hadoop.http.HttpServer2: Added filter 'org.apache.hadoop.hdfs.web.AuthFilter' (class=org.apache.hadoop.hdfs.web.AuthFilter)
2024-10-16 17:15:49,240 INFO org.apache.hadoop.http.HttpServer2: addJerseyResourcePackage: packageName=org.apache.hadoop.hdfs.server.namenode.web.resources;org.apache.hadoop.hdfs.web.resources, pathSpec=/webhdfs/v1/*
2024-10-16 17:15:49,248 INFO org.apache.hadoop.http.HttpServer2: Jetty bound to port 50070
2024-10-16 17:15:49,249 INFO org.mortbay.log: jetty-6.1.26
2024-10-16 17:15:49,328 INFO org.mortbay.log: Started HttpServer2$SelectChannelConnectorWithSafeStartup@0.0.0.0:50070
2024-10-16 17:15:49,344 WARN org.apache.hadoop.hdfs.server.namenode.FSNamesystem: Only one image storage directory (dfs.namenode.name.dir) configured. Beware of data loss due to lack of redundant storage directories!
2024-10-16 17:15:49,344 WARN org.apache.hadoop.hdfs.server.namenode.FSNamesystem: Only one namespace edits storage directory (dfs.namenode.edits.dir) configured. Beware of data loss due to lack of redundant storage directories!
2024-10-16 17:15:49,363 INFO org.apache.hadoop.hdfs.server.namenode.FSNamesystem: No KeyProvider found.
2024-10-16 17:15:49,363 INFO org.apache.hadoop.hdfs.server.namenode.FSNamesystem: fsLock is fair:true
2024-10-16 17:15:49,386 INFO org.apache.hadoop.hdfs.server.blockmanagement.DatanodeManager: dfs.block.invalidate.limit=1000
2024-10-16 17:15:49,386 INFO org.apache.hadoop.hdfs.server.blockmanagement.DatanodeManager: dfs.namenode.datanode.registration.ip-hostname-check=true
2024-10-16 17:15:49,387 INFO org.apache.hadoop.hdfs.server.blockmanagement.BlockManager: dfs.namenode.startup.delay.block.deletion.sec is set to 000:00:00:00.000
2024-10-16 17:15:49,388 INFO org.apache.hadoop.hdfs.server.blockmanagement.BlockManager: The block deletion will start around 2024 oct. 16 17:15:49
2024-10-16 17:15:49,389 INFO org.apache.hadoop.util.GSet: Computing capacity for map BlocksMap
2024-10-16 17:15:49,389 INFO org.apache.hadoop.util.GSet: VM type       = 64-bit
2024-10-16 17:15:49,390 INFO org.apache.hadoop.util.GSet: 2.0% max memory 889 MB = 17.8 MB
2024-10-16 17:15:49,390 INFO org.apache.hadoop.util.GSet: capacity      = 2^21 = 2097152 entries
2024-10-16 17:15:49,394 INFO org.apache.hadoop.hdfs.server.blockmanagement.BlockManager: dfs.block.access.token.enable=false
2024-10-16 17:15:49,394 INFO org.apache.hadoop.hdfs.server.blockmanagement.BlockManager: defaultReplication         = 1
2024-10-16 17:15:49,394 INFO org.apache.hadoop.hdfs.server.blockmanagement.BlockManager: maxReplication             = 512
2024-10-16 17:15:49,394 INFO org.apache.hadoop.hdfs.server.blockmanagement.BlockManager: minReplication             = 1
2024-10-16 17:15:49,394 INFO org.apache.hadoop.hdfs.server.blockmanagement.BlockManager: maxReplicationStreams      = 2
2024-10-16 17:15:49,394 INFO org.apache.hadoop.hdfs.server.blockmanagement.BlockManager: shouldCheckForEnoughRacks  = false
2024-10-16 17:15:49,394 INFO org.apache.hadoop.hdfs.server.blockmanagement.BlockManager: replicationRecheckInterval = 3000
2024-10-16 17:15:49,394 INFO org.apache.hadoop.hdfs.server.blockmanagement.BlockManager: encryptDataTransfer        = false
2024-10-16 17:15:49,394 INFO org.apache.hadoop.hdfs.server.blockmanagement.BlockManager: maxNumBlocksToLog          = 1000
2024-10-16 17:15:49,398 INFO org.apache.hadoop.hdfs.server.namenode.FSNamesystem: fsOwner             = ejeandon (auth:SIMPLE)
2024-10-16 17:15:49,398 INFO org.apache.hadoop.hdfs.server.namenode.FSNamesystem: supergroup          = supergroup
2024-10-16 17:15:49,398 INFO org.apache.hadoop.hdfs.server.namenode.FSNamesystem: isPermissionEnabled = true
2024-10-16 17:15:49,399 INFO org.apache.hadoop.hdfs.server.namenode.FSNamesystem: HA Enabled: false
2024-10-16 17:15:49,399 INFO org.apache.hadoop.hdfs.server.namenode.FSNamesystem: Append Enabled: true
2024-10-16 17:15:49,533 INFO org.apache.hadoop.util.GSet: Computing capacity for map INodeMap
2024-10-16 17:15:49,533 INFO org.apache.hadoop.util.GSet: VM type       = 64-bit
2024-10-16 17:15:49,533 INFO org.apache.hadoop.util.GSet: 1.0% max memory 889 MB = 8.9 MB
2024-10-16 17:15:49,533 INFO org.apache.hadoop.util.GSet: capacity      = 2^20 = 1048576 entries
2024-10-16 17:15:49,533 INFO org.apache.hadoop.hdfs.server.namenode.FSDirectory: ACLs enabled? false
2024-10-16 17:15:49,533 INFO org.apache.hadoop.hdfs.server.namenode.FSDirectory: XAttrs enabled? true
2024-10-16 17:15:49,533 INFO org.apache.hadoop.hdfs.server.namenode.FSDirectory: Maximum size of an xattr: 16384
2024-10-16 17:15:49,534 INFO org.apache.hadoop.hdfs.server.namenode.NameNode: Caching file names occuring more than 10 times
2024-10-16 17:15:49,538 INFO org.apache.hadoop.util.GSet: Computing capacity for map cachedBlocks
2024-10-16 17:15:49,538 INFO org.apache.hadoop.util.GSet: VM type       = 64-bit
2024-10-16 17:15:49,538 INFO org.apache.hadoop.util.GSet: 0.25% max memory 889 MB = 2.2 MB
2024-10-16 17:15:49,538 INFO org.apache.hadoop.util.GSet: capacity      = 2^18 = 262144 entries
2024-10-16 17:15:49,539 INFO org.apache.hadoop.hdfs.server.namenode.FSNamesystem: dfs.namenode.safemode.threshold-pct = 0.9990000128746033
2024-10-16 17:15:49,539 INFO org.apache.hadoop.hdfs.server.namenode.FSNamesystem: dfs.namenode.safemode.min.datanodes = 0
2024-10-16 17:15:49,539 INFO org.apache.hadoop.hdfs.server.namenode.FSNamesystem: dfs.namenode.safemode.extension     = 30000
2024-10-16 17:15:49,540 INFO org.apache.hadoop.hdfs.server.namenode.top.metrics.TopMetrics: NNTop conf: dfs.namenode.top.window.num.buckets = 10
2024-10-16 17:15:49,540 INFO org.apache.hadoop.hdfs.server.namenode.top.metrics.TopMetrics: NNTop conf: dfs.namenode.top.num.users = 10
2024-10-16 17:15:49,540 INFO org.apache.hadoop.hdfs.server.namenode.top.metrics.TopMetrics: NNTop conf: dfs.namenode.top.windows.minutes = 1,5,25
2024-10-16 17:15:49,541 INFO org.apache.hadoop.hdfs.server.namenode.FSNamesystem: Retry cache on namenode is enabled
2024-10-16 17:15:49,541 INFO org.apache.hadoop.hdfs.server.namenode.FSNamesystem: Retry cache will use 0.03 of total heap and retry cache entry expiry time is 600000 millis
2024-10-16 17:15:49,542 INFO org.apache.hadoop.util.GSet: Computing capacity for map NameNodeRetryCache
2024-10-16 17:15:49,542 INFO org.apache.hadoop.util.GSet: VM type       = 64-bit
2024-10-16 17:15:49,542 INFO org.apache.hadoop.util.GSet: 0.029999999329447746% max memory 889 MB = 273.1 KB
2024-10-16 17:15:49,542 INFO org.apache.hadoop.util.GSet: capacity      = 2^15 = 32768 entries
2024-10-16 17:15:49,551 INFO org.apache.hadoop.hdfs.server.common.Storage: Lock on /tmp/hadoop-ejeandon/dfs/name/in_use.lock acquired by nodename 140400@gorgone.enseeiht.fr
2024-10-16 17:15:49,577 INFO org.apache.hadoop.hdfs.server.namenode.FileJournalManager: Recovering unfinalized segments in /tmp/hadoop-ejeandon/dfs/name/current
2024-10-16 17:15:49,578 INFO org.apache.hadoop.hdfs.server.namenode.FSImage: No edit log streams selected.
2024-10-16 17:15:49,598 INFO org.apache.hadoop.hdfs.server.namenode.FSImageFormatPBINode: Loading 1 INodes.
2024-10-16 17:15:49,613 INFO org.apache.hadoop.hdfs.server.namenode.FSImageFormatProtobuf: Loaded FSImage in 0 seconds.
2024-10-16 17:15:49,614 INFO org.apache.hadoop.hdfs.server.namenode.FSImage: Loaded image for txid 0 from /tmp/hadoop-ejeandon/dfs/name/current/fsimage_0000000000000000000
2024-10-16 17:15:49,618 INFO org.apache.hadoop.hdfs.server.namenode.FSNamesystem: Need to save fs image? false (staleImage=false, haEnabled=false, isRollingUpgrade=false)
2024-10-16 17:15:49,618 INFO org.apache.hadoop.hdfs.server.namenode.FSEditLog: Starting log segment at 1
2024-10-16 17:15:49,691 INFO org.apache.hadoop.hdfs.server.namenode.NameCache: initialized with 0 entries 0 lookups
2024-10-16 17:15:49,691 INFO org.apache.hadoop.hdfs.server.namenode.FSNamesystem: Finished loading FSImage in 148 msecs
2024-10-16 17:15:50,436 INFO org.apache.hadoop.hdfs.server.namenode.NameNode: RPC server is binding to localhost:9000
2024-10-16 17:15:50,439 INFO org.apache.hadoop.ipc.CallQueueManager: Using callQueue class java.util.concurrent.LinkedBlockingQueue
2024-10-16 17:15:50,445 INFO org.apache.hadoop.ipc.Server: Starting Socket Reader #1 for port 9000
2024-10-16 17:15:50,459 INFO org.apache.hadoop.hdfs.server.namenode.FSNamesystem: Registered FSNamesystemState MBean
2024-10-16 17:15:50,465 INFO org.apache.hadoop.hdfs.server.namenode.LeaseManager: Number of blocks under construction: 0
2024-10-16 17:15:50,466 INFO org.apache.hadoop.hdfs.server.namenode.LeaseManager: Number of blocks under construction: 0
2024-10-16 17:15:50,466 INFO org.apache.hadoop.hdfs.server.namenode.FSNamesystem: initializing replication queues
2024-10-16 17:15:50,466 INFO org.apache.hadoop.hdfs.StateChange: STATE* Leaving safe mode after 1 secs
2024-10-16 17:15:50,466 INFO org.apache.hadoop.hdfs.StateChange: STATE* Network topology has 0 racks and 0 datanodes
2024-10-16 17:15:50,466 INFO org.apache.hadoop.hdfs.StateChange: STATE* UnderReplicatedBlocks has 0 blocks
2024-10-16 17:15:50,470 INFO org.apache.hadoop.hdfs.server.blockmanagement.DatanodeDescriptor: Number of failed storage changes from 0 to 0
2024-10-16 17:15:50,472 INFO org.apache.hadoop.hdfs.server.blockmanagement.BlockManager: Total number of blocks            = 0
2024-10-16 17:15:50,472 INFO org.apache.hadoop.hdfs.server.blockmanagement.BlockManager: Number of invalid blocks          = 0
2024-10-16 17:15:50,472 INFO org.apache.hadoop.hdfs.server.blockmanagement.BlockManager: Number of under-replicated blocks = 0
2024-10-16 17:15:50,472 INFO org.apache.hadoop.hdfs.server.blockmanagement.BlockManager: Number of  over-replicated blocks = 0
2024-10-16 17:15:50,473 INFO org.apache.hadoop.hdfs.server.blockmanagement.BlockManager: Number of blocks being written    = 0
2024-10-16 17:15:50,473 INFO org.apache.hadoop.hdfs.StateChange: STATE* Replication Queue initialization scan for invalid, over- and under-replicated blocks completed in 7 msec
2024-10-16 17:15:50,485 INFO org.apache.hadoop.ipc.Server: IPC Server Responder: starting
2024-10-16 17:15:50,486 INFO org.apache.hadoop.ipc.Server: IPC Server listener on 9000: starting
2024-10-16 17:15:50,487 INFO org.apache.hadoop.hdfs.server.namenode.NameNode: NameNode RPC up at: localhost/127.0.0.1:9000
2024-10-16 17:15:50,487 INFO org.apache.hadoop.hdfs.server.namenode.FSNamesystem: Starting services required for active state
2024-10-16 17:15:50,489 INFO org.apache.hadoop.hdfs.server.blockmanagement.CacheReplicationMonitor: Starting CacheReplicationMonitor with interval 30000 milliseconds
2024-10-16 17:16:03,460 INFO org.apache.hadoop.hdfs.StateChange: BLOCK* registerDatanode: from DatanodeRegistration(127.0.0.1:50010, datanodeUuid=e2e14e2f-9924-4b40-94d7-317a1dc688d0, infoPort=50075, infoSecurePort=0, ipcPort=50020, storageInfo=lv=-56;cid=CID-b3675106-8abc-4fde-9b44-da449b20b94c;nsid=1268332897;c=0) storage e2e14e2f-9924-4b40-94d7-317a1dc688d0
2024-10-16 17:16:03,460 INFO org.apache.hadoop.hdfs.server.blockmanagement.DatanodeDescriptor: Number of failed storage changes from 0 to 0
2024-10-16 17:16:03,461 INFO org.apache.hadoop.net.NetworkTopology: Adding a new node: /default-rack/127.0.0.1:50010
2024-10-16 17:16:03,509 INFO org.apache.hadoop.hdfs.server.blockmanagement.DatanodeDescriptor: Number of failed storage changes from 0 to 0
2024-10-16 17:16:03,509 INFO org.apache.hadoop.hdfs.server.blockmanagement.DatanodeDescriptor: Adding new storage ID DS-0a4cc6e8-bd78-40e0-aad0-d0547b09b092 for DN 127.0.0.1:50010
2024-10-16 17:16:03,533 INFO BlockStateChange: BLOCK* processReport: from storage DS-0a4cc6e8-bd78-40e0-aad0-d0547b09b092 node DatanodeRegistration(127.0.0.1:50010, datanodeUuid=e2e14e2f-9924-4b40-94d7-317a1dc688d0, infoPort=50075, infoSecurePort=0, ipcPort=50020, storageInfo=lv=-56;cid=CID-b3675106-8abc-4fde-9b44-da449b20b94c;nsid=1268332897;c=0), blocks: 0, hasStaleStorage: false, processing time: 0 msecs
2024-10-16 17:17:50,733 INFO org.apache.hadoop.hdfs.server.namenode.FSNamesystem: Roll Edit Log from 127.0.0.1
2024-10-16 17:17:50,733 INFO org.apache.hadoop.hdfs.server.namenode.FSEditLog: Rolling edit logs
2024-10-16 17:17:50,733 INFO org.apache.hadoop.hdfs.server.namenode.FSEditLog: Ending log segment 1
2024-10-16 17:17:50,733 INFO org.apache.hadoop.hdfs.server.namenode.FSEditLog: Number of transactions: 2 Total time for transactions(ms): 1 Number of transactions batched in Syncs: 0 Number of syncs: 2 SyncTimes(ms): 6 
2024-10-16 17:17:50,734 INFO org.apache.hadoop.hdfs.server.namenode.FSEditLog: Number of transactions: 2 Total time for transactions(ms): 1 Number of transactions batched in Syncs: 0 Number of syncs: 3 SyncTimes(ms): 6 
2024-10-16 17:17:50,735 INFO org.apache.hadoop.hdfs.server.namenode.FileJournalManager: Finalizing edits file /tmp/hadoop-ejeandon/dfs/name/current/edits_inprogress_0000000000000000001 -> /tmp/hadoop-ejeandon/dfs/name/current/edits_0000000000000000001-0000000000000000002
2024-10-16 17:17:50,736 INFO org.apache.hadoop.hdfs.server.namenode.FSEditLog: Starting log segment at 3
2024-10-16 17:17:51,291 INFO org.apache.hadoop.hdfs.server.namenode.TransferFsImage: Transfer took 0,00s at 0,00 KB/s
2024-10-16 17:17:51,291 INFO org.apache.hadoop.hdfs.server.namenode.TransferFsImage: Downloaded file fsimage.ckpt_0000000000000000002 size 355 bytes.
2024-10-16 17:17:51,294 INFO org.apache.hadoop.hdfs.server.namenode.NNStorageRetentionManager: Going to retain 2 images with txid >= 0
2024-10-16 17:22:12,589 INFO org.apache.hadoop.hdfs.server.namenode.FSEditLog: Number of transactions: 2 Total time for transactions(ms): 8 Number of transactions batched in Syncs: 0 Number of syncs: 2 SyncTimes(ms): 6 
2024-10-16 17:23:40,057 INFO org.apache.hadoop.hdfs.server.namenode.FSEditLog: Number of transactions: 3 Total time for transactions(ms): 9 Number of transactions batched in Syncs: 0 Number of syncs: 3 SyncTimes(ms): 12 
2024-10-16 17:23:40,087 INFO org.apache.hadoop.hdfs.StateChange: BLOCK* allocate blk_1073741825_1001{UCState=UNDER_CONSTRUCTION, truncateBlock=null, primaryNodeIndex=-1, replicas=[ReplicaUC[[DISK]DS-0a4cc6e8-bd78-40e0-aad0-d0547b09b092:NORMAL:127.0.0.1:50010|RBW]]} for /input/texte.txt._COPYING_
2024-10-16 17:23:40,237 INFO org.apache.hadoop.hdfs.server.namenode.FSNamesystem: BLOCK* blk_1073741825_1001{UCState=COMMITTED, truncateBlock=null, primaryNodeIndex=-1, replicas=[ReplicaUC[[DISK]DS-0a4cc6e8-bd78-40e0-aad0-d0547b09b092:NORMAL:127.0.0.1:50010|RBW]]} is not COMPLETE (ucState = COMMITTED, replication# = 0 <  minimum = 1) in file /input/texte.txt._COPYING_
2024-10-16 17:23:40,237 INFO org.apache.hadoop.hdfs.server.namenode.EditLogFileOutputStream: Nothing to flush
2024-10-16 17:23:40,241 INFO BlockStateChange: BLOCK* addStoredBlock: blockMap updated: 127.0.0.1:50010 is added to blk_1073741825_1001{UCState=COMMITTED, truncateBlock=null, primaryNodeIndex=-1, replicas=[ReplicaUC[[DISK]DS-0a4cc6e8-bd78-40e0-aad0-d0547b09b092:NORMAL:127.0.0.1:50010|RBW]]} size 42
2024-10-16 17:23:40,642 INFO org.apache.hadoop.hdfs.StateChange: DIR* completeFile: /input/texte.txt._COPYING_ is closed by DFSClient_NONMAPREDUCE_-617985421_1
2024-10-16 17:24:37,990 INFO org.apache.hadoop.hdfs.StateChange: BLOCK* allocate blk_1073741826_1002{UCState=UNDER_CONSTRUCTION, truncateBlock=null, primaryNodeIndex=-1, replicas=[ReplicaUC[[DISK]DS-0a4cc6e8-bd78-40e0-aad0-d0547b09b092:NORMAL:127.0.0.1:50010|RBW]]} for /output/_temporary/0/_temporary/attempt_local1959615420_0001_r_000000_0/part-r-00000
2024-10-16 17:24:38,036 INFO BlockStateChange: BLOCK* addStoredBlock: blockMap updated: 127.0.0.1:50010 is added to blk_1073741826_1002{UCState=UNDER_CONSTRUCTION, truncateBlock=null, primaryNodeIndex=-1, replicas=[ReplicaUC[[DISK]DS-0a4cc6e8-bd78-40e0-aad0-d0547b09b092:NORMAL:127.0.0.1:50010|RBW]]} size 0
2024-10-16 17:24:38,039 INFO org.apache.hadoop.hdfs.StateChange: DIR* completeFile: /output/_temporary/0/_temporary/attempt_local1959615420_0001_r_000000_0/part-r-00000 is closed by DFSClient_NONMAPREDUCE_1800703710_1
2024-10-16 17:24:38,071 INFO org.apache.hadoop.hdfs.StateChange: DIR* completeFile: /output/_SUCCESS is closed by DFSClient_NONMAPREDUCE_1800703710_1
2024-10-16 17:25:42,426 INFO org.apache.hadoop.hdfs.server.namenode.FSEditLog: Number of transactions: 24 Total time for transactions(ms): 11 Number of transactions batched in Syncs: 0 Number of syncs: 17 SyncTimes(ms): 30 
2024-10-16 17:26:00,139 INFO BlockStateChange: BLOCK* addToInvalidates: blk_1073741826_1002 127.0.0.1:50010 
2024-10-16 17:26:02,537 INFO BlockStateChange: BLOCK* BlockManager: ask 127.0.0.1:50010 to delete [blk_1073741826_1002]
2024-10-16 17:26:28,374 INFO org.apache.hadoop.hdfs.StateChange: BLOCK* allocate blk_1073741827_1003{UCState=UNDER_CONSTRUCTION, truncateBlock=null, primaryNodeIndex=-1, replicas=[ReplicaUC[[DISK]DS-0a4cc6e8-bd78-40e0-aad0-d0547b09b092:NORMAL:127.0.0.1:50010|RBW]]} for /output/output.txt/_temporary/0/_temporary/attempt_local1914229611_0001_r_000000_0/part-r-00000
2024-10-16 17:26:28,420 INFO BlockStateChange: BLOCK* addStoredBlock: blockMap updated: 127.0.0.1:50010 is added to blk_1073741827_1003{UCState=UNDER_CONSTRUCTION, truncateBlock=null, primaryNodeIndex=-1, replicas=[ReplicaUC[[DISK]DS-0a4cc6e8-bd78-40e0-aad0-d0547b09b092:NORMAL:127.0.0.1:50010|RBW]]} size 0
2024-10-16 17:26:28,424 INFO org.apache.hadoop.hdfs.StateChange: DIR* completeFile: /output/output.txt/_temporary/0/_temporary/attempt_local1914229611_0001_r_000000_0/part-r-00000 is closed by DFSClient_NONMAPREDUCE_908361706_1
2024-10-16 17:26:28,450 INFO org.apache.hadoop.hdfs.StateChange: DIR* completeFile: /output/output.txt/_SUCCESS is closed by DFSClient_NONMAPREDUCE_908361706_1
2024-10-16 17:27:16,258 INFO org.apache.hadoop.hdfs.server.namenode.FSEditLog: Number of transactions: 41 Total time for transactions(ms): 11 Number of transactions batched in Syncs: 0 Number of syncs: 28 SyncTimes(ms): 51 
2024-10-16 17:27:16,268 INFO BlockStateChange: BLOCK* addToInvalidates: blk_1073741827_1003 127.0.0.1:50010 
2024-10-16 17:27:17,545 INFO BlockStateChange: BLOCK* BlockManager: ask 127.0.0.1:50010 to delete [blk_1073741827_1003]
2024-10-16 17:28:06,165 INFO org.apache.hadoop.hdfs.StateChange: BLOCK* allocate blk_1073741828_1004{UCState=UNDER_CONSTRUCTION, truncateBlock=null, primaryNodeIndex=-1, replicas=[ReplicaUC[[DISK]DS-0a4cc6e8-bd78-40e0-aad0-d0547b09b092:NORMAL:127.0.0.1:50010|RBW]]} for /output/_temporary/0/_temporary/attempt_local160865214_0001_r_000000_0/part-r-00000
2024-10-16 17:28:06,211 INFO BlockStateChange: BLOCK* addStoredBlock: blockMap updated: 127.0.0.1:50010 is added to blk_1073741828_1004{UCState=UNDER_CONSTRUCTION, truncateBlock=null, primaryNodeIndex=-1, replicas=[ReplicaUC[[DISK]DS-0a4cc6e8-bd78-40e0-aad0-d0547b09b092:NORMAL:127.0.0.1:50010|RBW]]} size 0
2024-10-16 17:28:06,214 INFO org.apache.hadoop.hdfs.StateChange: DIR* completeFile: /output/_temporary/0/_temporary/attempt_local160865214_0001_r_000000_0/part-r-00000 is closed by DFSClient_NONMAPREDUCE_1579521242_1
2024-10-16 17:28:06,240 INFO org.apache.hadoop.hdfs.StateChange: DIR* completeFile: /output/_SUCCESS is closed by DFSClient_NONMAPREDUCE_1579521242_1
2024-10-16 17:34:13,309 INFO org.apache.hadoop.hdfs.server.namenode.FSEditLog: Number of transactions: 60 Total time for transactions(ms): 13 Number of transactions batched in Syncs: 0 Number of syncs: 41 SyncTimes(ms): 67 
2024-10-16 17:34:13,322 INFO BlockStateChange: BLOCK* addToInvalidates: blk_1073741828_1004 127.0.0.1:50010 
2024-10-16 17:34:14,589 INFO BlockStateChange: BLOCK* BlockManager: ask 127.0.0.1:50010 to delete [blk_1073741828_1004]
2024-10-16 17:45:59,347 INFO org.apache.hadoop.hdfs.server.namenode.FSEditLog: Number of transactions: 65 Total time for transactions(ms): 13 Number of transactions batched in Syncs: 0 Number of syncs: 44 SyncTimes(ms): 75 
2024-10-16 17:45:59,595 INFO org.apache.hadoop.hdfs.StateChange: BLOCK* allocate blk_1073741829_1005{UCState=UNDER_CONSTRUCTION, truncateBlock=null, primaryNodeIndex=-1, replicas=[ReplicaUC[[DISK]DS-0a4cc6e8-bd78-40e0-aad0-d0547b09b092:NORMAL:127.0.0.1:50010|RBW]]} for /output/_temporary/0/_temporary/attempt_local1052150897_0001_r_000000_0/part-r-00000
2024-10-16 17:45:59,637 INFO BlockStateChange: BLOCK* addStoredBlock: blockMap updated: 127.0.0.1:50010 is added to blk_1073741829_1005{UCState=UNDER_CONSTRUCTION, truncateBlock=null, primaryNodeIndex=-1, replicas=[ReplicaUC[[DISK]DS-0a4cc6e8-bd78-40e0-aad0-d0547b09b092:NORMAL:127.0.0.1:50010|RBW]]} size 0
2024-10-16 17:45:59,643 INFO org.apache.hadoop.hdfs.StateChange: DIR* completeFile: /output/_temporary/0/_temporary/attempt_local1052150897_0001_r_000000_0/part-r-00000 is closed by DFSClient_NONMAPREDUCE_1152803127_1
2024-10-16 17:45:59,666 INFO org.apache.hadoop.hdfs.StateChange: DIR* completeFile: /output/_SUCCESS is closed by DFSClient_NONMAPREDUCE_1152803127_1
2024-10-16 17:47:30,895 ERROR org.apache.hadoop.hdfs.server.namenode.NameNode: RECEIVED SIGNAL 15: SIGTERM
2024-10-16 17:47:30,896 INFO org.apache.hadoop.hdfs.server.namenode.NameNode: SHUTDOWN_MSG: 
/************************************************************
SHUTDOWN_MSG: Shutting down NameNode at gorgone.enseeiht.fr/147.127.133.8
************************************************************/
