org.apache.hadoop.ipc.RemoteException(org.apache.hadoop.hdfs.server.namenode.SafeModeException): Log not rolled. Name node is in safe mode.
Resources are low on NN. Please add or free up more resources then turn off safe mode manually. NOTE:  If you turn off safe mode before adding resources, the NN will immediately return to safe mode. Use "hdfs dfsadmin -safemode leave" to turn safe mode off.
	at org.apache.hadoop.hdfs.server.namenode.FSNamesystem.checkNameNodeSafeMode(FSNamesystem.java:1327)
	at org.apache.hadoop.hdfs.server.namenode.FSNamesystem.rollEditLog(FSNamesystem.java:5829)
	at org.apache.hadoop.hdfs.server.namenode.NameNodeRpcServer.rollEditLog(NameNodeRpcServer.java:1116)
	at org.apache.hadoop.hdfs.protocolPB.NamenodeProtocolServerSideTranslatorPB.rollEditLog(NamenodeProtocolServerSideTranslatorPB.java:142)
	at org.apache.hadoop.hdfs.protocol.proto.NamenodeProtocolProtos$NamenodeProtocolService$2.callBlockingMethod(NamenodeProtocolProtos.java:12025)
	at org.apache.hadoop.ipc.ProtobufRpcEngine$Server$ProtoBufRpcInvoker.call(ProtobufRpcEngine.java:616)
	at org.apache.hadoop.ipc.RPC$Server.call(RPC.java:969)
	at org.apache.hadoop.ipc.Server$Handler$1.run(Server.java:2049)
	at org.apache.hadoop.ipc.Server$Handler$1.run(Server.java:2045)
	at java.security.AccessController.doPrivileged(Native Method)
	at javax.security.auth.Subject.doAs(Subject.java:422)
	at org.apache.hadoop.security.UserGroupInformation.doAs(UserGroupInformation.java:1657)
	at org.apache.hadoop.ipc.Server$Handler.run(Server.java:2043)

	at org.apache.hadoop.ipc.Client.call(Client.java:1476)
	at org.apache.hadoop.ipc.Client.call(Client.java:1407)
	at org.apache.hadoop.ipc.ProtobufRpcEngine$Invoker.invoke(ProtobufRpcEngine.java:229)
	at com.sun.proxy.$Proxy10.rollEditLog(Unknown Source)
	at org.apache.hadoop.hdfs.protocolPB.NamenodeProtocolTranslatorPB.rollEditLog(NamenodeProtocolTranslatorPB.java:148)
	at sun.reflect.NativeMethodAccessorImpl.invoke0(Native Method)
	at sun.reflect.NativeMethodAccessorImpl.invoke(NativeMethodAccessorImpl.java:62)
	at sun.reflect.DelegatingMethodAccessorImpl.invoke(DelegatingMethodAccessorImpl.java:43)
	at java.lang.reflect.Method.invoke(Method.java:498)
	at org.apache.hadoop.io.retry.RetryInvocationHandler.invokeMethod(RetryInvocationHandler.java:187)
	at org.apache.hadoop.io.retry.RetryInvocationHandler.invoke(RetryInvocationHandler.java:102)
	at com.sun.proxy.$Proxy11.rollEditLog(Unknown Source)
	at org.apache.hadoop.hdfs.server.namenode.SecondaryNameNode.doCheckpoint(SecondaryNameNode.java:512)
	at org.apache.hadoop.hdfs.server.namenode.SecondaryNameNode.doWork(SecondaryNameNode.java:395)
	at org.apache.hadoop.hdfs.server.namenode.SecondaryNameNode$1.run(SecondaryNameNode.java:361)
	at org.apache.hadoop.security.SecurityUtil.doAsLoginUserOrFatal(SecurityUtil.java:415)
	at org.apache.hadoop.hdfs.server.namenode.SecondaryNameNode.run(SecondaryNameNode.java:357)
	at java.lang.Thread.run(Thread.java:748)
org.apache.hadoop.ipc.RemoteException(org.apache.hadoop.hdfs.server.namenode.SafeModeException): Log not rolled. Name node is in safe mode.
Resources are low on NN. Please add or free up more resources then turn off safe mode manually. NOTE:  If you turn off safe mode before adding resources, the NN will immediately return to safe mode. Use "hdfs dfsadmin -safemode leave" to turn safe mode off.
	at org.apache.hadoop.hdfs.server.namenode.FSNamesystem.checkNameNodeSafeMode(FSNamesystem.java:1327)
	at org.apache.hadoop.hdfs.server.namenode.FSNamesystem.rollEditLog(FSNamesystem.java:5829)
	at org.apache.hadoop.hdfs.server.namenode.NameNodeRpcServer.rollEditLog(NameNodeRpcServer.java:1116)
	at org.apache.hadoop.hdfs.protocolPB.NamenodeProtocolServerSideTranslatorPB.rollEditLog(NamenodeProtocolServerSideTranslatorPB.java:142)
	at org.apache.hadoop.hdfs.protocol.proto.NamenodeProtocolProtos$NamenodeProtocolService$2.callBlockingMethod(NamenodeProtocolProtos.java:12025)
	at org.apache.hadoop.ipc.ProtobufRpcEngine$Server$ProtoBufRpcInvoker.call(ProtobufRpcEngine.java:616)
	at org.apache.hadoop.ipc.RPC$Server.call(RPC.java:969)
	at org.apache.hadoop.ipc.Server$Handler$1.run(Server.java:2049)
	at org.apache.hadoop.ipc.Server$Handler$1.run(Server.java:2045)
	at java.security.AccessController.doPrivileged(Native Method)
	at javax.security.auth.Subject.doAs(Subject.java:422)
	at org.apache.hadoop.security.UserGroupInformation.doAs(UserGroupInformation.java:1657)
	at org.apache.hadoop.ipc.Server$Handler.run(Server.java:2043)

	at org.apache.hadoop.ipc.Client.call(Client.java:1476)
	at org.apache.hadoop.ipc.Client.call(Client.java:1407)
	at org.apache.hadoop.ipc.ProtobufRpcEngine$Invoker.invoke(ProtobufRpcEngine.java:229)
	at com.sun.proxy.$Proxy10.rollEditLog(Unknown Source)
	at org.apache.hadoop.hdfs.protocolPB.NamenodeProtocolTranslatorPB.rollEditLog(NamenodeProtocolTranslatorPB.java:148)
	at sun.reflect.NativeMethodAccessorImpl.invoke0(Native Method)
	at sun.reflect.NativeMethodAccessorImpl.invoke(NativeMethodAccessorImpl.java:62)
	at sun.reflect.DelegatingMethodAccessorImpl.invoke(DelegatingMethodAccessorImpl.java:43)
	at java.lang.reflect.Method.invoke(Method.java:498)
	at org.apache.hadoop.io.retry.RetryInvocationHandler.invokeMethod(RetryInvocationHandler.java:187)
	at org.apache.hadoop.io.retry.RetryInvocationHandler.invoke(RetryInvocationHandler.java:102)
	at com.sun.proxy.$Proxy11.rollEditLog(Unknown Source)
	at org.apache.hadoop.hdfs.server.namenode.SecondaryNameNode.doCheckpoint(SecondaryNameNode.java:512)
	at org.apache.hadoop.hdfs.server.namenode.SecondaryNameNode.doWork(SecondaryNameNode.java:395)
	at org.apache.hadoop.hdfs.server.namenode.SecondaryNameNode$1.run(SecondaryNameNode.java:361)
	at org.apache.hadoop.security.SecurityUtil.doAsLoginUserOrFatal(SecurityUtil.java:415)
	at org.apache.hadoop.hdfs.server.namenode.SecondaryNameNode.run(SecondaryNameNode.java:357)
	at java.lang.Thread.run(Thread.java:748)
org.apache.hadoop.ipc.RemoteException(org.apache.hadoop.hdfs.server.namenode.SafeModeException): Log not rolled. Name node is in safe mode.
Resources are low on NN. Please add or free up more resources then turn off safe mode manually. NOTE:  If you turn off safe mode before adding resources, the NN will immediately return to safe mode. Use "hdfs dfsadmin -safemode leave" to turn safe mode off.
	at org.apache.hadoop.hdfs.server.namenode.FSNamesystem.checkNameNodeSafeMode(FSNamesystem.java:1327)
	at org.apache.hadoop.hdfs.server.namenode.FSNamesystem.rollEditLog(FSNamesystem.java:5829)
	at org.apache.hadoop.hdfs.server.namenode.NameNodeRpcServer.rollEditLog(NameNodeRpcServer.java:1116)
	at org.apache.hadoop.hdfs.protocolPB.NamenodeProtocolServerSideTranslatorPB.rollEditLog(NamenodeProtocolServerSideTranslatorPB.java:142)
	at org.apache.hadoop.hdfs.protocol.proto.NamenodeProtocolProtos$NamenodeProtocolService$2.callBlockingMethod(NamenodeProtocolProtos.java:12025)
	at org.apache.hadoop.ipc.ProtobufRpcEngine$Server$ProtoBufRpcInvoker.call(ProtobufRpcEngine.java:616)
	at org.apache.hadoop.ipc.RPC$Server.call(RPC.java:969)
	at org.apache.hadoop.ipc.Server$Handler$1.run(Server.java:2049)
	at org.apache.hadoop.ipc.Server$Handler$1.run(Server.java:2045)
	at java.security.AccessController.doPrivileged(Native Method)
	at javax.security.auth.Subject.doAs(Subject.java:422)
	at org.apache.hadoop.security.UserGroupInformation.doAs(UserGroupInformation.java:1657)
	at org.apache.hadoop.ipc.Server$Handler.run(Server.java:2043)

	at org.apache.hadoop.ipc.Client.call(Client.java:1476)
	at org.apache.hadoop.ipc.Client.call(Client.java:1407)
	at org.apache.hadoop.ipc.ProtobufRpcEngine$Invoker.invoke(ProtobufRpcEngine.java:229)
	at com.sun.proxy.$Proxy10.rollEditLog(Unknown Source)
	at org.apache.hadoop.hdfs.protocolPB.NamenodeProtocolTranslatorPB.rollEditLog(NamenodeProtocolTranslatorPB.java:148)
	at sun.reflect.NativeMethodAccessorImpl.invoke0(Native Method)
	at sun.reflect.NativeMethodAccessorImpl.invoke(NativeMethodAccessorImpl.java:62)
	at sun.reflect.DelegatingMethodAccessorImpl.invoke(DelegatingMethodAccessorImpl.java:43)
	at java.lang.reflect.Method.invoke(Method.java:498)
	at org.apache.hadoop.io.retry.RetryInvocationHandler.invokeMethod(RetryInvocationHandler.java:187)
	at org.apache.hadoop.io.retry.RetryInvocationHandler.invoke(RetryInvocationHandler.java:102)
	at com.sun.proxy.$Proxy11.rollEditLog(Unknown Source)
	at org.apache.hadoop.hdfs.server.namenode.SecondaryNameNode.doCheckpoint(SecondaryNameNode.java:512)
	at org.apache.hadoop.hdfs.server.namenode.SecondaryNameNode.doWork(SecondaryNameNode.java:395)
	at org.apache.hadoop.hdfs.server.namenode.SecondaryNameNode$1.run(SecondaryNameNode.java:361)
	at org.apache.hadoop.security.SecurityUtil.doAsLoginUserOrFatal(SecurityUtil.java:415)
	at org.apache.hadoop.hdfs.server.namenode.SecondaryNameNode.run(SecondaryNameNode.java:357)
	at java.lang.Thread.run(Thread.java:748)
org.apache.hadoop.ipc.RemoteException(org.apache.hadoop.hdfs.server.namenode.SafeModeException): Log not rolled. Name node is in safe mode.
Resources are low on NN. Please add or free up more resources then turn off safe mode manually. NOTE:  If you turn off safe mode before adding resources, the NN will immediately return to safe mode. Use "hdfs dfsadmin -safemode leave" to turn safe mode off.
	at org.apache.hadoop.hdfs.server.namenode.FSNamesystem.checkNameNodeSafeMode(FSNamesystem.java:1327)
	at org.apache.hadoop.hdfs.server.namenode.FSNamesystem.rollEditLog(FSNamesystem.java:5829)
	at org.apache.hadoop.hdfs.server.namenode.NameNodeRpcServer.rollEditLog(NameNodeRpcServer.java:1116)
	at org.apache.hadoop.hdfs.protocolPB.NamenodeProtocolServerSideTranslatorPB.rollEditLog(NamenodeProtocolServerSideTranslatorPB.java:142)
	at org.apache.hadoop.hdfs.protocol.proto.NamenodeProtocolProtos$NamenodeProtocolService$2.callBlockingMethod(NamenodeProtocolProtos.java:12025)
	at org.apache.hadoop.ipc.ProtobufRpcEngine$Server$ProtoBufRpcInvoker.call(ProtobufRpcEngine.java:616)
	at org.apache.hadoop.ipc.RPC$Server.call(RPC.java:969)
	at org.apache.hadoop.ipc.Server$Handler$1.run(Server.java:2049)
	at org.apache.hadoop.ipc.Server$Handler$1.run(Server.java:2045)
	at java.security.AccessController.doPrivileged(Native Method)
	at javax.security.auth.Subject.doAs(Subject.java:422)
	at org.apache.hadoop.security.UserGroupInformation.doAs(UserGroupInformation.java:1657)
	at org.apache.hadoop.ipc.Server$Handler.run(Server.java:2043)

	at org.apache.hadoop.ipc.Client.call(Client.java:1476)
	at org.apache.hadoop.ipc.Client.call(Client.java:1407)
	at org.apache.hadoop.ipc.ProtobufRpcEngine$Invoker.invoke(ProtobufRpcEngine.java:229)
	at com.sun.proxy.$Proxy10.rollEditLog(Unknown Source)
	at org.apache.hadoop.hdfs.protocolPB.NamenodeProtocolTranslatorPB.rollEditLog(NamenodeProtocolTranslatorPB.java:148)
	at sun.reflect.NativeMethodAccessorImpl.invoke0(Native Method)
	at sun.reflect.NativeMethodAccessorImpl.invoke(NativeMethodAccessorImpl.java:62)
	at sun.reflect.DelegatingMethodAccessorImpl.invoke(DelegatingMethodAccessorImpl.java:43)
	at java.lang.reflect.Method.invoke(Method.java:498)
	at org.apache.hadoop.io.retry.RetryInvocationHandler.invokeMethod(RetryInvocationHandler.java:187)
	at org.apache.hadoop.io.retry.RetryInvocationHandler.invoke(RetryInvocationHandler.java:102)
	at com.sun.proxy.$Proxy11.rollEditLog(Unknown Source)
	at org.apache.hadoop.hdfs.server.namenode.SecondaryNameNode.doCheckpoint(SecondaryNameNode.java:512)
	at org.apache.hadoop.hdfs.server.namenode.SecondaryNameNode.doWork(SecondaryNameNode.java:395)
	at org.apache.hadoop.hdfs.server.namenode.SecondaryNameNode$1.run(SecondaryNameNode.java:361)
	at org.apache.hadoop.security.SecurityUtil.doAsLoginUserOrFatal(SecurityUtil.java:415)
	at org.apache.hadoop.hdfs.server.namenode.SecondaryNameNode.run(SecondaryNameNode.java:357)
	at java.lang.Thread.run(Thread.java:748)
org.apache.hadoop.ipc.RemoteException(org.apache.hadoop.hdfs.server.namenode.SafeModeException): Log not rolled. Name node is in safe mode.
Resources are low on NN. Please add or free up more resources then turn off safe mode manually. NOTE:  If you turn off safe mode before adding resources, the NN will immediately return to safe mode. Use "hdfs dfsadmin -safemode leave" to turn safe mode off.
	at org.apache.hadoop.hdfs.server.namenode.FSNamesystem.checkNameNodeSafeMode(FSNamesystem.java:1327)
	at org.apache.hadoop.hdfs.server.namenode.FSNamesystem.rollEditLog(FSNamesystem.java:5829)
	at org.apache.hadoop.hdfs.server.namenode.NameNodeRpcServer.rollEditLog(NameNodeRpcServer.java:1116)
	at org.apache.hadoop.hdfs.protocolPB.NamenodeProtocolServerSideTranslatorPB.rollEditLog(NamenodeProtocolServerSideTranslatorPB.java:142)
	at org.apache.hadoop.hdfs.protocol.proto.NamenodeProtocolProtos$NamenodeProtocolService$2.callBlockingMethod(NamenodeProtocolProtos.java:12025)
	at org.apache.hadoop.ipc.ProtobufRpcEngine$Server$ProtoBufRpcInvoker.call(ProtobufRpcEngine.java:616)
	at org.apache.hadoop.ipc.RPC$Server.call(RPC.java:969)
	at org.apache.hadoop.ipc.Server$Handler$1.run(Server.java:2049)
	at org.apache.hadoop.ipc.Server$Handler$1.run(Server.java:2045)
	at java.security.AccessController.doPrivileged(Native Method)
	at javax.security.auth.Subject.doAs(Subject.java:422)
	at org.apache.hadoop.security.UserGroupInformation.doAs(UserGroupInformation.java:1657)
	at org.apache.hadoop.ipc.Server$Handler.run(Server.java:2043)

	at org.apache.hadoop.ipc.Client.call(Client.java:1476)
	at org.apache.hadoop.ipc.Client.call(Client.java:1407)
	at org.apache.hadoop.ipc.ProtobufRpcEngine$Invoker.invoke(ProtobufRpcEngine.java:229)
	at com.sun.proxy.$Proxy10.rollEditLog(Unknown Source)
	at org.apache.hadoop.hdfs.protocolPB.NamenodeProtocolTranslatorPB.rollEditLog(NamenodeProtocolTranslatorPB.java:148)
	at sun.reflect.NativeMethodAccessorImpl.invoke0(Native Method)
	at sun.reflect.NativeMethodAccessorImpl.invoke(NativeMethodAccessorImpl.java:62)
	at sun.reflect.DelegatingMethodAccessorImpl.invoke(DelegatingMethodAccessorImpl.java:43)
	at java.lang.reflect.Method.invoke(Method.java:498)
	at org.apache.hadoop.io.retry.RetryInvocationHandler.invokeMethod(RetryInvocationHandler.java:187)
	at org.apache.hadoop.io.retry.RetryInvocationHandler.invoke(RetryInvocationHandler.java:102)
	at com.sun.proxy.$Proxy11.rollEditLog(Unknown Source)
	at org.apache.hadoop.hdfs.server.namenode.SecondaryNameNode.doCheckpoint(SecondaryNameNode.java:512)
	at org.apache.hadoop.hdfs.server.namenode.SecondaryNameNode.doWork(SecondaryNameNode.java:395)
	at org.apache.hadoop.hdfs.server.namenode.SecondaryNameNode$1.run(SecondaryNameNode.java:361)
	at org.apache.hadoop.security.SecurityUtil.doAsLoginUserOrFatal(SecurityUtil.java:415)
	at org.apache.hadoop.hdfs.server.namenode.SecondaryNameNode.run(SecondaryNameNode.java:357)
	at java.lang.Thread.run(Thread.java:748)
org.apache.hadoop.ipc.RemoteException(org.apache.hadoop.hdfs.server.namenode.SafeModeException): Log not rolled. Name node is in safe mode.
Resources are low on NN. Please add or free up more resources then turn off safe mode manually. NOTE:  If you turn off safe mode before adding resources, the NN will immediately return to safe mode. Use "hdfs dfsadmin -safemode leave" to turn safe mode off.
	at org.apache.hadoop.hdfs.server.namenode.FSNamesystem.checkNameNodeSafeMode(FSNamesystem.java:1327)
	at org.apache.hadoop.hdfs.server.namenode.FSNamesystem.rollEditLog(FSNamesystem.java:5829)
	at org.apache.hadoop.hdfs.server.namenode.NameNodeRpcServer.rollEditLog(NameNodeRpcServer.java:1116)
	at org.apache.hadoop.hdfs.protocolPB.NamenodeProtocolServerSideTranslatorPB.rollEditLog(NamenodeProtocolServerSideTranslatorPB.java:142)
	at org.apache.hadoop.hdfs.protocol.proto.NamenodeProtocolProtos$NamenodeProtocolService$2.callBlockingMethod(NamenodeProtocolProtos.java:12025)
	at org.apache.hadoop.ipc.ProtobufRpcEngine$Server$ProtoBufRpcInvoker.call(ProtobufRpcEngine.java:616)
	at org.apache.hadoop.ipc.RPC$Server.call(RPC.java:969)
	at org.apache.hadoop.ipc.Server$Handler$1.run(Server.java:2049)
	at org.apache.hadoop.ipc.Server$Handler$1.run(Server.java:2045)
	at java.security.AccessController.doPrivileged(Native Method)
	at javax.security.auth.Subject.doAs(Subject.java:422)
	at org.apache.hadoop.security.UserGroupInformation.doAs(UserGroupInformation.java:1657)
	at org.apache.hadoop.ipc.Server$Handler.run(Server.java:2043)

	at org.apache.hadoop.ipc.Client.call(Client.java:1476)
	at org.apache.hadoop.ipc.Client.call(Client.java:1407)
	at org.apache.hadoop.ipc.ProtobufRpcEngine$Invoker.invoke(ProtobufRpcEngine.java:229)
	at com.sun.proxy.$Proxy10.rollEditLog(Unknown Source)
	at org.apache.hadoop.hdfs.protocolPB.NamenodeProtocolTranslatorPB.rollEditLog(NamenodeProtocolTranslatorPB.java:148)
	at sun.reflect.NativeMethodAccessorImpl.invoke0(Native Method)
	at sun.reflect.NativeMethodAccessorImpl.invoke(NativeMethodAccessorImpl.java:62)
	at sun.reflect.DelegatingMethodAccessorImpl.invoke(DelegatingMethodAccessorImpl.java:43)
	at java.lang.reflect.Method.invoke(Method.java:498)
	at org.apache.hadoop.io.retry.RetryInvocationHandler.invokeMethod(RetryInvocationHandler.java:187)
	at org.apache.hadoop.io.retry.RetryInvocationHandler.invoke(RetryInvocationHandler.java:102)
	at com.sun.proxy.$Proxy11.rollEditLog(Unknown Source)
	at org.apache.hadoop.hdfs.server.namenode.SecondaryNameNode.doCheckpoint(SecondaryNameNode.java:512)
	at org.apache.hadoop.hdfs.server.namenode.SecondaryNameNode.doWork(SecondaryNameNode.java:395)
	at org.apache.hadoop.hdfs.server.namenode.SecondaryNameNode$1.run(SecondaryNameNode.java:361)
	at org.apache.hadoop.security.SecurityUtil.doAsLoginUserOrFatal(SecurityUtil.java:415)
	at org.apache.hadoop.hdfs.server.namenode.SecondaryNameNode.run(SecondaryNameNode.java:357)
	at java.lang.Thread.run(Thread.java:748)
org.apache.hadoop.ipc.RemoteException(org.apache.hadoop.hdfs.server.namenode.SafeModeException): Log not rolled. Name node is in safe mode.
Resources are low on NN. Please add or free up more resources then turn off safe mode manually. NOTE:  If you turn off safe mode before adding resources, the NN will immediately return to safe mode. Use "hdfs dfsadmin -safemode leave" to turn safe mode off.
	at org.apache.hadoop.hdfs.server.namenode.FSNamesystem.checkNameNodeSafeMode(FSNamesystem.java:1327)
	at org.apache.hadoop.hdfs.server.namenode.FSNamesystem.rollEditLog(FSNamesystem.java:5829)
	at org.apache.hadoop.hdfs.server.namenode.NameNodeRpcServer.rollEditLog(NameNodeRpcServer.java:1116)
	at org.apache.hadoop.hdfs.protocolPB.NamenodeProtocolServerSideTranslatorPB.rollEditLog(NamenodeProtocolServerSideTranslatorPB.java:142)
	at org.apache.hadoop.hdfs.protocol.proto.NamenodeProtocolProtos$NamenodeProtocolService$2.callBlockingMethod(NamenodeProtocolProtos.java:12025)
	at org.apache.hadoop.ipc.ProtobufRpcEngine$Server$ProtoBufRpcInvoker.call(ProtobufRpcEngine.java:616)
	at org.apache.hadoop.ipc.RPC$Server.call(RPC.java:969)
	at org.apache.hadoop.ipc.Server$Handler$1.run(Server.java:2049)
	at org.apache.hadoop.ipc.Server$Handler$1.run(Server.java:2045)
	at java.security.AccessController.doPrivileged(Native Method)
	at javax.security.auth.Subject.doAs(Subject.java:422)
	at org.apache.hadoop.security.UserGroupInformation.doAs(UserGroupInformation.java:1657)
	at org.apache.hadoop.ipc.Server$Handler.run(Server.java:2043)

	at org.apache.hadoop.ipc.Client.call(Client.java:1476)
	at org.apache.hadoop.ipc.Client.call(Client.java:1407)
	at org.apache.hadoop.ipc.ProtobufRpcEngine$Invoker.invoke(ProtobufRpcEngine.java:229)
	at com.sun.proxy.$Proxy10.rollEditLog(Unknown Source)
	at org.apache.hadoop.hdfs.protocolPB.NamenodeProtocolTranslatorPB.rollEditLog(NamenodeProtocolTranslatorPB.java:148)
	at sun.reflect.NativeMethodAccessorImpl.invoke0(Native Method)
	at sun.reflect.NativeMethodAccessorImpl.invoke(NativeMethodAccessorImpl.java:62)
	at sun.reflect.DelegatingMethodAccessorImpl.invoke(DelegatingMethodAccessorImpl.java:43)
	at java.lang.reflect.Method.invoke(Method.java:498)
	at org.apache.hadoop.io.retry.RetryInvocationHandler.invokeMethod(RetryInvocationHandler.java:187)
	at org.apache.hadoop.io.retry.RetryInvocationHandler.invoke(RetryInvocationHandler.java:102)
	at com.sun.proxy.$Proxy11.rollEditLog(Unknown Source)
	at org.apache.hadoop.hdfs.server.namenode.SecondaryNameNode.doCheckpoint(SecondaryNameNode.java:512)
	at org.apache.hadoop.hdfs.server.namenode.SecondaryNameNode.doWork(SecondaryNameNode.java:395)
	at org.apache.hadoop.hdfs.server.namenode.SecondaryNameNode$1.run(SecondaryNameNode.java:361)
	at org.apache.hadoop.security.SecurityUtil.doAsLoginUserOrFatal(SecurityUtil.java:415)
	at org.apache.hadoop.hdfs.server.namenode.SecondaryNameNode.run(SecondaryNameNode.java:357)
	at java.lang.Thread.run(Thread.java:748)
org.apache.hadoop.ipc.RemoteException(org.apache.hadoop.hdfs.server.namenode.SafeModeException): Log not rolled. Name node is in safe mode.
Resources are low on NN. Please add or free up more resources then turn off safe mode manually. NOTE:  If you turn off safe mode before adding resources, the NN will immediately return to safe mode. Use "hdfs dfsadmin -safemode leave" to turn safe mode off.
	at org.apache.hadoop.hdfs.server.namenode.FSNamesystem.checkNameNodeSafeMode(FSNamesystem.java:1327)
	at org.apache.hadoop.hdfs.server.namenode.FSNamesystem.rollEditLog(FSNamesystem.java:5829)
	at org.apache.hadoop.hdfs.server.namenode.NameNodeRpcServer.rollEditLog(NameNodeRpcServer.java:1116)
	at org.apache.hadoop.hdfs.protocolPB.NamenodeProtocolServerSideTranslatorPB.rollEditLog(NamenodeProtocolServerSideTranslatorPB.java:142)
	at org.apache.hadoop.hdfs.protocol.proto.NamenodeProtocolProtos$NamenodeProtocolService$2.callBlockingMethod(NamenodeProtocolProtos.java:12025)
	at org.apache.hadoop.ipc.ProtobufRpcEngine$Server$ProtoBufRpcInvoker.call(ProtobufRpcEngine.java:616)
	at org.apache.hadoop.ipc.RPC$Server.call(RPC.java:969)
	at org.apache.hadoop.ipc.Server$Handler$1.run(Server.java:2049)
	at org.apache.hadoop.ipc.Server$Handler$1.run(Server.java:2045)
	at java.security.AccessController.doPrivileged(Native Method)
	at javax.security.auth.Subject.doAs(Subject.java:422)
	at org.apache.hadoop.security.UserGroupInformation.doAs(UserGroupInformation.java:1657)
	at org.apache.hadoop.ipc.Server$Handler.run(Server.java:2043)

	at org.apache.hadoop.ipc.Client.call(Client.java:1476)
	at org.apache.hadoop.ipc.Client.call(Client.java:1407)
	at org.apache.hadoop.ipc.ProtobufRpcEngine$Invoker.invoke(ProtobufRpcEngine.java:229)
	at com.sun.proxy.$Proxy10.rollEditLog(Unknown Source)
	at org.apache.hadoop.hdfs.protocolPB.NamenodeProtocolTranslatorPB.rollEditLog(NamenodeProtocolTranslatorPB.java:148)
	at sun.reflect.NativeMethodAccessorImpl.invoke0(Native Method)
	at sun.reflect.NativeMethodAccessorImpl.invoke(NativeMethodAccessorImpl.java:62)
	at sun.reflect.DelegatingMethodAccessorImpl.invoke(DelegatingMethodAccessorImpl.java:43)
	at java.lang.reflect.Method.invoke(Method.java:498)
	at org.apache.hadoop.io.retry.RetryInvocationHandler.invokeMethod(RetryInvocationHandler.java:187)
	at org.apache.hadoop.io.retry.RetryInvocationHandler.invoke(RetryInvocationHandler.java:102)
	at com.sun.proxy.$Proxy11.rollEditLog(Unknown Source)
	at org.apache.hadoop.hdfs.server.namenode.SecondaryNameNode.doCheckpoint(SecondaryNameNode.java:512)
	at org.apache.hadoop.hdfs.server.namenode.SecondaryNameNode.doWork(SecondaryNameNode.java:395)
	at org.apache.hadoop.hdfs.server.namenode.SecondaryNameNode$1.run(SecondaryNameNode.java:361)
	at org.apache.hadoop.security.SecurityUtil.doAsLoginUserOrFatal(SecurityUtil.java:415)
	at org.apache.hadoop.hdfs.server.namenode.SecondaryNameNode.run(SecondaryNameNode.java:357)
	at java.lang.Thread.run(Thread.java:748)
org.apache.hadoop.ipc.RemoteException(org.apache.hadoop.hdfs.server.namenode.SafeModeException): Log not rolled. Name node is in safe mode.
Resources are low on NN. Please add or free up more resources then turn off safe mode manually. NOTE:  If you turn off safe mode before adding resources, the NN will immediately return to safe mode. Use "hdfs dfsadmin -safemode leave" to turn safe mode off.
	at org.apache.hadoop.hdfs.server.namenode.FSNamesystem.checkNameNodeSafeMode(FSNamesystem.java:1327)
	at org.apache.hadoop.hdfs.server.namenode.FSNamesystem.rollEditLog(FSNamesystem.java:5829)
	at org.apache.hadoop.hdfs.server.namenode.NameNodeRpcServer.rollEditLog(NameNodeRpcServer.java:1116)
	at org.apache.hadoop.hdfs.protocolPB.NamenodeProtocolServerSideTranslatorPB.rollEditLog(NamenodeProtocolServerSideTranslatorPB.java:142)
	at org.apache.hadoop.hdfs.protocol.proto.NamenodeProtocolProtos$NamenodeProtocolService$2.callBlockingMethod(NamenodeProtocolProtos.java:12025)
	at org.apache.hadoop.ipc.ProtobufRpcEngine$Server$ProtoBufRpcInvoker.call(ProtobufRpcEngine.java:616)
	at org.apache.hadoop.ipc.RPC$Server.call(RPC.java:969)
	at org.apache.hadoop.ipc.Server$Handler$1.run(Server.java:2049)
	at org.apache.hadoop.ipc.Server$Handler$1.run(Server.java:2045)
	at java.security.AccessController.doPrivileged(Native Method)
	at javax.security.auth.Subject.doAs(Subject.java:422)
	at org.apache.hadoop.security.UserGroupInformation.doAs(UserGroupInformation.java:1657)
	at org.apache.hadoop.ipc.Server$Handler.run(Server.java:2043)

	at org.apache.hadoop.ipc.Client.call(Client.java:1476)
	at org.apache.hadoop.ipc.Client.call(Client.java:1407)
	at org.apache.hadoop.ipc.ProtobufRpcEngine$Invoker.invoke(ProtobufRpcEngine.java:229)
	at com.sun.proxy.$Proxy10.rollEditLog(Unknown Source)
	at org.apache.hadoop.hdfs.protocolPB.NamenodeProtocolTranslatorPB.rollEditLog(NamenodeProtocolTranslatorPB.java:148)
	at sun.reflect.NativeMethodAccessorImpl.invoke0(Native Method)
	at sun.reflect.NativeMethodAccessorImpl.invoke(NativeMethodAccessorImpl.java:62)
	at sun.reflect.DelegatingMethodAccessorImpl.invoke(DelegatingMethodAccessorImpl.java:43)
	at java.lang.reflect.Method.invoke(Method.java:498)
	at org.apache.hadoop.io.retry.RetryInvocationHandler.invokeMethod(RetryInvocationHandler.java:187)
	at org.apache.hadoop.io.retry.RetryInvocationHandler.invoke(RetryInvocationHandler.java:102)
	at com.sun.proxy.$Proxy11.rollEditLog(Unknown Source)
	at org.apache.hadoop.hdfs.server.namenode.SecondaryNameNode.doCheckpoint(SecondaryNameNode.java:512)
	at org.apache.hadoop.hdfs.server.namenode.SecondaryNameNode.doWork(SecondaryNameNode.java:395)
	at org.apache.hadoop.hdfs.server.namenode.SecondaryNameNode$1.run(SecondaryNameNode.java:361)
	at org.apache.hadoop.security.SecurityUtil.doAsLoginUserOrFatal(SecurityUtil.java:415)
	at org.apache.hadoop.hdfs.server.namenode.SecondaryNameNode.run(SecondaryNameNode.java:357)
	at java.lang.Thread.run(Thread.java:748)
org.apache.hadoop.ipc.RemoteException(org.apache.hadoop.hdfs.server.namenode.SafeModeException): Log not rolled. Name node is in safe mode.
Resources are low on NN. Please add or free up more resources then turn off safe mode manually. NOTE:  If you turn off safe mode before adding resources, the NN will immediately return to safe mode. Use "hdfs dfsadmin -safemode leave" to turn safe mode off.
	at org.apache.hadoop.hdfs.server.namenode.FSNamesystem.checkNameNodeSafeMode(FSNamesystem.java:1327)
	at org.apache.hadoop.hdfs.server.namenode.FSNamesystem.rollEditLog(FSNamesystem.java:5829)
	at org.apache.hadoop.hdfs.server.namenode.NameNodeRpcServer.rollEditLog(NameNodeRpcServer.java:1116)
	at org.apache.hadoop.hdfs.protocolPB.NamenodeProtocolServerSideTranslatorPB.rollEditLog(NamenodeProtocolServerSideTranslatorPB.java:142)
	at org.apache.hadoop.hdfs.protocol.proto.NamenodeProtocolProtos$NamenodeProtocolService$2.callBlockingMethod(NamenodeProtocolProtos.java:12025)
	at org.apache.hadoop.ipc.ProtobufRpcEngine$Server$ProtoBufRpcInvoker.call(ProtobufRpcEngine.java:616)
	at org.apache.hadoop.ipc.RPC$Server.call(RPC.java:969)
	at org.apache.hadoop.ipc.Server$Handler$1.run(Server.java:2049)
	at org.apache.hadoop.ipc.Server$Handler$1.run(Server.java:2045)
	at java.security.AccessController.doPrivileged(Native Method)
	at javax.security.auth.Subject.doAs(Subject.java:422)
	at org.apache.hadoop.security.UserGroupInformation.doAs(UserGroupInformation.java:1657)
	at org.apache.hadoop.ipc.Server$Handler.run(Server.java:2043)

	at org.apache.hadoop.ipc.Client.call(Client.java:1476)
	at org.apache.hadoop.ipc.Client.call(Client.java:1407)
	at org.apache.hadoop.ipc.ProtobufRpcEngine$Invoker.invoke(ProtobufRpcEngine.java:229)
	at com.sun.proxy.$Proxy10.rollEditLog(Unknown Source)
	at org.apache.hadoop.hdfs.protocolPB.NamenodeProtocolTranslatorPB.rollEditLog(NamenodeProtocolTranslatorPB.java:148)
	at sun.reflect.NativeMethodAccessorImpl.invoke0(Native Method)
	at sun.reflect.NativeMethodAccessorImpl.invoke(NativeMethodAccessorImpl.java:62)
	at sun.reflect.DelegatingMethodAccessorImpl.invoke(DelegatingMethodAccessorImpl.java:43)
	at java.lang.reflect.Method.invoke(Method.java:498)
	at org.apache.hadoop.io.retry.RetryInvocationHandler.invokeMethod(RetryInvocationHandler.java:187)
	at org.apache.hadoop.io.retry.RetryInvocationHandler.invoke(RetryInvocationHandler.java:102)
	at com.sun.proxy.$Proxy11.rollEditLog(Unknown Source)
	at org.apache.hadoop.hdfs.server.namenode.SecondaryNameNode.doCheckpoint(SecondaryNameNode.java:512)
	at org.apache.hadoop.hdfs.server.namenode.SecondaryNameNode.doWork(SecondaryNameNode.java:395)
	at org.apache.hadoop.hdfs.server.namenode.SecondaryNameNode$1.run(SecondaryNameNode.java:361)
	at org.apache.hadoop.security.SecurityUtil.doAsLoginUserOrFatal(SecurityUtil.java:415)
	at org.apache.hadoop.hdfs.server.namenode.SecondaryNameNode.run(SecondaryNameNode.java:357)
	at java.lang.Thread.run(Thread.java:748)
org.apache.hadoop.ipc.RemoteException(org.apache.hadoop.hdfs.server.namenode.SafeModeException): Log not rolled. Name node is in safe mode.
Resources are low on NN. Please add or free up more resources then turn off safe mode manually. NOTE:  If you turn off safe mode before adding resources, the NN will immediately return to safe mode. Use "hdfs dfsadmin -safemode leave" to turn safe mode off.
	at org.apache.hadoop.hdfs.server.namenode.FSNamesystem.checkNameNodeSafeMode(FSNamesystem.java:1327)
	at org.apache.hadoop.hdfs.server.namenode.FSNamesystem.rollEditLog(FSNamesystem.java:5829)
	at org.apache.hadoop.hdfs.server.namenode.NameNodeRpcServer.rollEditLog(NameNodeRpcServer.java:1116)
	at org.apache.hadoop.hdfs.protocolPB.NamenodeProtocolServerSideTranslatorPB.rollEditLog(NamenodeProtocolServerSideTranslatorPB.java:142)
	at org.apache.hadoop.hdfs.protocol.proto.NamenodeProtocolProtos$NamenodeProtocolService$2.callBlockingMethod(NamenodeProtocolProtos.java:12025)
	at org.apache.hadoop.ipc.ProtobufRpcEngine$Server$ProtoBufRpcInvoker.call(ProtobufRpcEngine.java:616)
	at org.apache.hadoop.ipc.RPC$Server.call(RPC.java:969)
	at org.apache.hadoop.ipc.Server$Handler$1.run(Server.java:2049)
	at org.apache.hadoop.ipc.Server$Handler$1.run(Server.java:2045)
	at java.security.AccessController.doPrivileged(Native Method)
	at javax.security.auth.Subject.doAs(Subject.java:422)
	at org.apache.hadoop.security.UserGroupInformation.doAs(UserGroupInformation.java:1657)
	at org.apache.hadoop.ipc.Server$Handler.run(Server.java:2043)

	at org.apache.hadoop.ipc.Client.call(Client.java:1476)
	at org.apache.hadoop.ipc.Client.call(Client.java:1407)
	at org.apache.hadoop.ipc.ProtobufRpcEngine$Invoker.invoke(ProtobufRpcEngine.java:229)
	at com.sun.proxy.$Proxy10.rollEditLog(Unknown Source)
	at org.apache.hadoop.hdfs.protocolPB.NamenodeProtocolTranslatorPB.rollEditLog(NamenodeProtocolTranslatorPB.java:148)
	at sun.reflect.NativeMethodAccessorImpl.invoke0(Native Method)
	at sun.reflect.NativeMethodAccessorImpl.invoke(NativeMethodAccessorImpl.java:62)
	at sun.reflect.DelegatingMethodAccessorImpl.invoke(DelegatingMethodAccessorImpl.java:43)
	at java.lang.reflect.Method.invoke(Method.java:498)
	at org.apache.hadoop.io.retry.RetryInvocationHandler.invokeMethod(RetryInvocationHandler.java:187)
	at org.apache.hadoop.io.retry.RetryInvocationHandler.invoke(RetryInvocationHandler.java:102)
	at com.sun.proxy.$Proxy11.rollEditLog(Unknown Source)
	at org.apache.hadoop.hdfs.server.namenode.SecondaryNameNode.doCheckpoint(SecondaryNameNode.java:512)
	at org.apache.hadoop.hdfs.server.namenode.SecondaryNameNode.doWork(SecondaryNameNode.java:395)
	at org.apache.hadoop.hdfs.server.namenode.SecondaryNameNode$1.run(SecondaryNameNode.java:361)
	at org.apache.hadoop.security.SecurityUtil.doAsLoginUserOrFatal(SecurityUtil.java:415)
	at org.apache.hadoop.hdfs.server.namenode.SecondaryNameNode.run(SecondaryNameNode.java:357)
	at java.lang.Thread.run(Thread.java:748)
org.apache.hadoop.ipc.RemoteException(org.apache.hadoop.hdfs.server.namenode.SafeModeException): Log not rolled. Name node is in safe mode.
Resources are low on NN. Please add or free up more resources then turn off safe mode manually. NOTE:  If you turn off safe mode before adding resources, the NN will immediately return to safe mode. Use "hdfs dfsadmin -safemode leave" to turn safe mode off.
	at org.apache.hadoop.hdfs.server.namenode.FSNamesystem.checkNameNodeSafeMode(FSNamesystem.java:1327)
	at org.apache.hadoop.hdfs.server.namenode.FSNamesystem.rollEditLog(FSNamesystem.java:5829)
	at org.apache.hadoop.hdfs.server.namenode.NameNodeRpcServer.rollEditLog(NameNodeRpcServer.java:1116)
	at org.apache.hadoop.hdfs.protocolPB.NamenodeProtocolServerSideTranslatorPB.rollEditLog(NamenodeProtocolServerSideTranslatorPB.java:142)
	at org.apache.hadoop.hdfs.protocol.proto.NamenodeProtocolProtos$NamenodeProtocolService$2.callBlockingMethod(NamenodeProtocolProtos.java:12025)
	at org.apache.hadoop.ipc.ProtobufRpcEngine$Server$ProtoBufRpcInvoker.call(ProtobufRpcEngine.java:616)
	at org.apache.hadoop.ipc.RPC$Server.call(RPC.java:969)
	at org.apache.hadoop.ipc.Server$Handler$1.run(Server.java:2049)
	at org.apache.hadoop.ipc.Server$Handler$1.run(Server.java:2045)
	at java.security.AccessController.doPrivileged(Native Method)
	at javax.security.auth.Subject.doAs(Subject.java:422)
	at org.apache.hadoop.security.UserGroupInformation.doAs(UserGroupInformation.java:1657)
	at org.apache.hadoop.ipc.Server$Handler.run(Server.java:2043)

	at org.apache.hadoop.ipc.Client.call(Client.java:1476)
	at org.apache.hadoop.ipc.Client.call(Client.java:1407)
	at org.apache.hadoop.ipc.ProtobufRpcEngine$Invoker.invoke(ProtobufRpcEngine.java:229)
	at com.sun.proxy.$Proxy10.rollEditLog(Unknown Source)
	at org.apache.hadoop.hdfs.protocolPB.NamenodeProtocolTranslatorPB.rollEditLog(NamenodeProtocolTranslatorPB.java:148)
	at sun.reflect.NativeMethodAccessorImpl.invoke0(Native Method)
	at sun.reflect.NativeMethodAccessorImpl.invoke(NativeMethodAccessorImpl.java:62)
	at sun.reflect.DelegatingMethodAccessorImpl.invoke(DelegatingMethodAccessorImpl.java:43)
	at java.lang.reflect.Method.invoke(Method.java:498)
	at org.apache.hadoop.io.retry.RetryInvocationHandler.invokeMethod(RetryInvocationHandler.java:187)
	at org.apache.hadoop.io.retry.RetryInvocationHandler.invoke(RetryInvocationHandler.java:102)
	at com.sun.proxy.$Proxy11.rollEditLog(Unknown Source)
	at org.apache.hadoop.hdfs.server.namenode.SecondaryNameNode.doCheckpoint(SecondaryNameNode.java:512)
	at org.apache.hadoop.hdfs.server.namenode.SecondaryNameNode.doWork(SecondaryNameNode.java:395)
	at org.apache.hadoop.hdfs.server.namenode.SecondaryNameNode$1.run(SecondaryNameNode.java:361)
	at org.apache.hadoop.security.SecurityUtil.doAsLoginUserOrFatal(SecurityUtil.java:415)
	at org.apache.hadoop.hdfs.server.namenode.SecondaryNameNode.run(SecondaryNameNode.java:357)
	at java.lang.Thread.run(Thread.java:748)
org.apache.hadoop.ipc.RemoteException(org.apache.hadoop.hdfs.server.namenode.SafeModeException): Log not rolled. Name node is in safe mode.
Resources are low on NN. Please add or free up more resources then turn off safe mode manually. NOTE:  If you turn off safe mode before adding resources, the NN will immediately return to safe mode. Use "hdfs dfsadmin -safemode leave" to turn safe mode off.
	at org.apache.hadoop.hdfs.server.namenode.FSNamesystem.checkNameNodeSafeMode(FSNamesystem.java:1327)
	at org.apache.hadoop.hdfs.server.namenode.FSNamesystem.rollEditLog(FSNamesystem.java:5829)
	at org.apache.hadoop.hdfs.server.namenode.NameNodeRpcServer.rollEditLog(NameNodeRpcServer.java:1116)
	at org.apache.hadoop.hdfs.protocolPB.NamenodeProtocolServerSideTranslatorPB.rollEditLog(NamenodeProtocolServerSideTranslatorPB.java:142)
	at org.apache.hadoop.hdfs.protocol.proto.NamenodeProtocolProtos$NamenodeProtocolService$2.callBlockingMethod(NamenodeProtocolProtos.java:12025)
	at org.apache.hadoop.ipc.ProtobufRpcEngine$Server$ProtoBufRpcInvoker.call(ProtobufRpcEngine.java:616)
	at org.apache.hadoop.ipc.RPC$Server.call(RPC.java:969)
	at org.apache.hadoop.ipc.Server$Handler$1.run(Server.java:2049)
	at org.apache.hadoop.ipc.Server$Handler$1.run(Server.java:2045)
	at java.security.AccessController.doPrivileged(Native Method)
	at javax.security.auth.Subject.doAs(Subject.java:422)
	at org.apache.hadoop.security.UserGroupInformation.doAs(UserGroupInformation.java:1657)
	at org.apache.hadoop.ipc.Server$Handler.run(Server.java:2043)

	at org.apache.hadoop.ipc.Client.call(Client.java:1476)
	at org.apache.hadoop.ipc.Client.call(Client.java:1407)
	at org.apache.hadoop.ipc.ProtobufRpcEngine$Invoker.invoke(ProtobufRpcEngine.java:229)
	at com.sun.proxy.$Proxy10.rollEditLog(Unknown Source)
	at org.apache.hadoop.hdfs.protocolPB.NamenodeProtocolTranslatorPB.rollEditLog(NamenodeProtocolTranslatorPB.java:148)
	at sun.reflect.NativeMethodAccessorImpl.invoke0(Native Method)
	at sun.reflect.NativeMethodAccessorImpl.invoke(NativeMethodAccessorImpl.java:62)
	at sun.reflect.DelegatingMethodAccessorImpl.invoke(DelegatingMethodAccessorImpl.java:43)
	at java.lang.reflect.Method.invoke(Method.java:498)
	at org.apache.hadoop.io.retry.RetryInvocationHandler.invokeMethod(RetryInvocationHandler.java:187)
	at org.apache.hadoop.io.retry.RetryInvocationHandler.invoke(RetryInvocationHandler.java:102)
	at com.sun.proxy.$Proxy11.rollEditLog(Unknown Source)
	at org.apache.hadoop.hdfs.server.namenode.SecondaryNameNode.doCheckpoint(SecondaryNameNode.java:512)
	at org.apache.hadoop.hdfs.server.namenode.SecondaryNameNode.doWork(SecondaryNameNode.java:395)
	at org.apache.hadoop.hdfs.server.namenode.SecondaryNameNode$1.run(SecondaryNameNode.java:361)
	at org.apache.hadoop.security.SecurityUtil.doAsLoginUserOrFatal(SecurityUtil.java:415)
	at org.apache.hadoop.hdfs.server.namenode.SecondaryNameNode.run(SecondaryNameNode.java:357)
	at java.lang.Thread.run(Thread.java:748)
org.apache.hadoop.ipc.RemoteException(org.apache.hadoop.hdfs.server.namenode.SafeModeException): Log not rolled. Name node is in safe mode.
Resources are low on NN. Please add or free up more resources then turn off safe mode manually. NOTE:  If you turn off safe mode before adding resources, the NN will immediately return to safe mode. Use "hdfs dfsadmin -safemode leave" to turn safe mode off.
	at org.apache.hadoop.hdfs.server.namenode.FSNamesystem.checkNameNodeSafeMode(FSNamesystem.java:1327)
	at org.apache.hadoop.hdfs.server.namenode.FSNamesystem.rollEditLog(FSNamesystem.java:5829)
	at org.apache.hadoop.hdfs.server.namenode.NameNodeRpcServer.rollEditLog(NameNodeRpcServer.java:1116)
	at org.apache.hadoop.hdfs.protocolPB.NamenodeProtocolServerSideTranslatorPB.rollEditLog(NamenodeProtocolServerSideTranslatorPB.java:142)
	at org.apache.hadoop.hdfs.protocol.proto.NamenodeProtocolProtos$NamenodeProtocolService$2.callBlockingMethod(NamenodeProtocolProtos.java:12025)
	at org.apache.hadoop.ipc.ProtobufRpcEngine$Server$ProtoBufRpcInvoker.call(ProtobufRpcEngine.java:616)
	at org.apache.hadoop.ipc.RPC$Server.call(RPC.java:969)
	at org.apache.hadoop.ipc.Server$Handler$1.run(Server.java:2049)
	at org.apache.hadoop.ipc.Server$Handler$1.run(Server.java:2045)
	at java.security.AccessController.doPrivileged(Native Method)
	at javax.security.auth.Subject.doAs(Subject.java:422)
	at org.apache.hadoop.security.UserGroupInformation.doAs(UserGroupInformation.java:1657)
	at org.apache.hadoop.ipc.Server$Handler.run(Server.java:2043)

	at org.apache.hadoop.ipc.Client.call(Client.java:1476)
	at org.apache.hadoop.ipc.Client.call(Client.java:1407)
	at org.apache.hadoop.ipc.ProtobufRpcEngine$Invoker.invoke(ProtobufRpcEngine.java:229)
	at com.sun.proxy.$Proxy10.rollEditLog(Unknown Source)
	at org.apache.hadoop.hdfs.protocolPB.NamenodeProtocolTranslatorPB.rollEditLog(NamenodeProtocolTranslatorPB.java:148)
	at sun.reflect.NativeMethodAccessorImpl.invoke0(Native Method)
	at sun.reflect.NativeMethodAccessorImpl.invoke(NativeMethodAccessorImpl.java:62)
	at sun.reflect.DelegatingMethodAccessorImpl.invoke(DelegatingMethodAccessorImpl.java:43)
	at java.lang.reflect.Method.invoke(Method.java:498)
	at org.apache.hadoop.io.retry.RetryInvocationHandler.invokeMethod(RetryInvocationHandler.java:187)
	at org.apache.hadoop.io.retry.RetryInvocationHandler.invoke(RetryInvocationHandler.java:102)
	at com.sun.proxy.$Proxy11.rollEditLog(Unknown Source)
	at org.apache.hadoop.hdfs.server.namenode.SecondaryNameNode.doCheckpoint(SecondaryNameNode.java:512)
	at org.apache.hadoop.hdfs.server.namenode.SecondaryNameNode.doWork(SecondaryNameNode.java:395)
	at org.apache.hadoop.hdfs.server.namenode.SecondaryNameNode$1.run(SecondaryNameNode.java:361)
	at org.apache.hadoop.security.SecurityUtil.doAsLoginUserOrFatal(SecurityUtil.java:415)
	at org.apache.hadoop.hdfs.server.namenode.SecondaryNameNode.run(SecondaryNameNode.java:357)
	at java.lang.Thread.run(Thread.java:748)
org.apache.hadoop.ipc.RemoteException(org.apache.hadoop.hdfs.server.namenode.SafeModeException): Log not rolled. Name node is in safe mode.
Resources are low on NN. Please add or free up more resources then turn off safe mode manually. NOTE:  If you turn off safe mode before adding resources, the NN will immediately return to safe mode. Use "hdfs dfsadmin -safemode leave" to turn safe mode off.
	at org.apache.hadoop.hdfs.server.namenode.FSNamesystem.checkNameNodeSafeMode(FSNamesystem.java:1327)
	at org.apache.hadoop.hdfs.server.namenode.FSNamesystem.rollEditLog(FSNamesystem.java:5829)
	at org.apache.hadoop.hdfs.server.namenode.NameNodeRpcServer.rollEditLog(NameNodeRpcServer.java:1116)
	at org.apache.hadoop.hdfs.protocolPB.NamenodeProtocolServerSideTranslatorPB.rollEditLog(NamenodeProtocolServerSideTranslatorPB.java:142)
	at org.apache.hadoop.hdfs.protocol.proto.NamenodeProtocolProtos$NamenodeProtocolService$2.callBlockingMethod(NamenodeProtocolProtos.java:12025)
	at org.apache.hadoop.ipc.ProtobufRpcEngine$Server$ProtoBufRpcInvoker.call(ProtobufRpcEngine.java:616)
	at org.apache.hadoop.ipc.RPC$Server.call(RPC.java:969)
	at org.apache.hadoop.ipc.Server$Handler$1.run(Server.java:2049)
	at org.apache.hadoop.ipc.Server$Handler$1.run(Server.java:2045)
	at java.security.AccessController.doPrivileged(Native Method)
	at javax.security.auth.Subject.doAs(Subject.java:422)
	at org.apache.hadoop.security.UserGroupInformation.doAs(UserGroupInformation.java:1657)
	at org.apache.hadoop.ipc.Server$Handler.run(Server.java:2043)

	at org.apache.hadoop.ipc.Client.call(Client.java:1476)
	at org.apache.hadoop.ipc.Client.call(Client.java:1407)
	at org.apache.hadoop.ipc.ProtobufRpcEngine$Invoker.invoke(ProtobufRpcEngine.java:229)
	at com.sun.proxy.$Proxy10.rollEditLog(Unknown Source)
	at org.apache.hadoop.hdfs.protocolPB.NamenodeProtocolTranslatorPB.rollEditLog(NamenodeProtocolTranslatorPB.java:148)
	at sun.reflect.NativeMethodAccessorImpl.invoke0(Native Method)
	at sun.reflect.NativeMethodAccessorImpl.invoke(NativeMethodAccessorImpl.java:62)
	at sun.reflect.DelegatingMethodAccessorImpl.invoke(DelegatingMethodAccessorImpl.java:43)
	at java.lang.reflect.Method.invoke(Method.java:498)
	at org.apache.hadoop.io.retry.RetryInvocationHandler.invokeMethod(RetryInvocationHandler.java:187)
	at org.apache.hadoop.io.retry.RetryInvocationHandler.invoke(RetryInvocationHandler.java:102)
	at com.sun.proxy.$Proxy11.rollEditLog(Unknown Source)
	at org.apache.hadoop.hdfs.server.namenode.SecondaryNameNode.doCheckpoint(SecondaryNameNode.java:512)
	at org.apache.hadoop.hdfs.server.namenode.SecondaryNameNode.doWork(SecondaryNameNode.java:395)
	at org.apache.hadoop.hdfs.server.namenode.SecondaryNameNode$1.run(SecondaryNameNode.java:361)
	at org.apache.hadoop.security.SecurityUtil.doAsLoginUserOrFatal(SecurityUtil.java:415)
	at org.apache.hadoop.hdfs.server.namenode.SecondaryNameNode.run(SecondaryNameNode.java:357)
	at java.lang.Thread.run(Thread.java:748)
org.apache.hadoop.ipc.RemoteException(org.apache.hadoop.hdfs.server.namenode.SafeModeException): Log not rolled. Name node is in safe mode.
Resources are low on NN. Please add or free up more resources then turn off safe mode manually. NOTE:  If you turn off safe mode before adding resources, the NN will immediately return to safe mode. Use "hdfs dfsadmin -safemode leave" to turn safe mode off.
	at org.apache.hadoop.hdfs.server.namenode.FSNamesystem.checkNameNodeSafeMode(FSNamesystem.java:1327)
	at org.apache.hadoop.hdfs.server.namenode.FSNamesystem.rollEditLog(FSNamesystem.java:5829)
	at org.apache.hadoop.hdfs.server.namenode.NameNodeRpcServer.rollEditLog(NameNodeRpcServer.java:1116)
	at org.apache.hadoop.hdfs.protocolPB.NamenodeProtocolServerSideTranslatorPB.rollEditLog(NamenodeProtocolServerSideTranslatorPB.java:142)
	at org.apache.hadoop.hdfs.protocol.proto.NamenodeProtocolProtos$NamenodeProtocolService$2.callBlockingMethod(NamenodeProtocolProtos.java:12025)
	at org.apache.hadoop.ipc.ProtobufRpcEngine$Server$ProtoBufRpcInvoker.call(ProtobufRpcEngine.java:616)
	at org.apache.hadoop.ipc.RPC$Server.call(RPC.java:969)
	at org.apache.hadoop.ipc.Server$Handler$1.run(Server.java:2049)
	at org.apache.hadoop.ipc.Server$Handler$1.run(Server.java:2045)
	at java.security.AccessController.doPrivileged(Native Method)
	at javax.security.auth.Subject.doAs(Subject.java:422)
	at org.apache.hadoop.security.UserGroupInformation.doAs(UserGroupInformation.java:1657)
	at org.apache.hadoop.ipc.Server$Handler.run(Server.java:2043)

	at org.apache.hadoop.ipc.Client.call(Client.java:1476)
	at org.apache.hadoop.ipc.Client.call(Client.java:1407)
	at org.apache.hadoop.ipc.ProtobufRpcEngine$Invoker.invoke(ProtobufRpcEngine.java:229)
	at com.sun.proxy.$Proxy10.rollEditLog(Unknown Source)
	at org.apache.hadoop.hdfs.protocolPB.NamenodeProtocolTranslatorPB.rollEditLog(NamenodeProtocolTranslatorPB.java:148)
	at sun.reflect.NativeMethodAccessorImpl.invoke0(Native Method)
	at sun.reflect.NativeMethodAccessorImpl.invoke(NativeMethodAccessorImpl.java:62)
	at sun.reflect.DelegatingMethodAccessorImpl.invoke(DelegatingMethodAccessorImpl.java:43)
	at java.lang.reflect.Method.invoke(Method.java:498)
	at org.apache.hadoop.io.retry.RetryInvocationHandler.invokeMethod(RetryInvocationHandler.java:187)
	at org.apache.hadoop.io.retry.RetryInvocationHandler.invoke(RetryInvocationHandler.java:102)
	at com.sun.proxy.$Proxy11.rollEditLog(Unknown Source)
	at org.apache.hadoop.hdfs.server.namenode.SecondaryNameNode.doCheckpoint(SecondaryNameNode.java:512)
	at org.apache.hadoop.hdfs.server.namenode.SecondaryNameNode.doWork(SecondaryNameNode.java:395)
	at org.apache.hadoop.hdfs.server.namenode.SecondaryNameNode$1.run(SecondaryNameNode.java:361)
	at org.apache.hadoop.security.SecurityUtil.doAsLoginUserOrFatal(SecurityUtil.java:415)
	at org.apache.hadoop.hdfs.server.namenode.SecondaryNameNode.run(SecondaryNameNode.java:357)
	at java.lang.Thread.run(Thread.java:748)
org.apache.hadoop.ipc.RemoteException(org.apache.hadoop.hdfs.server.namenode.SafeModeException): Log not rolled. Name node is in safe mode.
Resources are low on NN. Please add or free up more resources then turn off safe mode manually. NOTE:  If you turn off safe mode before adding resources, the NN will immediately return to safe mode. Use "hdfs dfsadmin -safemode leave" to turn safe mode off.
	at org.apache.hadoop.hdfs.server.namenode.FSNamesystem.checkNameNodeSafeMode(FSNamesystem.java:1327)
	at org.apache.hadoop.hdfs.server.namenode.FSNamesystem.rollEditLog(FSNamesystem.java:5829)
	at org.apache.hadoop.hdfs.server.namenode.NameNodeRpcServer.rollEditLog(NameNodeRpcServer.java:1116)
	at org.apache.hadoop.hdfs.protocolPB.NamenodeProtocolServerSideTranslatorPB.rollEditLog(NamenodeProtocolServerSideTranslatorPB.java:142)
	at org.apache.hadoop.hdfs.protocol.proto.NamenodeProtocolProtos$NamenodeProtocolService$2.callBlockingMethod(NamenodeProtocolProtos.java:12025)
	at org.apache.hadoop.ipc.ProtobufRpcEngine$Server$ProtoBufRpcInvoker.call(ProtobufRpcEngine.java:616)
	at org.apache.hadoop.ipc.RPC$Server.call(RPC.java:969)
	at org.apache.hadoop.ipc.Server$Handler$1.run(Server.java:2049)
	at org.apache.hadoop.ipc.Server$Handler$1.run(Server.java:2045)
	at java.security.AccessController.doPrivileged(Native Method)
	at javax.security.auth.Subject.doAs(Subject.java:422)
	at org.apache.hadoop.security.UserGroupInformation.doAs(UserGroupInformation.java:1657)
	at org.apache.hadoop.ipc.Server$Handler.run(Server.java:2043)

	at org.apache.hadoop.ipc.Client.call(Client.java:1476)
	at org.apache.hadoop.ipc.Client.call(Client.java:1407)
	at org.apache.hadoop.ipc.ProtobufRpcEngine$Invoker.invoke(ProtobufRpcEngine.java:229)
	at com.sun.proxy.$Proxy10.rollEditLog(Unknown Source)
	at org.apache.hadoop.hdfs.protocolPB.NamenodeProtocolTranslatorPB.rollEditLog(NamenodeProtocolTranslatorPB.java:148)
	at sun.reflect.GeneratedMethodAccessor3.invoke(Unknown Source)
	at sun.reflect.DelegatingMethodAccessorImpl.invoke(DelegatingMethodAccessorImpl.java:43)
	at java.lang.reflect.Method.invoke(Method.java:498)
	at org.apache.hadoop.io.retry.RetryInvocationHandler.invokeMethod(RetryInvocationHandler.java:187)
	at org.apache.hadoop.io.retry.RetryInvocationHandler.invoke(RetryInvocationHandler.java:102)
	at com.sun.proxy.$Proxy11.rollEditLog(Unknown Source)
	at org.apache.hadoop.hdfs.server.namenode.SecondaryNameNode.doCheckpoint(SecondaryNameNode.java:512)
	at org.apache.hadoop.hdfs.server.namenode.SecondaryNameNode.doWork(SecondaryNameNode.java:395)
	at org.apache.hadoop.hdfs.server.namenode.SecondaryNameNode$1.run(SecondaryNameNode.java:361)
	at org.apache.hadoop.security.SecurityUtil.doAsLoginUserOrFatal(SecurityUtil.java:415)
	at org.apache.hadoop.hdfs.server.namenode.SecondaryNameNode.run(SecondaryNameNode.java:357)
	at java.lang.Thread.run(Thread.java:748)
org.apache.hadoop.ipc.RemoteException(org.apache.hadoop.hdfs.server.namenode.SafeModeException): Log not rolled. Name node is in safe mode.
Resources are low on NN. Please add or free up more resources then turn off safe mode manually. NOTE:  If you turn off safe mode before adding resources, the NN will immediately return to safe mode. Use "hdfs dfsadmin -safemode leave" to turn safe mode off.
	at org.apache.hadoop.hdfs.server.namenode.FSNamesystem.checkNameNodeSafeMode(FSNamesystem.java:1327)
	at org.apache.hadoop.hdfs.server.namenode.FSNamesystem.rollEditLog(FSNamesystem.java:5829)
	at org.apache.hadoop.hdfs.server.namenode.NameNodeRpcServer.rollEditLog(NameNodeRpcServer.java:1116)
	at org.apache.hadoop.hdfs.protocolPB.NamenodeProtocolServerSideTranslatorPB.rollEditLog(NamenodeProtocolServerSideTranslatorPB.java:142)
	at org.apache.hadoop.hdfs.protocol.proto.NamenodeProtocolProtos$NamenodeProtocolService$2.callBlockingMethod(NamenodeProtocolProtos.java:12025)
	at org.apache.hadoop.ipc.ProtobufRpcEngine$Server$ProtoBufRpcInvoker.call(ProtobufRpcEngine.java:616)
	at org.apache.hadoop.ipc.RPC$Server.call(RPC.java:969)
	at org.apache.hadoop.ipc.Server$Handler$1.run(Server.java:2049)
	at org.apache.hadoop.ipc.Server$Handler$1.run(Server.java:2045)
	at java.security.AccessController.doPrivileged(Native Method)
	at javax.security.auth.Subject.doAs(Subject.java:422)
	at org.apache.hadoop.security.UserGroupInformation.doAs(UserGroupInformation.java:1657)
	at org.apache.hadoop.ipc.Server$Handler.run(Server.java:2043)

	at org.apache.hadoop.ipc.Client.call(Client.java:1476)
	at org.apache.hadoop.ipc.Client.call(Client.java:1407)
	at org.apache.hadoop.ipc.ProtobufRpcEngine$Invoker.invoke(ProtobufRpcEngine.java:229)
	at com.sun.proxy.$Proxy10.rollEditLog(Unknown Source)
	at org.apache.hadoop.hdfs.protocolPB.NamenodeProtocolTranslatorPB.rollEditLog(NamenodeProtocolTranslatorPB.java:148)
	at sun.reflect.GeneratedMethodAccessor3.invoke(Unknown Source)
	at sun.reflect.DelegatingMethodAccessorImpl.invoke(DelegatingMethodAccessorImpl.java:43)
	at java.lang.reflect.Method.invoke(Method.java:498)
	at org.apache.hadoop.io.retry.RetryInvocationHandler.invokeMethod(RetryInvocationHandler.java:187)
	at org.apache.hadoop.io.retry.RetryInvocationHandler.invoke(RetryInvocationHandler.java:102)
	at com.sun.proxy.$Proxy11.rollEditLog(Unknown Source)
	at org.apache.hadoop.hdfs.server.namenode.SecondaryNameNode.doCheckpoint(SecondaryNameNode.java:512)
	at org.apache.hadoop.hdfs.server.namenode.SecondaryNameNode.doWork(SecondaryNameNode.java:395)
	at org.apache.hadoop.hdfs.server.namenode.SecondaryNameNode$1.run(SecondaryNameNode.java:361)
	at org.apache.hadoop.security.SecurityUtil.doAsLoginUserOrFatal(SecurityUtil.java:415)
	at org.apache.hadoop.hdfs.server.namenode.SecondaryNameNode.run(SecondaryNameNode.java:357)
	at java.lang.Thread.run(Thread.java:748)
org.apache.hadoop.ipc.RemoteException(org.apache.hadoop.hdfs.server.namenode.SafeModeException): Log not rolled. Name node is in safe mode.
Resources are low on NN. Please add or free up more resources then turn off safe mode manually. NOTE:  If you turn off safe mode before adding resources, the NN will immediately return to safe mode. Use "hdfs dfsadmin -safemode leave" to turn safe mode off.
	at org.apache.hadoop.hdfs.server.namenode.FSNamesystem.checkNameNodeSafeMode(FSNamesystem.java:1327)
	at org.apache.hadoop.hdfs.server.namenode.FSNamesystem.rollEditLog(FSNamesystem.java:5829)
	at org.apache.hadoop.hdfs.server.namenode.NameNodeRpcServer.rollEditLog(NameNodeRpcServer.java:1116)
	at org.apache.hadoop.hdfs.protocolPB.NamenodeProtocolServerSideTranslatorPB.rollEditLog(NamenodeProtocolServerSideTranslatorPB.java:142)
	at org.apache.hadoop.hdfs.protocol.proto.NamenodeProtocolProtos$NamenodeProtocolService$2.callBlockingMethod(NamenodeProtocolProtos.java:12025)
	at org.apache.hadoop.ipc.ProtobufRpcEngine$Server$ProtoBufRpcInvoker.call(ProtobufRpcEngine.java:616)
	at org.apache.hadoop.ipc.RPC$Server.call(RPC.java:969)
	at org.apache.hadoop.ipc.Server$Handler$1.run(Server.java:2049)
	at org.apache.hadoop.ipc.Server$Handler$1.run(Server.java:2045)
	at java.security.AccessController.doPrivileged(Native Method)
	at javax.security.auth.Subject.doAs(Subject.java:422)
	at org.apache.hadoop.security.UserGroupInformation.doAs(UserGroupInformation.java:1657)
	at org.apache.hadoop.ipc.Server$Handler.run(Server.java:2043)

	at org.apache.hadoop.ipc.Client.call(Client.java:1476)
	at org.apache.hadoop.ipc.Client.call(Client.java:1407)
	at org.apache.hadoop.ipc.ProtobufRpcEngine$Invoker.invoke(ProtobufRpcEngine.java:229)
	at com.sun.proxy.$Proxy10.rollEditLog(Unknown Source)
	at org.apache.hadoop.hdfs.protocolPB.NamenodeProtocolTranslatorPB.rollEditLog(NamenodeProtocolTranslatorPB.java:148)
	at sun.reflect.GeneratedMethodAccessor3.invoke(Unknown Source)
	at sun.reflect.DelegatingMethodAccessorImpl.invoke(DelegatingMethodAccessorImpl.java:43)
	at java.lang.reflect.Method.invoke(Method.java:498)
	at org.apache.hadoop.io.retry.RetryInvocationHandler.invokeMethod(RetryInvocationHandler.java:187)
	at org.apache.hadoop.io.retry.RetryInvocationHandler.invoke(RetryInvocationHandler.java:102)
	at com.sun.proxy.$Proxy11.rollEditLog(Unknown Source)
	at org.apache.hadoop.hdfs.server.namenode.SecondaryNameNode.doCheckpoint(SecondaryNameNode.java:512)
	at org.apache.hadoop.hdfs.server.namenode.SecondaryNameNode.doWork(SecondaryNameNode.java:395)
	at org.apache.hadoop.hdfs.server.namenode.SecondaryNameNode$1.run(SecondaryNameNode.java:361)
	at org.apache.hadoop.security.SecurityUtil.doAsLoginUserOrFatal(SecurityUtil.java:415)
	at org.apache.hadoop.hdfs.server.namenode.SecondaryNameNode.run(SecondaryNameNode.java:357)
	at java.lang.Thread.run(Thread.java:748)
org.apache.hadoop.ipc.RemoteException(org.apache.hadoop.hdfs.server.namenode.SafeModeException): Log not rolled. Name node is in safe mode.
Resources are low on NN. Please add or free up more resources then turn off safe mode manually. NOTE:  If you turn off safe mode before adding resources, the NN will immediately return to safe mode. Use "hdfs dfsadmin -safemode leave" to turn safe mode off.
	at org.apache.hadoop.hdfs.server.namenode.FSNamesystem.checkNameNodeSafeMode(FSNamesystem.java:1327)
	at org.apache.hadoop.hdfs.server.namenode.FSNamesystem.rollEditLog(FSNamesystem.java:5829)
	at org.apache.hadoop.hdfs.server.namenode.NameNodeRpcServer.rollEditLog(NameNodeRpcServer.java:1116)
	at org.apache.hadoop.hdfs.protocolPB.NamenodeProtocolServerSideTranslatorPB.rollEditLog(NamenodeProtocolServerSideTranslatorPB.java:142)
	at org.apache.hadoop.hdfs.protocol.proto.NamenodeProtocolProtos$NamenodeProtocolService$2.callBlockingMethod(NamenodeProtocolProtos.java:12025)
	at org.apache.hadoop.ipc.ProtobufRpcEngine$Server$ProtoBufRpcInvoker.call(ProtobufRpcEngine.java:616)
	at org.apache.hadoop.ipc.RPC$Server.call(RPC.java:969)
	at org.apache.hadoop.ipc.Server$Handler$1.run(Server.java:2049)
	at org.apache.hadoop.ipc.Server$Handler$1.run(Server.java:2045)
	at java.security.AccessController.doPrivileged(Native Method)
	at javax.security.auth.Subject.doAs(Subject.java:422)
	at org.apache.hadoop.security.UserGroupInformation.doAs(UserGroupInformation.java:1657)
	at org.apache.hadoop.ipc.Server$Handler.run(Server.java:2043)

	at org.apache.hadoop.ipc.Client.call(Client.java:1476)
	at org.apache.hadoop.ipc.Client.call(Client.java:1407)
	at org.apache.hadoop.ipc.ProtobufRpcEngine$Invoker.invoke(ProtobufRpcEngine.java:229)
	at com.sun.proxy.$Proxy10.rollEditLog(Unknown Source)
	at org.apache.hadoop.hdfs.protocolPB.NamenodeProtocolTranslatorPB.rollEditLog(NamenodeProtocolTranslatorPB.java:148)
	at sun.reflect.GeneratedMethodAccessor3.invoke(Unknown Source)
	at sun.reflect.DelegatingMethodAccessorImpl.invoke(DelegatingMethodAccessorImpl.java:43)
	at java.lang.reflect.Method.invoke(Method.java:498)
	at org.apache.hadoop.io.retry.RetryInvocationHandler.invokeMethod(RetryInvocationHandler.java:187)
	at org.apache.hadoop.io.retry.RetryInvocationHandler.invoke(RetryInvocationHandler.java:102)
	at com.sun.proxy.$Proxy11.rollEditLog(Unknown Source)
	at org.apache.hadoop.hdfs.server.namenode.SecondaryNameNode.doCheckpoint(SecondaryNameNode.java:512)
	at org.apache.hadoop.hdfs.server.namenode.SecondaryNameNode.doWork(SecondaryNameNode.java:395)
	at org.apache.hadoop.hdfs.server.namenode.SecondaryNameNode$1.run(SecondaryNameNode.java:361)
	at org.apache.hadoop.security.SecurityUtil.doAsLoginUserOrFatal(SecurityUtil.java:415)
	at org.apache.hadoop.hdfs.server.namenode.SecondaryNameNode.run(SecondaryNameNode.java:357)
	at java.lang.Thread.run(Thread.java:748)
org.apache.hadoop.ipc.RemoteException(org.apache.hadoop.hdfs.server.namenode.SafeModeException): Log not rolled. Name node is in safe mode.
Resources are low on NN. Please add or free up more resources then turn off safe mode manually. NOTE:  If you turn off safe mode before adding resources, the NN will immediately return to safe mode. Use "hdfs dfsadmin -safemode leave" to turn safe mode off.
	at org.apache.hadoop.hdfs.server.namenode.FSNamesystem.checkNameNodeSafeMode(FSNamesystem.java:1327)
	at org.apache.hadoop.hdfs.server.namenode.FSNamesystem.rollEditLog(FSNamesystem.java:5829)
	at org.apache.hadoop.hdfs.server.namenode.NameNodeRpcServer.rollEditLog(NameNodeRpcServer.java:1116)
	at org.apache.hadoop.hdfs.protocolPB.NamenodeProtocolServerSideTranslatorPB.rollEditLog(NamenodeProtocolServerSideTranslatorPB.java:142)
	at org.apache.hadoop.hdfs.protocol.proto.NamenodeProtocolProtos$NamenodeProtocolService$2.callBlockingMethod(NamenodeProtocolProtos.java:12025)
	at org.apache.hadoop.ipc.ProtobufRpcEngine$Server$ProtoBufRpcInvoker.call(ProtobufRpcEngine.java:616)
	at org.apache.hadoop.ipc.RPC$Server.call(RPC.java:969)
	at org.apache.hadoop.ipc.Server$Handler$1.run(Server.java:2049)
	at org.apache.hadoop.ipc.Server$Handler$1.run(Server.java:2045)
	at java.security.AccessController.doPrivileged(Native Method)
	at javax.security.auth.Subject.doAs(Subject.java:422)
	at org.apache.hadoop.security.UserGroupInformation.doAs(UserGroupInformation.java:1657)
	at org.apache.hadoop.ipc.Server$Handler.run(Server.java:2043)

	at org.apache.hadoop.ipc.Client.call(Client.java:1476)
	at org.apache.hadoop.ipc.Client.call(Client.java:1407)
	at org.apache.hadoop.ipc.ProtobufRpcEngine$Invoker.invoke(ProtobufRpcEngine.java:229)
	at com.sun.proxy.$Proxy10.rollEditLog(Unknown Source)
	at org.apache.hadoop.hdfs.protocolPB.NamenodeProtocolTranslatorPB.rollEditLog(NamenodeProtocolTranslatorPB.java:148)
	at sun.reflect.GeneratedMethodAccessor3.invoke(Unknown Source)
	at sun.reflect.DelegatingMethodAccessorImpl.invoke(DelegatingMethodAccessorImpl.java:43)
	at java.lang.reflect.Method.invoke(Method.java:498)
	at org.apache.hadoop.io.retry.RetryInvocationHandler.invokeMethod(RetryInvocationHandler.java:187)
	at org.apache.hadoop.io.retry.RetryInvocationHandler.invoke(RetryInvocationHandler.java:102)
	at com.sun.proxy.$Proxy11.rollEditLog(Unknown Source)
	at org.apache.hadoop.hdfs.server.namenode.SecondaryNameNode.doCheckpoint(SecondaryNameNode.java:512)
	at org.apache.hadoop.hdfs.server.namenode.SecondaryNameNode.doWork(SecondaryNameNode.java:395)
	at org.apache.hadoop.hdfs.server.namenode.SecondaryNameNode$1.run(SecondaryNameNode.java:361)
	at org.apache.hadoop.security.SecurityUtil.doAsLoginUserOrFatal(SecurityUtil.java:415)
	at org.apache.hadoop.hdfs.server.namenode.SecondaryNameNode.run(SecondaryNameNode.java:357)
	at java.lang.Thread.run(Thread.java:748)
org.apache.hadoop.ipc.RemoteException(org.apache.hadoop.hdfs.server.namenode.SafeModeException): Log not rolled. Name node is in safe mode.
Resources are low on NN. Please add or free up more resources then turn off safe mode manually. NOTE:  If you turn off safe mode before adding resources, the NN will immediately return to safe mode. Use "hdfs dfsadmin -safemode leave" to turn safe mode off.
	at org.apache.hadoop.hdfs.server.namenode.FSNamesystem.checkNameNodeSafeMode(FSNamesystem.java:1327)
	at org.apache.hadoop.hdfs.server.namenode.FSNamesystem.rollEditLog(FSNamesystem.java:5829)
	at org.apache.hadoop.hdfs.server.namenode.NameNodeRpcServer.rollEditLog(NameNodeRpcServer.java:1116)
	at org.apache.hadoop.hdfs.protocolPB.NamenodeProtocolServerSideTranslatorPB.rollEditLog(NamenodeProtocolServerSideTranslatorPB.java:142)
	at org.apache.hadoop.hdfs.protocol.proto.NamenodeProtocolProtos$NamenodeProtocolService$2.callBlockingMethod(NamenodeProtocolProtos.java:12025)
	at org.apache.hadoop.ipc.ProtobufRpcEngine$Server$ProtoBufRpcInvoker.call(ProtobufRpcEngine.java:616)
	at org.apache.hadoop.ipc.RPC$Server.call(RPC.java:969)
	at org.apache.hadoop.ipc.Server$Handler$1.run(Server.java:2049)
	at org.apache.hadoop.ipc.Server$Handler$1.run(Server.java:2045)
	at java.security.AccessController.doPrivileged(Native Method)
	at javax.security.auth.Subject.doAs(Subject.java:422)
	at org.apache.hadoop.security.UserGroupInformation.doAs(UserGroupInformation.java:1657)
	at org.apache.hadoop.ipc.Server$Handler.run(Server.java:2043)

	at org.apache.hadoop.ipc.Client.call(Client.java:1476)
	at org.apache.hadoop.ipc.Client.call(Client.java:1407)
	at org.apache.hadoop.ipc.ProtobufRpcEngine$Invoker.invoke(ProtobufRpcEngine.java:229)
	at com.sun.proxy.$Proxy10.rollEditLog(Unknown Source)
	at org.apache.hadoop.hdfs.protocolPB.NamenodeProtocolTranslatorPB.rollEditLog(NamenodeProtocolTranslatorPB.java:148)
	at sun.reflect.GeneratedMethodAccessor3.invoke(Unknown Source)
	at sun.reflect.DelegatingMethodAccessorImpl.invoke(DelegatingMethodAccessorImpl.java:43)
	at java.lang.reflect.Method.invoke(Method.java:498)
	at org.apache.hadoop.io.retry.RetryInvocationHandler.invokeMethod(RetryInvocationHandler.java:187)
	at org.apache.hadoop.io.retry.RetryInvocationHandler.invoke(RetryInvocationHandler.java:102)
	at com.sun.proxy.$Proxy11.rollEditLog(Unknown Source)
	at org.apache.hadoop.hdfs.server.namenode.SecondaryNameNode.doCheckpoint(SecondaryNameNode.java:512)
	at org.apache.hadoop.hdfs.server.namenode.SecondaryNameNode.doWork(SecondaryNameNode.java:395)
	at org.apache.hadoop.hdfs.server.namenode.SecondaryNameNode$1.run(SecondaryNameNode.java:361)
	at org.apache.hadoop.security.SecurityUtil.doAsLoginUserOrFatal(SecurityUtil.java:415)
	at org.apache.hadoop.hdfs.server.namenode.SecondaryNameNode.run(SecondaryNameNode.java:357)
	at java.lang.Thread.run(Thread.java:748)
org.apache.hadoop.ipc.RemoteException(org.apache.hadoop.hdfs.server.namenode.SafeModeException): Log not rolled. Name node is in safe mode.
Resources are low on NN. Please add or free up more resources then turn off safe mode manually. NOTE:  If you turn off safe mode before adding resources, the NN will immediately return to safe mode. Use "hdfs dfsadmin -safemode leave" to turn safe mode off.
	at org.apache.hadoop.hdfs.server.namenode.FSNamesystem.checkNameNodeSafeMode(FSNamesystem.java:1327)
	at org.apache.hadoop.hdfs.server.namenode.FSNamesystem.rollEditLog(FSNamesystem.java:5829)
	at org.apache.hadoop.hdfs.server.namenode.NameNodeRpcServer.rollEditLog(NameNodeRpcServer.java:1116)
	at org.apache.hadoop.hdfs.protocolPB.NamenodeProtocolServerSideTranslatorPB.rollEditLog(NamenodeProtocolServerSideTranslatorPB.java:142)
	at org.apache.hadoop.hdfs.protocol.proto.NamenodeProtocolProtos$NamenodeProtocolService$2.callBlockingMethod(NamenodeProtocolProtos.java:12025)
	at org.apache.hadoop.ipc.ProtobufRpcEngine$Server$ProtoBufRpcInvoker.call(ProtobufRpcEngine.java:616)
	at org.apache.hadoop.ipc.RPC$Server.call(RPC.java:969)
	at org.apache.hadoop.ipc.Server$Handler$1.run(Server.java:2049)
	at org.apache.hadoop.ipc.Server$Handler$1.run(Server.java:2045)
	at java.security.AccessController.doPrivileged(Native Method)
	at javax.security.auth.Subject.doAs(Subject.java:422)
	at org.apache.hadoop.security.UserGroupInformation.doAs(UserGroupInformation.java:1657)
	at org.apache.hadoop.ipc.Server$Handler.run(Server.java:2043)

	at org.apache.hadoop.ipc.Client.call(Client.java:1476)
	at org.apache.hadoop.ipc.Client.call(Client.java:1407)
	at org.apache.hadoop.ipc.ProtobufRpcEngine$Invoker.invoke(ProtobufRpcEngine.java:229)
	at com.sun.proxy.$Proxy10.rollEditLog(Unknown Source)
	at org.apache.hadoop.hdfs.protocolPB.NamenodeProtocolTranslatorPB.rollEditLog(NamenodeProtocolTranslatorPB.java:148)
	at sun.reflect.GeneratedMethodAccessor3.invoke(Unknown Source)
	at sun.reflect.DelegatingMethodAccessorImpl.invoke(DelegatingMethodAccessorImpl.java:43)
	at java.lang.reflect.Method.invoke(Method.java:498)
	at org.apache.hadoop.io.retry.RetryInvocationHandler.invokeMethod(RetryInvocationHandler.java:187)
	at org.apache.hadoop.io.retry.RetryInvocationHandler.invoke(RetryInvocationHandler.java:102)
	at com.sun.proxy.$Proxy11.rollEditLog(Unknown Source)
	at org.apache.hadoop.hdfs.server.namenode.SecondaryNameNode.doCheckpoint(SecondaryNameNode.java:512)
	at org.apache.hadoop.hdfs.server.namenode.SecondaryNameNode.doWork(SecondaryNameNode.java:395)
	at org.apache.hadoop.hdfs.server.namenode.SecondaryNameNode$1.run(SecondaryNameNode.java:361)
	at org.apache.hadoop.security.SecurityUtil.doAsLoginUserOrFatal(SecurityUtil.java:415)
	at org.apache.hadoop.hdfs.server.namenode.SecondaryNameNode.run(SecondaryNameNode.java:357)
	at java.lang.Thread.run(Thread.java:748)
