2024-11-05 09:18:41,555 INFO org.apache.hadoop.hdfs.server.namenode.SecondaryNameNode: STARTUP_MSG: 
/************************************************************
STARTUP_MSG: Starting SecondaryNameNode
STARTUP_MSG:   host = cobalt.enseeiht.fr/147.127.133.69
STARTUP_MSG:   args = []
STARTUP_MSG:   version = 2.7.1
STARTUP_MSG:   classpath = /home/ejeandon/N7/3A/InfraBigData/hadoop-2.7.1/etc/hadoop:/home/ejeandon/N7/3A/InfraBigData/hadoop-2.7.1/share/hadoop/common/lib/jettison-1.1.jar:/home/ejeandon/N7/3A/InfraBigData/hadoop-2.7.1/share/hadoop/common/lib/commons-cli-1.2.jar:/home/ejeandon/N7/3A/InfraBigData/hadoop-2.7.1/share/hadoop/common/lib/mockito-all-1.8.5.jar:/home/ejeandon/N7/3A/InfraBigData/hadoop-2.7.1/share/hadoop/common/lib/jaxb-impl-2.2.3-1.jar:/home/ejeandon/N7/3A/InfraBigData/hadoop-2.7.1/share/hadoop/common/lib/jackson-core-asl-1.9.13.jar:/home/ejeandon/N7/3A/InfraBigData/hadoop-2.7.1/share/hadoop/common/lib/commons-codec-1.4.jar:/home/ejeandon/N7/3A/InfraBigData/hadoop-2.7.1/share/hadoop/common/lib/jersey-json-1.9.jar:/home/ejeandon/N7/3A/InfraBigData/hadoop-2.7.1/share/hadoop/common/lib/hadoop-annotations-2.7.1.jar:/home/ejeandon/N7/3A/InfraBigData/hadoop-2.7.1/share/hadoop/common/lib/commons-io-2.4.jar:/home/ejeandon/N7/3A/InfraBigData/hadoop-2.7.1/share/hadoop/common/lib/zookeeper-3.4.6.jar:/home/ejeandon/N7/3A/InfraBigData/hadoop-2.7.1/share/hadoop/common/lib/protobuf-java-2.5.0.jar:/home/ejeandon/N7/3A/InfraBigData/hadoop-2.7.1/share/hadoop/common/lib/jaxb-api-2.2.2.jar:/home/ejeandon/N7/3A/InfraBigData/hadoop-2.7.1/share/hadoop/common/lib/asm-3.2.jar:/home/ejeandon/N7/3A/InfraBigData/hadoop-2.7.1/share/hadoop/common/lib/jsr305-3.0.0.jar:/home/ejeandon/N7/3A/InfraBigData/hadoop-2.7.1/share/hadoop/common/lib/commons-collections-3.2.1.jar:/home/ejeandon/N7/3A/InfraBigData/hadoop-2.7.1/share/hadoop/common/lib/netty-3.6.2.Final.jar:/home/ejeandon/N7/3A/InfraBigData/hadoop-2.7.1/share/hadoop/common/lib/curator-framework-2.7.1.jar:/home/ejeandon/N7/3A/InfraBigData/hadoop-2.7.1/share/hadoop/common/lib/jsp-api-2.1.jar:/home/ejeandon/N7/3A/InfraBigData/hadoop-2.7.1/share/hadoop/common/lib/jackson-xc-1.9.13.jar:/home/ejeandon/N7/3A/InfraBigData/hadoop-2.7.1/share/hadoop/common/lib/xmlenc-0.52.jar:/home/ejeandon/N7/3A/InfraBigData/hadoop-2.7.1/share/hadoop/common/lib/apacheds-kerberos-codec-2.0.0-M15.jar:/home/ejeandon/N7/3A/InfraBigData/hadoop-2.7.1/share/hadoop/common/lib/snappy-java-1.0.4.1.jar:/home/ejeandon/N7/3A/InfraBigData/hadoop-2.7.1/share/hadoop/common/lib/api-asn1-api-1.0.0-M20.jar:/home/ejeandon/N7/3A/InfraBigData/hadoop-2.7.1/share/hadoop/common/lib/hadoop-auth-2.7.1.jar:/home/ejeandon/N7/3A/InfraBigData/hadoop-2.7.1/share/hadoop/common/lib/httpclient-4.2.5.jar:/home/ejeandon/N7/3A/InfraBigData/hadoop-2.7.1/share/hadoop/common/lib/commons-httpclient-3.1.jar:/home/ejeandon/N7/3A/InfraBigData/hadoop-2.7.1/share/hadoop/common/lib/jetty-util-6.1.26.jar:/home/ejeandon/N7/3A/InfraBigData/hadoop-2.7.1/share/hadoop/common/lib/guava-11.0.2.jar:/home/ejeandon/N7/3A/InfraBigData/hadoop-2.7.1/share/hadoop/common/lib/activation-1.1.jar:/home/ejeandon/N7/3A/InfraBigData/hadoop-2.7.1/share/hadoop/common/lib/jsch-0.1.42.jar:/home/ejeandon/N7/3A/InfraBigData/hadoop-2.7.1/share/hadoop/common/lib/commons-net-3.1.jar:/home/ejeandon/N7/3A/InfraBigData/hadoop-2.7.1/share/hadoop/common/lib/hamcrest-core-1.3.jar:/home/ejeandon/N7/3A/InfraBigData/hadoop-2.7.1/share/hadoop/common/lib/xz-1.0.jar:/home/ejeandon/N7/3A/InfraBigData/hadoop-2.7.1/share/hadoop/common/lib/commons-beanutils-1.7.0.jar:/home/ejeandon/N7/3A/InfraBigData/hadoop-2.7.1/share/hadoop/common/lib/commons-compress-1.4.1.jar:/home/ejeandon/N7/3A/InfraBigData/hadoop-2.7.1/share/hadoop/common/lib/jackson-mapper-asl-1.9.13.jar:/home/ejeandon/N7/3A/InfraBigData/hadoop-2.7.1/share/hadoop/common/lib/paranamer-2.3.jar:/home/ejeandon/N7/3A/InfraBigData/hadoop-2.7.1/share/hadoop/common/lib/junit-4.11.jar:/home/ejeandon/N7/3A/InfraBigData/hadoop-2.7.1/share/hadoop/common/lib/log4j-1.2.17.jar:/home/ejeandon/N7/3A/InfraBigData/hadoop-2.7.1/share/hadoop/common/lib/gson-2.2.4.jar:/home/ejeandon/N7/3A/InfraBigData/hadoop-2.7.1/share/hadoop/common/lib/slf4j-log4j12-1.7.10.jar:/home/ejeandon/N7/3A/InfraBigData/hadoop-2.7.1/share/hadoop/common/lib/commons-lang-2.6.jar:/home/ejeandon/N7/3A/InfraBigData/hadoop-2.7.1/share/hadoop/common/lib/curator-recipes-2.7.1.jar:/home/ejeandon/N7/3A/InfraBigData/hadoop-2.7.1/share/hadoop/common/lib/java-xmlbuilder-0.4.jar:/home/ejeandon/N7/3A/InfraBigData/hadoop-2.7.1/share/hadoop/common/lib/jetty-6.1.26.jar:/home/ejeandon/N7/3A/InfraBigData/hadoop-2.7.1/share/hadoop/common/lib/commons-logging-1.1.3.jar:/home/ejeandon/N7/3A/InfraBigData/hadoop-2.7.1/share/hadoop/common/lib/jackson-jaxrs-1.9.13.jar:/home/ejeandon/N7/3A/InfraBigData/hadoop-2.7.1/share/hadoop/common/lib/commons-beanutils-core-1.8.0.jar:/home/ejeandon/N7/3A/InfraBigData/hadoop-2.7.1/share/hadoop/common/lib/stax-api-1.0-2.jar:/home/ejeandon/N7/3A/InfraBigData/hadoop-2.7.1/share/hadoop/common/lib/htrace-core-3.1.0-incubating.jar:/home/ejeandon/N7/3A/InfraBigData/hadoop-2.7.1/share/hadoop/common/lib/servlet-api-2.5.jar:/home/ejeandon/N7/3A/InfraBigData/hadoop-2.7.1/share/hadoop/common/lib/commons-digester-1.8.jar:/home/ejeandon/N7/3A/InfraBigData/hadoop-2.7.1/share/hadoop/common/lib/slf4j-api-1.7.10.jar:/home/ejeandon/N7/3A/InfraBigData/hadoop-2.7.1/share/hadoop/common/lib/commons-configuration-1.6.jar:/home/ejeandon/N7/3A/InfraBigData/hadoop-2.7.1/share/hadoop/common/lib/jersey-core-1.9.jar:/home/ejeandon/N7/3A/InfraBigData/hadoop-2.7.1/share/hadoop/common/lib/apacheds-i18n-2.0.0-M15.jar:/home/ejeandon/N7/3A/InfraBigData/hadoop-2.7.1/share/hadoop/common/lib/avro-1.7.4.jar:/home/ejeandon/N7/3A/InfraBigData/hadoop-2.7.1/share/hadoop/common/lib/httpcore-4.2.5.jar:/home/ejeandon/N7/3A/InfraBigData/hadoop-2.7.1/share/hadoop/common/lib/api-util-1.0.0-M20.jar:/home/ejeandon/N7/3A/InfraBigData/hadoop-2.7.1/share/hadoop/common/lib/jets3t-0.9.0.jar:/home/ejeandon/N7/3A/InfraBigData/hadoop-2.7.1/share/hadoop/common/lib/commons-math3-3.1.1.jar:/home/ejeandon/N7/3A/InfraBigData/hadoop-2.7.1/share/hadoop/common/lib/curator-client-2.7.1.jar:/home/ejeandon/N7/3A/InfraBigData/hadoop-2.7.1/share/hadoop/common/lib/jersey-server-1.9.jar:/home/ejeandon/N7/3A/InfraBigData/hadoop-2.7.1/share/hadoop/common/hadoop-common-2.7.1-tests.jar:/home/ejeandon/N7/3A/InfraBigData/hadoop-2.7.1/share/hadoop/common/hadoop-common-2.7.1.jar:/home/ejeandon/N7/3A/InfraBigData/hadoop-2.7.1/share/hadoop/common/hadoop-nfs-2.7.1.jar:/home/ejeandon/N7/3A/InfraBigData/hadoop-2.7.1/share/hadoop/hdfs:/home/ejeandon/N7/3A/InfraBigData/hadoop-2.7.1/share/hadoop/hdfs/lib/commons-cli-1.2.jar:/home/ejeandon/N7/3A/InfraBigData/hadoop-2.7.1/share/hadoop/hdfs/lib/jackson-core-asl-1.9.13.jar:/home/ejeandon/N7/3A/InfraBigData/hadoop-2.7.1/share/hadoop/hdfs/lib/commons-codec-1.4.jar:/home/ejeandon/N7/3A/InfraBigData/hadoop-2.7.1/share/hadoop/hdfs/lib/xercesImpl-2.9.1.jar:/home/ejeandon/N7/3A/InfraBigData/hadoop-2.7.1/share/hadoop/hdfs/lib/commons-io-2.4.jar:/home/ejeandon/N7/3A/InfraBigData/hadoop-2.7.1/share/hadoop/hdfs/lib/protobuf-java-2.5.0.jar:/home/ejeandon/N7/3A/InfraBigData/hadoop-2.7.1/share/hadoop/hdfs/lib/asm-3.2.jar:/home/ejeandon/N7/3A/InfraBigData/hadoop-2.7.1/share/hadoop/hdfs/lib/jsr305-3.0.0.jar:/home/ejeandon/N7/3A/InfraBigData/hadoop-2.7.1/share/hadoop/hdfs/lib/xml-apis-1.3.04.jar:/home/ejeandon/N7/3A/InfraBigData/hadoop-2.7.1/share/hadoop/hdfs/lib/netty-3.6.2.Final.jar:/home/ejeandon/N7/3A/InfraBigData/hadoop-2.7.1/share/hadoop/hdfs/lib/netty-all-4.0.23.Final.jar:/home/ejeandon/N7/3A/InfraBigData/hadoop-2.7.1/share/hadoop/hdfs/lib/xmlenc-0.52.jar:/home/ejeandon/N7/3A/InfraBigData/hadoop-2.7.1/share/hadoop/hdfs/lib/commons-daemon-1.0.13.jar:/home/ejeandon/N7/3A/InfraBigData/hadoop-2.7.1/share/hadoop/hdfs/lib/jetty-util-6.1.26.jar:/home/ejeandon/N7/3A/InfraBigData/hadoop-2.7.1/share/hadoop/hdfs/lib/guava-11.0.2.jar:/home/ejeandon/N7/3A/InfraBigData/hadoop-2.7.1/share/hadoop/hdfs/lib/jackson-mapper-asl-1.9.13.jar:/home/ejeandon/N7/3A/InfraBigData/hadoop-2.7.1/share/hadoop/hdfs/lib/log4j-1.2.17.jar:/home/ejeandon/N7/3A/InfraBigData/hadoop-2.7.1/share/hadoop/hdfs/lib/commons-lang-2.6.jar:/home/ejeandon/N7/3A/InfraBigData/hadoop-2.7.1/share/hadoop/hdfs/lib/jetty-6.1.26.jar:/home/ejeandon/N7/3A/InfraBigData/hadoop-2.7.1/share/hadoop/hdfs/lib/commons-logging-1.1.3.jar:/home/ejeandon/N7/3A/InfraBigData/hadoop-2.7.1/share/hadoop/hdfs/lib/htrace-core-3.1.0-incubating.jar:/home/ejeandon/N7/3A/InfraBigData/hadoop-2.7.1/share/hadoop/hdfs/lib/servlet-api-2.5.jar:/home/ejeandon/N7/3A/InfraBigData/hadoop-2.7.1/share/hadoop/hdfs/lib/jersey-core-1.9.jar:/home/ejeandon/N7/3A/InfraBigData/hadoop-2.7.1/share/hadoop/hdfs/lib/leveldbjni-all-1.8.jar:/home/ejeandon/N7/3A/InfraBigData/hadoop-2.7.1/share/hadoop/hdfs/lib/jersey-server-1.9.jar:/home/ejeandon/N7/3A/InfraBigData/hadoop-2.7.1/share/hadoop/hdfs/hadoop-hdfs-2.7.1-tests.jar:/home/ejeandon/N7/3A/InfraBigData/hadoop-2.7.1/share/hadoop/hdfs/hadoop-hdfs-2.7.1.jar:/home/ejeandon/N7/3A/InfraBigData/hadoop-2.7.1/share/hadoop/hdfs/hadoop-hdfs-nfs-2.7.1.jar:/home/ejeandon/N7/3A/InfraBigData/hadoop-2.7.1/share/hadoop/yarn/lib/jettison-1.1.jar:/home/ejeandon/N7/3A/InfraBigData/hadoop-2.7.1/share/hadoop/yarn/lib/commons-cli-1.2.jar:/home/ejeandon/N7/3A/InfraBigData/hadoop-2.7.1/share/hadoop/yarn/lib/jaxb-impl-2.2.3-1.jar:/home/ejeandon/N7/3A/InfraBigData/hadoop-2.7.1/share/hadoop/yarn/lib/jackson-core-asl-1.9.13.jar:/home/ejeandon/N7/3A/InfraBigData/hadoop-2.7.1/share/hadoop/yarn/lib/commons-codec-1.4.jar:/home/ejeandon/N7/3A/InfraBigData/hadoop-2.7.1/share/hadoop/yarn/lib/jersey-json-1.9.jar:/home/ejeandon/N7/3A/InfraBigData/hadoop-2.7.1/share/hadoop/yarn/lib/commons-io-2.4.jar:/home/ejeandon/N7/3A/InfraBigData/hadoop-2.7.1/share/hadoop/yarn/lib/zookeeper-3.4.6.jar:/home/ejeandon/N7/3A/InfraBigData/hadoop-2.7.1/share/hadoop/yarn/lib/protobuf-java-2.5.0.jar:/home/ejeandon/N7/3A/InfraBigData/hadoop-2.7.1/share/hadoop/yarn/lib/jaxb-api-2.2.2.jar:/home/ejeandon/N7/3A/InfraBigData/hadoop-2.7.1/share/hadoop/yarn/lib/asm-3.2.jar:/home/ejeandon/N7/3A/InfraBigData/hadoop-2.7.1/share/hadoop/yarn/lib/jsr305-3.0.0.jar:/home/ejeandon/N7/3A/InfraBigData/hadoop-2.7.1/share/hadoop/yarn/lib/commons-collections-3.2.1.jar:/home/ejeandon/N7/3A/InfraBigData/hadoop-2.7.1/share/hadoop/yarn/lib/netty-3.6.2.Final.jar:/home/ejeandon/N7/3A/InfraBigData/hadoop-2.7.1/share/hadoop/yarn/lib/jackson-xc-1.9.13.jar:/home/ejeandon/N7/3A/InfraBigData/hadoop-2.7.1/share/hadoop/yarn/lib/zookeeper-3.4.6-tests.jar:/home/ejeandon/N7/3A/InfraBigData/hadoop-2.7.1/share/hadoop/yarn/lib/javax.inject-1.jar:/home/ejeandon/N7/3A/InfraBigData/hadoop-2.7.1/share/hadoop/yarn/lib/jersey-guice-1.9.jar:/home/ejeandon/N7/3A/InfraBigData/hadoop-2.7.1/share/hadoop/yarn/lib/jetty-util-6.1.26.jar:/home/ejeandon/N7/3A/InfraBigData/hadoop-2.7.1/share/hadoop/yarn/lib/guava-11.0.2.jar:/home/ejeandon/N7/3A/InfraBigData/hadoop-2.7.1/share/hadoop/yarn/lib/activation-1.1.jar:/home/ejeandon/N7/3A/InfraBigData/hadoop-2.7.1/share/hadoop/yarn/lib/aopalliance-1.0.jar:/home/ejeandon/N7/3A/InfraBigData/hadoop-2.7.1/share/hadoop/yarn/lib/xz-1.0.jar:/home/ejeandon/N7/3A/InfraBigData/hadoop-2.7.1/share/hadoop/yarn/lib/commons-compress-1.4.1.jar:/home/ejeandon/N7/3A/InfraBigData/hadoop-2.7.1/share/hadoop/yarn/lib/jackson-mapper-asl-1.9.13.jar:/home/ejeandon/N7/3A/InfraBigData/hadoop-2.7.1/share/hadoop/yarn/lib/log4j-1.2.17.jar:/home/ejeandon/N7/3A/InfraBigData/hadoop-2.7.1/share/hadoop/yarn/lib/commons-lang-2.6.jar:/home/ejeandon/N7/3A/InfraBigData/hadoop-2.7.1/share/hadoop/yarn/lib/jetty-6.1.26.jar:/home/ejeandon/N7/3A/InfraBigData/hadoop-2.7.1/share/hadoop/yarn/lib/commons-logging-1.1.3.jar:/home/ejeandon/N7/3A/InfraBigData/hadoop-2.7.1/share/hadoop/yarn/lib/jackson-jaxrs-1.9.13.jar:/home/ejeandon/N7/3A/InfraBigData/hadoop-2.7.1/share/hadoop/yarn/lib/jersey-client-1.9.jar:/home/ejeandon/N7/3A/InfraBigData/hadoop-2.7.1/share/hadoop/yarn/lib/stax-api-1.0-2.jar:/home/ejeandon/N7/3A/InfraBigData/hadoop-2.7.1/share/hadoop/yarn/lib/servlet-api-2.5.jar:/home/ejeandon/N7/3A/InfraBigData/hadoop-2.7.1/share/hadoop/yarn/lib/jersey-core-1.9.jar:/home/ejeandon/N7/3A/InfraBigData/hadoop-2.7.1/share/hadoop/yarn/lib/guice-servlet-3.0.jar:/home/ejeandon/N7/3A/InfraBigData/hadoop-2.7.1/share/hadoop/yarn/lib/leveldbjni-all-1.8.jar:/home/ejeandon/N7/3A/InfraBigData/hadoop-2.7.1/share/hadoop/yarn/lib/guice-3.0.jar:/home/ejeandon/N7/3A/InfraBigData/hadoop-2.7.1/share/hadoop/yarn/lib/jersey-server-1.9.jar:/home/ejeandon/N7/3A/InfraBigData/hadoop-2.7.1/share/hadoop/yarn/hadoop-yarn-server-common-2.7.1.jar:/home/ejeandon/N7/3A/InfraBigData/hadoop-2.7.1/share/hadoop/yarn/hadoop-yarn-registry-2.7.1.jar:/home/ejeandon/N7/3A/InfraBigData/hadoop-2.7.1/share/hadoop/yarn/hadoop-yarn-applications-distributedshell-2.7.1.jar:/home/ejeandon/N7/3A/InfraBigData/hadoop-2.7.1/share/hadoop/yarn/hadoop-yarn-client-2.7.1.jar:/home/ejeandon/N7/3A/InfraBigData/hadoop-2.7.1/share/hadoop/yarn/hadoop-yarn-server-sharedcachemanager-2.7.1.jar:/home/ejeandon/N7/3A/InfraBigData/hadoop-2.7.1/share/hadoop/yarn/hadoop-yarn-applications-unmanaged-am-launcher-2.7.1.jar:/home/ejeandon/N7/3A/InfraBigData/hadoop-2.7.1/share/hadoop/yarn/hadoop-yarn-server-applicationhistoryservice-2.7.1.jar:/home/ejeandon/N7/3A/InfraBigData/hadoop-2.7.1/share/hadoop/yarn/hadoop-yarn-server-resourcemanager-2.7.1.jar:/home/ejeandon/N7/3A/InfraBigData/hadoop-2.7.1/share/hadoop/yarn/hadoop-yarn-common-2.7.1.jar:/home/ejeandon/N7/3A/InfraBigData/hadoop-2.7.1/share/hadoop/yarn/hadoop-yarn-server-nodemanager-2.7.1.jar:/home/ejeandon/N7/3A/InfraBigData/hadoop-2.7.1/share/hadoop/yarn/hadoop-yarn-api-2.7.1.jar:/home/ejeandon/N7/3A/InfraBigData/hadoop-2.7.1/share/hadoop/yarn/hadoop-yarn-server-web-proxy-2.7.1.jar:/home/ejeandon/N7/3A/InfraBigData/hadoop-2.7.1/share/hadoop/yarn/hadoop-yarn-server-tests-2.7.1.jar:/home/ejeandon/N7/3A/InfraBigData/hadoop-2.7.1/share/hadoop/mapreduce/lib/jackson-core-asl-1.9.13.jar:/home/ejeandon/N7/3A/InfraBigData/hadoop-2.7.1/share/hadoop/mapreduce/lib/hadoop-annotations-2.7.1.jar:/home/ejeandon/N7/3A/InfraBigData/hadoop-2.7.1/share/hadoop/mapreduce/lib/commons-io-2.4.jar:/home/ejeandon/N7/3A/InfraBigData/hadoop-2.7.1/share/hadoop/mapreduce/lib/protobuf-java-2.5.0.jar:/home/ejeandon/N7/3A/InfraBigData/hadoop-2.7.1/share/hadoop/mapreduce/lib/asm-3.2.jar:/home/ejeandon/N7/3A/InfraBigData/hadoop-2.7.1/share/hadoop/mapreduce/lib/netty-3.6.2.Final.jar:/home/ejeandon/N7/3A/InfraBigData/hadoop-2.7.1/share/hadoop/mapreduce/lib/snappy-java-1.0.4.1.jar:/home/ejeandon/N7/3A/InfraBigData/hadoop-2.7.1/share/hadoop/mapreduce/lib/javax.inject-1.jar:/home/ejeandon/N7/3A/InfraBigData/hadoop-2.7.1/share/hadoop/mapreduce/lib/jersey-guice-1.9.jar:/home/ejeandon/N7/3A/InfraBigData/hadoop-2.7.1/share/hadoop/mapreduce/lib/aopalliance-1.0.jar:/home/ejeandon/N7/3A/InfraBigData/hadoop-2.7.1/share/hadoop/mapreduce/lib/hamcrest-core-1.3.jar:/home/ejeandon/N7/3A/InfraBigData/hadoop-2.7.1/share/hadoop/mapreduce/lib/xz-1.0.jar:/home/ejeandon/N7/3A/InfraBigData/hadoop-2.7.1/share/hadoop/mapreduce/lib/commons-compress-1.4.1.jar:/home/ejeandon/N7/3A/InfraBigData/hadoop-2.7.1/share/hadoop/mapreduce/lib/jackson-mapper-asl-1.9.13.jar:/home/ejeandon/N7/3A/InfraBigData/hadoop-2.7.1/share/hadoop/mapreduce/lib/paranamer-2.3.jar:/home/ejeandon/N7/3A/InfraBigData/hadoop-2.7.1/share/hadoop/mapreduce/lib/junit-4.11.jar:/home/ejeandon/N7/3A/InfraBigData/hadoop-2.7.1/share/hadoop/mapreduce/lib/log4j-1.2.17.jar:/home/ejeandon/N7/3A/InfraBigData/hadoop-2.7.1/share/hadoop/mapreduce/lib/jersey-core-1.9.jar:/home/ejeandon/N7/3A/InfraBigData/hadoop-2.7.1/share/hadoop/mapreduce/lib/avro-1.7.4.jar:/home/ejeandon/N7/3A/InfraBigData/hadoop-2.7.1/share/hadoop/mapreduce/lib/guice-servlet-3.0.jar:/home/ejeandon/N7/3A/InfraBigData/hadoop-2.7.1/share/hadoop/mapreduce/lib/leveldbjni-all-1.8.jar:/home/ejeandon/N7/3A/InfraBigData/hadoop-2.7.1/share/hadoop/mapreduce/lib/guice-3.0.jar:/home/ejeandon/N7/3A/InfraBigData/hadoop-2.7.1/share/hadoop/mapreduce/lib/jersey-server-1.9.jar:/home/ejeandon/N7/3A/InfraBigData/hadoop-2.7.1/share/hadoop/mapreduce/hadoop-mapreduce-client-jobclient-2.7.1-tests.jar:/home/ejeandon/N7/3A/InfraBigData/hadoop-2.7.1/share/hadoop/mapreduce/hadoop-mapreduce-examples-2.7.1.jar:/home/ejeandon/N7/3A/InfraBigData/hadoop-2.7.1/share/hadoop/mapreduce/hadoop-mapreduce-client-core-2.7.1.jar:/home/ejeandon/N7/3A/InfraBigData/hadoop-2.7.1/share/hadoop/mapreduce/hadoop-mapreduce-client-app-2.7.1.jar:/home/ejeandon/N7/3A/InfraBigData/hadoop-2.7.1/share/hadoop/mapreduce/hadoop-mapreduce-client-jobclient-2.7.1.jar:/home/ejeandon/N7/3A/InfraBigData/hadoop-2.7.1/share/hadoop/mapreduce/hadoop-mapreduce-client-shuffle-2.7.1.jar:/home/ejeandon/N7/3A/InfraBigData/hadoop-2.7.1/share/hadoop/mapreduce/hadoop-mapreduce-client-hs-plugins-2.7.1.jar:/home/ejeandon/N7/3A/InfraBigData/hadoop-2.7.1/share/hadoop/mapreduce/hadoop-mapreduce-client-hs-2.7.1.jar:/home/ejeandon/N7/3A/InfraBigData/hadoop-2.7.1/share/hadoop/mapreduce/hadoop-mapreduce-client-common-2.7.1.jar:/home/ejeandon/N7/3A/InfraBigData/hadoop-2.7.1/contrib/capacity-scheduler/*.jar:/home/ejeandon/N7/3A/InfraBigData/hadoop-2.7.1/contrib/capacity-scheduler/*.jar:/home/ejeandon/N7/3A/InfraBigData/hadoop-2.7.1/contrib/capacity-scheduler/*.jar
STARTUP_MSG:   build = https://git-wip-us.apache.org/repos/asf/hadoop.git -r 15ecc87ccf4a0228f35af08fc56de536e6ce657a; compiled by 'jenkins' on 2015-06-29T06:04Z
STARTUP_MSG:   java = 1.8.0_202
************************************************************/
2024-11-05 09:18:41,563 INFO org.apache.hadoop.hdfs.server.namenode.SecondaryNameNode: registered UNIX signal handlers for [TERM, HUP, INT]
2024-11-05 09:18:41,861 INFO org.apache.hadoop.metrics2.impl.MetricsConfig: loaded properties from hadoop-metrics2.properties
2024-11-05 09:18:41,901 INFO org.apache.hadoop.metrics2.impl.MetricsSystemImpl: Scheduled snapshot period at 10 second(s).
2024-11-05 09:18:41,901 INFO org.apache.hadoop.metrics2.impl.MetricsSystemImpl: SecondaryNameNode metrics system started
2024-11-05 09:18:42,065 INFO org.apache.hadoop.hdfs.server.common.Storage: Lock on /tmp/hadoop/dfs/namesecondary/in_use.lock acquired by nodename 827173@cobalt.enseeiht.fr
2024-11-05 09:18:42,067 INFO org.apache.hadoop.hdfs.server.namenode.FSNamesystem: No KeyProvider found.
2024-11-05 09:18:42,067 INFO org.apache.hadoop.hdfs.server.namenode.FSNamesystem: fsLock is fair:true
2024-11-05 09:18:42,092 INFO org.apache.hadoop.hdfs.server.blockmanagement.DatanodeManager: dfs.block.invalidate.limit=1000
2024-11-05 09:18:42,092 INFO org.apache.hadoop.hdfs.server.blockmanagement.DatanodeManager: dfs.namenode.datanode.registration.ip-hostname-check=true
2024-11-05 09:18:42,092 INFO org.apache.hadoop.hdfs.server.blockmanagement.BlockManager: dfs.namenode.startup.delay.block.deletion.sec is set to 000:00:00:00.000
2024-11-05 09:18:42,093 INFO org.apache.hadoop.hdfs.server.blockmanagement.BlockManager: The block deletion will start around 2024 nov. 05 09:18:42
2024-11-05 09:18:42,094 INFO org.apache.hadoop.util.GSet: Computing capacity for map BlocksMap
2024-11-05 09:18:42,094 INFO org.apache.hadoop.util.GSet: VM type       = 64-bit
2024-11-05 09:18:42,095 INFO org.apache.hadoop.util.GSet: 2.0% max memory 889 MB = 17.8 MB
2024-11-05 09:18:42,095 INFO org.apache.hadoop.util.GSet: capacity      = 2^21 = 2097152 entries
2024-11-05 09:18:42,103 INFO org.apache.hadoop.hdfs.server.blockmanagement.BlockManager: dfs.block.access.token.enable=false
2024-11-05 09:18:42,103 INFO org.apache.hadoop.hdfs.server.blockmanagement.BlockManager: defaultReplication         = 1
2024-11-05 09:18:42,103 INFO org.apache.hadoop.hdfs.server.blockmanagement.BlockManager: maxReplication             = 512
2024-11-05 09:18:42,103 INFO org.apache.hadoop.hdfs.server.blockmanagement.BlockManager: minReplication             = 1
2024-11-05 09:18:42,103 INFO org.apache.hadoop.hdfs.server.blockmanagement.BlockManager: maxReplicationStreams      = 2
2024-11-05 09:18:42,103 INFO org.apache.hadoop.hdfs.server.blockmanagement.BlockManager: shouldCheckForEnoughRacks  = false
2024-11-05 09:18:42,103 INFO org.apache.hadoop.hdfs.server.blockmanagement.BlockManager: replicationRecheckInterval = 3000
2024-11-05 09:18:42,103 INFO org.apache.hadoop.hdfs.server.blockmanagement.BlockManager: encryptDataTransfer        = false
2024-11-05 09:18:42,103 INFO org.apache.hadoop.hdfs.server.blockmanagement.BlockManager: maxNumBlocksToLog          = 1000
2024-11-05 09:18:42,104 INFO org.apache.hadoop.hdfs.server.namenode.FSNamesystem: fsOwner             = ejeandon (auth:SIMPLE)
2024-11-05 09:18:42,104 INFO org.apache.hadoop.hdfs.server.namenode.FSNamesystem: supergroup          = supergroup
2024-11-05 09:18:42,104 INFO org.apache.hadoop.hdfs.server.namenode.FSNamesystem: isPermissionEnabled = true
2024-11-05 09:18:42,104 INFO org.apache.hadoop.hdfs.server.namenode.FSNamesystem: HA Enabled: false
2024-11-05 09:18:42,105 INFO org.apache.hadoop.hdfs.server.namenode.FSNamesystem: Append Enabled: true
2024-11-05 09:18:42,243 INFO org.apache.hadoop.util.GSet: Computing capacity for map INodeMap
2024-11-05 09:18:42,243 INFO org.apache.hadoop.util.GSet: VM type       = 64-bit
2024-11-05 09:18:42,243 INFO org.apache.hadoop.util.GSet: 1.0% max memory 889 MB = 8.9 MB
2024-11-05 09:18:42,243 INFO org.apache.hadoop.util.GSet: capacity      = 2^20 = 1048576 entries
2024-11-05 09:18:42,243 INFO org.apache.hadoop.hdfs.server.namenode.FSDirectory: ACLs enabled? false
2024-11-05 09:18:42,243 INFO org.apache.hadoop.hdfs.server.namenode.FSDirectory: XAttrs enabled? true
2024-11-05 09:18:42,243 INFO org.apache.hadoop.hdfs.server.namenode.FSDirectory: Maximum size of an xattr: 16384
2024-11-05 09:18:42,244 INFO org.apache.hadoop.hdfs.server.namenode.NameNode: Caching file names occuring more than 10 times
2024-11-05 09:18:42,248 INFO org.apache.hadoop.util.GSet: Computing capacity for map cachedBlocks
2024-11-05 09:18:42,248 INFO org.apache.hadoop.util.GSet: VM type       = 64-bit
2024-11-05 09:18:42,248 INFO org.apache.hadoop.util.GSet: 0.25% max memory 889 MB = 2.2 MB
2024-11-05 09:18:42,248 INFO org.apache.hadoop.util.GSet: capacity      = 2^18 = 262144 entries
2024-11-05 09:18:42,249 INFO org.apache.hadoop.hdfs.server.namenode.FSNamesystem: dfs.namenode.safemode.threshold-pct = 0.9990000128746033
2024-11-05 09:18:42,249 INFO org.apache.hadoop.hdfs.server.namenode.FSNamesystem: dfs.namenode.safemode.min.datanodes = 0
2024-11-05 09:18:42,249 INFO org.apache.hadoop.hdfs.server.namenode.FSNamesystem: dfs.namenode.safemode.extension     = 30000
2024-11-05 09:18:42,251 INFO org.apache.hadoop.hdfs.server.namenode.top.metrics.TopMetrics: NNTop conf: dfs.namenode.top.window.num.buckets = 10
2024-11-05 09:18:42,251 INFO org.apache.hadoop.hdfs.server.namenode.top.metrics.TopMetrics: NNTop conf: dfs.namenode.top.num.users = 10
2024-11-05 09:18:42,251 INFO org.apache.hadoop.hdfs.server.namenode.top.metrics.TopMetrics: NNTop conf: dfs.namenode.top.windows.minutes = 1,5,25
2024-11-05 09:18:42,258 INFO org.apache.hadoop.hdfs.DFSUtil: Starting Web-server for secondary at: http://0.0.0.0:50090
2024-11-05 09:18:42,292 INFO org.mortbay.log: Logging to org.slf4j.impl.Log4jLoggerAdapter(org.mortbay.log) via org.mortbay.log.Slf4jLog
2024-11-05 09:18:42,298 INFO org.apache.hadoop.security.authentication.server.AuthenticationFilter: Unable to initialize FileSignerSecretProvider, falling back to use random secrets.
2024-11-05 09:18:42,301 INFO org.apache.hadoop.http.HttpRequestLog: Http request log for http.requests.secondary is not defined
2024-11-05 09:18:42,304 INFO org.apache.hadoop.http.HttpServer2: Added global filter 'safety' (class=org.apache.hadoop.http.HttpServer2$QuotingInputFilter)
2024-11-05 09:18:42,306 INFO org.apache.hadoop.http.HttpServer2: Added filter static_user_filter (class=org.apache.hadoop.http.lib.StaticUserWebFilter$StaticUserFilter) to context secondary
2024-11-05 09:18:42,306 INFO org.apache.hadoop.http.HttpServer2: Added filter static_user_filter (class=org.apache.hadoop.http.lib.StaticUserWebFilter$StaticUserFilter) to context logs
2024-11-05 09:18:42,306 INFO org.apache.hadoop.http.HttpServer2: Added filter static_user_filter (class=org.apache.hadoop.http.lib.StaticUserWebFilter$StaticUserFilter) to context static
2024-11-05 09:18:42,314 INFO org.apache.hadoop.http.HttpServer2: Jetty bound to port 50090
2024-11-05 09:18:42,315 INFO org.mortbay.log: jetty-6.1.26
2024-11-05 09:18:42,401 INFO org.mortbay.log: Started HttpServer2$SelectChannelConnectorWithSafeStartup@0.0.0.0:50090
2024-11-05 09:18:42,402 INFO org.apache.hadoop.hdfs.server.namenode.SecondaryNameNode: Web server init done
2024-11-05 09:18:42,402 INFO org.apache.hadoop.hdfs.server.namenode.SecondaryNameNode: Checkpoint Period   :3600 secs (60 min)
2024-11-05 09:18:42,402 INFO org.apache.hadoop.hdfs.server.namenode.SecondaryNameNode: Log Size Trigger    :1000000 txns
2024-11-05 09:19:42,553 ERROR org.apache.hadoop.hdfs.server.namenode.SecondaryNameNode: Exception in doCheckpoint
org.apache.hadoop.ipc.RemoteException(org.apache.hadoop.hdfs.server.namenode.SafeModeException): Log not rolled. Name node is in safe mode.
Resources are low on NN. Please add or free up more resources then turn off safe mode manually. NOTE:  If you turn off safe mode before adding resources, the NN will immediately return to safe mode. Use "hdfs dfsadmin -safemode leave" to turn safe mode off.
	at org.apache.hadoop.hdfs.server.namenode.FSNamesystem.checkNameNodeSafeMode(FSNamesystem.java:1327)
	at org.apache.hadoop.hdfs.server.namenode.FSNamesystem.rollEditLog(FSNamesystem.java:5829)
	at org.apache.hadoop.hdfs.server.namenode.NameNodeRpcServer.rollEditLog(NameNodeRpcServer.java:1116)
	at org.apache.hadoop.hdfs.protocolPB.NamenodeProtocolServerSideTranslatorPB.rollEditLog(NamenodeProtocolServerSideTranslatorPB.java:142)
	at org.apache.hadoop.hdfs.protocol.proto.NamenodeProtocolProtos$NamenodeProtocolService$2.callBlockingMethod(NamenodeProtocolProtos.java:12025)
	at org.apache.hadoop.ipc.ProtobufRpcEngine$Server$ProtoBufRpcInvoker.call(ProtobufRpcEngine.java:616)
	at org.apache.hadoop.ipc.RPC$Server.call(RPC.java:969)
	at org.apache.hadoop.ipc.Server$Handler$1.run(Server.java:2049)
	at org.apache.hadoop.ipc.Server$Handler$1.run(Server.java:2045)
	at java.security.AccessController.doPrivileged(Native Method)
	at javax.security.auth.Subject.doAs(Subject.java:422)
	at org.apache.hadoop.security.UserGroupInformation.doAs(UserGroupInformation.java:1657)
	at org.apache.hadoop.ipc.Server$Handler.run(Server.java:2043)

	at org.apache.hadoop.ipc.Client.call(Client.java:1476)
	at org.apache.hadoop.ipc.Client.call(Client.java:1407)
	at org.apache.hadoop.ipc.ProtobufRpcEngine$Invoker.invoke(ProtobufRpcEngine.java:229)
	at com.sun.proxy.$Proxy10.rollEditLog(Unknown Source)
	at org.apache.hadoop.hdfs.protocolPB.NamenodeProtocolTranslatorPB.rollEditLog(NamenodeProtocolTranslatorPB.java:148)
	at sun.reflect.NativeMethodAccessorImpl.invoke0(Native Method)
	at sun.reflect.NativeMethodAccessorImpl.invoke(NativeMethodAccessorImpl.java:62)
	at sun.reflect.DelegatingMethodAccessorImpl.invoke(DelegatingMethodAccessorImpl.java:43)
	at java.lang.reflect.Method.invoke(Method.java:498)
	at org.apache.hadoop.io.retry.RetryInvocationHandler.invokeMethod(RetryInvocationHandler.java:187)
	at org.apache.hadoop.io.retry.RetryInvocationHandler.invoke(RetryInvocationHandler.java:102)
	at com.sun.proxy.$Proxy11.rollEditLog(Unknown Source)
	at org.apache.hadoop.hdfs.server.namenode.SecondaryNameNode.doCheckpoint(SecondaryNameNode.java:512)
	at org.apache.hadoop.hdfs.server.namenode.SecondaryNameNode.doWork(SecondaryNameNode.java:395)
	at org.apache.hadoop.hdfs.server.namenode.SecondaryNameNode$1.run(SecondaryNameNode.java:361)
	at org.apache.hadoop.security.SecurityUtil.doAsLoginUserOrFatal(SecurityUtil.java:415)
	at org.apache.hadoop.hdfs.server.namenode.SecondaryNameNode.run(SecondaryNameNode.java:357)
	at java.lang.Thread.run(Thread.java:748)
2024-11-05 09:20:42,565 ERROR org.apache.hadoop.hdfs.server.namenode.SecondaryNameNode: Exception in doCheckpoint
org.apache.hadoop.ipc.RemoteException(org.apache.hadoop.hdfs.server.namenode.SafeModeException): Log not rolled. Name node is in safe mode.
Resources are low on NN. Please add or free up more resources then turn off safe mode manually. NOTE:  If you turn off safe mode before adding resources, the NN will immediately return to safe mode. Use "hdfs dfsadmin -safemode leave" to turn safe mode off.
	at org.apache.hadoop.hdfs.server.namenode.FSNamesystem.checkNameNodeSafeMode(FSNamesystem.java:1327)
	at org.apache.hadoop.hdfs.server.namenode.FSNamesystem.rollEditLog(FSNamesystem.java:5829)
	at org.apache.hadoop.hdfs.server.namenode.NameNodeRpcServer.rollEditLog(NameNodeRpcServer.java:1116)
	at org.apache.hadoop.hdfs.protocolPB.NamenodeProtocolServerSideTranslatorPB.rollEditLog(NamenodeProtocolServerSideTranslatorPB.java:142)
	at org.apache.hadoop.hdfs.protocol.proto.NamenodeProtocolProtos$NamenodeProtocolService$2.callBlockingMethod(NamenodeProtocolProtos.java:12025)
	at org.apache.hadoop.ipc.ProtobufRpcEngine$Server$ProtoBufRpcInvoker.call(ProtobufRpcEngine.java:616)
	at org.apache.hadoop.ipc.RPC$Server.call(RPC.java:969)
	at org.apache.hadoop.ipc.Server$Handler$1.run(Server.java:2049)
	at org.apache.hadoop.ipc.Server$Handler$1.run(Server.java:2045)
	at java.security.AccessController.doPrivileged(Native Method)
	at javax.security.auth.Subject.doAs(Subject.java:422)
	at org.apache.hadoop.security.UserGroupInformation.doAs(UserGroupInformation.java:1657)
	at org.apache.hadoop.ipc.Server$Handler.run(Server.java:2043)

	at org.apache.hadoop.ipc.Client.call(Client.java:1476)
	at org.apache.hadoop.ipc.Client.call(Client.java:1407)
	at org.apache.hadoop.ipc.ProtobufRpcEngine$Invoker.invoke(ProtobufRpcEngine.java:229)
	at com.sun.proxy.$Proxy10.rollEditLog(Unknown Source)
	at org.apache.hadoop.hdfs.protocolPB.NamenodeProtocolTranslatorPB.rollEditLog(NamenodeProtocolTranslatorPB.java:148)
	at sun.reflect.NativeMethodAccessorImpl.invoke0(Native Method)
	at sun.reflect.NativeMethodAccessorImpl.invoke(NativeMethodAccessorImpl.java:62)
	at sun.reflect.DelegatingMethodAccessorImpl.invoke(DelegatingMethodAccessorImpl.java:43)
	at java.lang.reflect.Method.invoke(Method.java:498)
	at org.apache.hadoop.io.retry.RetryInvocationHandler.invokeMethod(RetryInvocationHandler.java:187)
	at org.apache.hadoop.io.retry.RetryInvocationHandler.invoke(RetryInvocationHandler.java:102)
	at com.sun.proxy.$Proxy11.rollEditLog(Unknown Source)
	at org.apache.hadoop.hdfs.server.namenode.SecondaryNameNode.doCheckpoint(SecondaryNameNode.java:512)
	at org.apache.hadoop.hdfs.server.namenode.SecondaryNameNode.doWork(SecondaryNameNode.java:395)
	at org.apache.hadoop.hdfs.server.namenode.SecondaryNameNode$1.run(SecondaryNameNode.java:361)
	at org.apache.hadoop.security.SecurityUtil.doAsLoginUserOrFatal(SecurityUtil.java:415)
	at org.apache.hadoop.hdfs.server.namenode.SecondaryNameNode.run(SecondaryNameNode.java:357)
	at java.lang.Thread.run(Thread.java:748)
2024-11-05 09:21:42,578 ERROR org.apache.hadoop.hdfs.server.namenode.SecondaryNameNode: Exception in doCheckpoint
org.apache.hadoop.ipc.RemoteException(org.apache.hadoop.hdfs.server.namenode.SafeModeException): Log not rolled. Name node is in safe mode.
Resources are low on NN. Please add or free up more resources then turn off safe mode manually. NOTE:  If you turn off safe mode before adding resources, the NN will immediately return to safe mode. Use "hdfs dfsadmin -safemode leave" to turn safe mode off.
	at org.apache.hadoop.hdfs.server.namenode.FSNamesystem.checkNameNodeSafeMode(FSNamesystem.java:1327)
	at org.apache.hadoop.hdfs.server.namenode.FSNamesystem.rollEditLog(FSNamesystem.java:5829)
	at org.apache.hadoop.hdfs.server.namenode.NameNodeRpcServer.rollEditLog(NameNodeRpcServer.java:1116)
	at org.apache.hadoop.hdfs.protocolPB.NamenodeProtocolServerSideTranslatorPB.rollEditLog(NamenodeProtocolServerSideTranslatorPB.java:142)
	at org.apache.hadoop.hdfs.protocol.proto.NamenodeProtocolProtos$NamenodeProtocolService$2.callBlockingMethod(NamenodeProtocolProtos.java:12025)
	at org.apache.hadoop.ipc.ProtobufRpcEngine$Server$ProtoBufRpcInvoker.call(ProtobufRpcEngine.java:616)
	at org.apache.hadoop.ipc.RPC$Server.call(RPC.java:969)
	at org.apache.hadoop.ipc.Server$Handler$1.run(Server.java:2049)
	at org.apache.hadoop.ipc.Server$Handler$1.run(Server.java:2045)
	at java.security.AccessController.doPrivileged(Native Method)
	at javax.security.auth.Subject.doAs(Subject.java:422)
	at org.apache.hadoop.security.UserGroupInformation.doAs(UserGroupInformation.java:1657)
	at org.apache.hadoop.ipc.Server$Handler.run(Server.java:2043)

	at org.apache.hadoop.ipc.Client.call(Client.java:1476)
	at org.apache.hadoop.ipc.Client.call(Client.java:1407)
	at org.apache.hadoop.ipc.ProtobufRpcEngine$Invoker.invoke(ProtobufRpcEngine.java:229)
	at com.sun.proxy.$Proxy10.rollEditLog(Unknown Source)
	at org.apache.hadoop.hdfs.protocolPB.NamenodeProtocolTranslatorPB.rollEditLog(NamenodeProtocolTranslatorPB.java:148)
	at sun.reflect.NativeMethodAccessorImpl.invoke0(Native Method)
	at sun.reflect.NativeMethodAccessorImpl.invoke(NativeMethodAccessorImpl.java:62)
	at sun.reflect.DelegatingMethodAccessorImpl.invoke(DelegatingMethodAccessorImpl.java:43)
	at java.lang.reflect.Method.invoke(Method.java:498)
	at org.apache.hadoop.io.retry.RetryInvocationHandler.invokeMethod(RetryInvocationHandler.java:187)
	at org.apache.hadoop.io.retry.RetryInvocationHandler.invoke(RetryInvocationHandler.java:102)
	at com.sun.proxy.$Proxy11.rollEditLog(Unknown Source)
	at org.apache.hadoop.hdfs.server.namenode.SecondaryNameNode.doCheckpoint(SecondaryNameNode.java:512)
	at org.apache.hadoop.hdfs.server.namenode.SecondaryNameNode.doWork(SecondaryNameNode.java:395)
	at org.apache.hadoop.hdfs.server.namenode.SecondaryNameNode$1.run(SecondaryNameNode.java:361)
	at org.apache.hadoop.security.SecurityUtil.doAsLoginUserOrFatal(SecurityUtil.java:415)
	at org.apache.hadoop.hdfs.server.namenode.SecondaryNameNode.run(SecondaryNameNode.java:357)
	at java.lang.Thread.run(Thread.java:748)
2024-11-05 09:22:42,582 ERROR org.apache.hadoop.hdfs.server.namenode.SecondaryNameNode: Exception in doCheckpoint
org.apache.hadoop.ipc.RemoteException(org.apache.hadoop.hdfs.server.namenode.SafeModeException): Log not rolled. Name node is in safe mode.
Resources are low on NN. Please add or free up more resources then turn off safe mode manually. NOTE:  If you turn off safe mode before adding resources, the NN will immediately return to safe mode. Use "hdfs dfsadmin -safemode leave" to turn safe mode off.
	at org.apache.hadoop.hdfs.server.namenode.FSNamesystem.checkNameNodeSafeMode(FSNamesystem.java:1327)
	at org.apache.hadoop.hdfs.server.namenode.FSNamesystem.rollEditLog(FSNamesystem.java:5829)
	at org.apache.hadoop.hdfs.server.namenode.NameNodeRpcServer.rollEditLog(NameNodeRpcServer.java:1116)
	at org.apache.hadoop.hdfs.protocolPB.NamenodeProtocolServerSideTranslatorPB.rollEditLog(NamenodeProtocolServerSideTranslatorPB.java:142)
	at org.apache.hadoop.hdfs.protocol.proto.NamenodeProtocolProtos$NamenodeProtocolService$2.callBlockingMethod(NamenodeProtocolProtos.java:12025)
	at org.apache.hadoop.ipc.ProtobufRpcEngine$Server$ProtoBufRpcInvoker.call(ProtobufRpcEngine.java:616)
	at org.apache.hadoop.ipc.RPC$Server.call(RPC.java:969)
	at org.apache.hadoop.ipc.Server$Handler$1.run(Server.java:2049)
	at org.apache.hadoop.ipc.Server$Handler$1.run(Server.java:2045)
	at java.security.AccessController.doPrivileged(Native Method)
	at javax.security.auth.Subject.doAs(Subject.java:422)
	at org.apache.hadoop.security.UserGroupInformation.doAs(UserGroupInformation.java:1657)
	at org.apache.hadoop.ipc.Server$Handler.run(Server.java:2043)

	at org.apache.hadoop.ipc.Client.call(Client.java:1476)
	at org.apache.hadoop.ipc.Client.call(Client.java:1407)
	at org.apache.hadoop.ipc.ProtobufRpcEngine$Invoker.invoke(ProtobufRpcEngine.java:229)
	at com.sun.proxy.$Proxy10.rollEditLog(Unknown Source)
	at org.apache.hadoop.hdfs.protocolPB.NamenodeProtocolTranslatorPB.rollEditLog(NamenodeProtocolTranslatorPB.java:148)
	at sun.reflect.NativeMethodAccessorImpl.invoke0(Native Method)
	at sun.reflect.NativeMethodAccessorImpl.invoke(NativeMethodAccessorImpl.java:62)
	at sun.reflect.DelegatingMethodAccessorImpl.invoke(DelegatingMethodAccessorImpl.java:43)
	at java.lang.reflect.Method.invoke(Method.java:498)
	at org.apache.hadoop.io.retry.RetryInvocationHandler.invokeMethod(RetryInvocationHandler.java:187)
	at org.apache.hadoop.io.retry.RetryInvocationHandler.invoke(RetryInvocationHandler.java:102)
	at com.sun.proxy.$Proxy11.rollEditLog(Unknown Source)
	at org.apache.hadoop.hdfs.server.namenode.SecondaryNameNode.doCheckpoint(SecondaryNameNode.java:512)
	at org.apache.hadoop.hdfs.server.namenode.SecondaryNameNode.doWork(SecondaryNameNode.java:395)
	at org.apache.hadoop.hdfs.server.namenode.SecondaryNameNode$1.run(SecondaryNameNode.java:361)
	at org.apache.hadoop.security.SecurityUtil.doAsLoginUserOrFatal(SecurityUtil.java:415)
	at org.apache.hadoop.hdfs.server.namenode.SecondaryNameNode.run(SecondaryNameNode.java:357)
	at java.lang.Thread.run(Thread.java:748)
2024-11-05 09:23:42,586 ERROR org.apache.hadoop.hdfs.server.namenode.SecondaryNameNode: Exception in doCheckpoint
org.apache.hadoop.ipc.RemoteException(org.apache.hadoop.hdfs.server.namenode.SafeModeException): Log not rolled. Name node is in safe mode.
Resources are low on NN. Please add or free up more resources then turn off safe mode manually. NOTE:  If you turn off safe mode before adding resources, the NN will immediately return to safe mode. Use "hdfs dfsadmin -safemode leave" to turn safe mode off.
	at org.apache.hadoop.hdfs.server.namenode.FSNamesystem.checkNameNodeSafeMode(FSNamesystem.java:1327)
	at org.apache.hadoop.hdfs.server.namenode.FSNamesystem.rollEditLog(FSNamesystem.java:5829)
	at org.apache.hadoop.hdfs.server.namenode.NameNodeRpcServer.rollEditLog(NameNodeRpcServer.java:1116)
	at org.apache.hadoop.hdfs.protocolPB.NamenodeProtocolServerSideTranslatorPB.rollEditLog(NamenodeProtocolServerSideTranslatorPB.java:142)
	at org.apache.hadoop.hdfs.protocol.proto.NamenodeProtocolProtos$NamenodeProtocolService$2.callBlockingMethod(NamenodeProtocolProtos.java:12025)
	at org.apache.hadoop.ipc.ProtobufRpcEngine$Server$ProtoBufRpcInvoker.call(ProtobufRpcEngine.java:616)
	at org.apache.hadoop.ipc.RPC$Server.call(RPC.java:969)
	at org.apache.hadoop.ipc.Server$Handler$1.run(Server.java:2049)
	at org.apache.hadoop.ipc.Server$Handler$1.run(Server.java:2045)
	at java.security.AccessController.doPrivileged(Native Method)
	at javax.security.auth.Subject.doAs(Subject.java:422)
	at org.apache.hadoop.security.UserGroupInformation.doAs(UserGroupInformation.java:1657)
	at org.apache.hadoop.ipc.Server$Handler.run(Server.java:2043)

	at org.apache.hadoop.ipc.Client.call(Client.java:1476)
	at org.apache.hadoop.ipc.Client.call(Client.java:1407)
	at org.apache.hadoop.ipc.ProtobufRpcEngine$Invoker.invoke(ProtobufRpcEngine.java:229)
	at com.sun.proxy.$Proxy10.rollEditLog(Unknown Source)
	at org.apache.hadoop.hdfs.protocolPB.NamenodeProtocolTranslatorPB.rollEditLog(NamenodeProtocolTranslatorPB.java:148)
	at sun.reflect.NativeMethodAccessorImpl.invoke0(Native Method)
	at sun.reflect.NativeMethodAccessorImpl.invoke(NativeMethodAccessorImpl.java:62)
	at sun.reflect.DelegatingMethodAccessorImpl.invoke(DelegatingMethodAccessorImpl.java:43)
	at java.lang.reflect.Method.invoke(Method.java:498)
	at org.apache.hadoop.io.retry.RetryInvocationHandler.invokeMethod(RetryInvocationHandler.java:187)
	at org.apache.hadoop.io.retry.RetryInvocationHandler.invoke(RetryInvocationHandler.java:102)
	at com.sun.proxy.$Proxy11.rollEditLog(Unknown Source)
	at org.apache.hadoop.hdfs.server.namenode.SecondaryNameNode.doCheckpoint(SecondaryNameNode.java:512)
	at org.apache.hadoop.hdfs.server.namenode.SecondaryNameNode.doWork(SecondaryNameNode.java:395)
	at org.apache.hadoop.hdfs.server.namenode.SecondaryNameNode$1.run(SecondaryNameNode.java:361)
	at org.apache.hadoop.security.SecurityUtil.doAsLoginUserOrFatal(SecurityUtil.java:415)
	at org.apache.hadoop.hdfs.server.namenode.SecondaryNameNode.run(SecondaryNameNode.java:357)
	at java.lang.Thread.run(Thread.java:748)
2024-11-05 09:24:42,590 ERROR org.apache.hadoop.hdfs.server.namenode.SecondaryNameNode: Exception in doCheckpoint
org.apache.hadoop.ipc.RemoteException(org.apache.hadoop.hdfs.server.namenode.SafeModeException): Log not rolled. Name node is in safe mode.
Resources are low on NN. Please add or free up more resources then turn off safe mode manually. NOTE:  If you turn off safe mode before adding resources, the NN will immediately return to safe mode. Use "hdfs dfsadmin -safemode leave" to turn safe mode off.
	at org.apache.hadoop.hdfs.server.namenode.FSNamesystem.checkNameNodeSafeMode(FSNamesystem.java:1327)
	at org.apache.hadoop.hdfs.server.namenode.FSNamesystem.rollEditLog(FSNamesystem.java:5829)
	at org.apache.hadoop.hdfs.server.namenode.NameNodeRpcServer.rollEditLog(NameNodeRpcServer.java:1116)
	at org.apache.hadoop.hdfs.protocolPB.NamenodeProtocolServerSideTranslatorPB.rollEditLog(NamenodeProtocolServerSideTranslatorPB.java:142)
	at org.apache.hadoop.hdfs.protocol.proto.NamenodeProtocolProtos$NamenodeProtocolService$2.callBlockingMethod(NamenodeProtocolProtos.java:12025)
	at org.apache.hadoop.ipc.ProtobufRpcEngine$Server$ProtoBufRpcInvoker.call(ProtobufRpcEngine.java:616)
	at org.apache.hadoop.ipc.RPC$Server.call(RPC.java:969)
	at org.apache.hadoop.ipc.Server$Handler$1.run(Server.java:2049)
	at org.apache.hadoop.ipc.Server$Handler$1.run(Server.java:2045)
	at java.security.AccessController.doPrivileged(Native Method)
	at javax.security.auth.Subject.doAs(Subject.java:422)
	at org.apache.hadoop.security.UserGroupInformation.doAs(UserGroupInformation.java:1657)
	at org.apache.hadoop.ipc.Server$Handler.run(Server.java:2043)

	at org.apache.hadoop.ipc.Client.call(Client.java:1476)
	at org.apache.hadoop.ipc.Client.call(Client.java:1407)
	at org.apache.hadoop.ipc.ProtobufRpcEngine$Invoker.invoke(ProtobufRpcEngine.java:229)
	at com.sun.proxy.$Proxy10.rollEditLog(Unknown Source)
	at org.apache.hadoop.hdfs.protocolPB.NamenodeProtocolTranslatorPB.rollEditLog(NamenodeProtocolTranslatorPB.java:148)
	at sun.reflect.NativeMethodAccessorImpl.invoke0(Native Method)
	at sun.reflect.NativeMethodAccessorImpl.invoke(NativeMethodAccessorImpl.java:62)
	at sun.reflect.DelegatingMethodAccessorImpl.invoke(DelegatingMethodAccessorImpl.java:43)
	at java.lang.reflect.Method.invoke(Method.java:498)
	at org.apache.hadoop.io.retry.RetryInvocationHandler.invokeMethod(RetryInvocationHandler.java:187)
	at org.apache.hadoop.io.retry.RetryInvocationHandler.invoke(RetryInvocationHandler.java:102)
	at com.sun.proxy.$Proxy11.rollEditLog(Unknown Source)
	at org.apache.hadoop.hdfs.server.namenode.SecondaryNameNode.doCheckpoint(SecondaryNameNode.java:512)
	at org.apache.hadoop.hdfs.server.namenode.SecondaryNameNode.doWork(SecondaryNameNode.java:395)
	at org.apache.hadoop.hdfs.server.namenode.SecondaryNameNode$1.run(SecondaryNameNode.java:361)
	at org.apache.hadoop.security.SecurityUtil.doAsLoginUserOrFatal(SecurityUtil.java:415)
	at org.apache.hadoop.hdfs.server.namenode.SecondaryNameNode.run(SecondaryNameNode.java:357)
	at java.lang.Thread.run(Thread.java:748)
2024-11-05 09:25:42,602 ERROR org.apache.hadoop.hdfs.server.namenode.SecondaryNameNode: Exception in doCheckpoint
org.apache.hadoop.ipc.RemoteException(org.apache.hadoop.hdfs.server.namenode.SafeModeException): Log not rolled. Name node is in safe mode.
Resources are low on NN. Please add or free up more resources then turn off safe mode manually. NOTE:  If you turn off safe mode before adding resources, the NN will immediately return to safe mode. Use "hdfs dfsadmin -safemode leave" to turn safe mode off.
	at org.apache.hadoop.hdfs.server.namenode.FSNamesystem.checkNameNodeSafeMode(FSNamesystem.java:1327)
	at org.apache.hadoop.hdfs.server.namenode.FSNamesystem.rollEditLog(FSNamesystem.java:5829)
	at org.apache.hadoop.hdfs.server.namenode.NameNodeRpcServer.rollEditLog(NameNodeRpcServer.java:1116)
	at org.apache.hadoop.hdfs.protocolPB.NamenodeProtocolServerSideTranslatorPB.rollEditLog(NamenodeProtocolServerSideTranslatorPB.java:142)
	at org.apache.hadoop.hdfs.protocol.proto.NamenodeProtocolProtos$NamenodeProtocolService$2.callBlockingMethod(NamenodeProtocolProtos.java:12025)
	at org.apache.hadoop.ipc.ProtobufRpcEngine$Server$ProtoBufRpcInvoker.call(ProtobufRpcEngine.java:616)
	at org.apache.hadoop.ipc.RPC$Server.call(RPC.java:969)
	at org.apache.hadoop.ipc.Server$Handler$1.run(Server.java:2049)
	at org.apache.hadoop.ipc.Server$Handler$1.run(Server.java:2045)
	at java.security.AccessController.doPrivileged(Native Method)
	at javax.security.auth.Subject.doAs(Subject.java:422)
	at org.apache.hadoop.security.UserGroupInformation.doAs(UserGroupInformation.java:1657)
	at org.apache.hadoop.ipc.Server$Handler.run(Server.java:2043)

	at org.apache.hadoop.ipc.Client.call(Client.java:1476)
	at org.apache.hadoop.ipc.Client.call(Client.java:1407)
	at org.apache.hadoop.ipc.ProtobufRpcEngine$Invoker.invoke(ProtobufRpcEngine.java:229)
	at com.sun.proxy.$Proxy10.rollEditLog(Unknown Source)
	at org.apache.hadoop.hdfs.protocolPB.NamenodeProtocolTranslatorPB.rollEditLog(NamenodeProtocolTranslatorPB.java:148)
	at sun.reflect.NativeMethodAccessorImpl.invoke0(Native Method)
	at sun.reflect.NativeMethodAccessorImpl.invoke(NativeMethodAccessorImpl.java:62)
	at sun.reflect.DelegatingMethodAccessorImpl.invoke(DelegatingMethodAccessorImpl.java:43)
	at java.lang.reflect.Method.invoke(Method.java:498)
	at org.apache.hadoop.io.retry.RetryInvocationHandler.invokeMethod(RetryInvocationHandler.java:187)
	at org.apache.hadoop.io.retry.RetryInvocationHandler.invoke(RetryInvocationHandler.java:102)
	at com.sun.proxy.$Proxy11.rollEditLog(Unknown Source)
	at org.apache.hadoop.hdfs.server.namenode.SecondaryNameNode.doCheckpoint(SecondaryNameNode.java:512)
	at org.apache.hadoop.hdfs.server.namenode.SecondaryNameNode.doWork(SecondaryNameNode.java:395)
	at org.apache.hadoop.hdfs.server.namenode.SecondaryNameNode$1.run(SecondaryNameNode.java:361)
	at org.apache.hadoop.security.SecurityUtil.doAsLoginUserOrFatal(SecurityUtil.java:415)
	at org.apache.hadoop.hdfs.server.namenode.SecondaryNameNode.run(SecondaryNameNode.java:357)
	at java.lang.Thread.run(Thread.java:748)
2024-11-05 09:26:42,607 ERROR org.apache.hadoop.hdfs.server.namenode.SecondaryNameNode: Exception in doCheckpoint
org.apache.hadoop.ipc.RemoteException(org.apache.hadoop.hdfs.server.namenode.SafeModeException): Log not rolled. Name node is in safe mode.
Resources are low on NN. Please add or free up more resources then turn off safe mode manually. NOTE:  If you turn off safe mode before adding resources, the NN will immediately return to safe mode. Use "hdfs dfsadmin -safemode leave" to turn safe mode off.
	at org.apache.hadoop.hdfs.server.namenode.FSNamesystem.checkNameNodeSafeMode(FSNamesystem.java:1327)
	at org.apache.hadoop.hdfs.server.namenode.FSNamesystem.rollEditLog(FSNamesystem.java:5829)
	at org.apache.hadoop.hdfs.server.namenode.NameNodeRpcServer.rollEditLog(NameNodeRpcServer.java:1116)
	at org.apache.hadoop.hdfs.protocolPB.NamenodeProtocolServerSideTranslatorPB.rollEditLog(NamenodeProtocolServerSideTranslatorPB.java:142)
	at org.apache.hadoop.hdfs.protocol.proto.NamenodeProtocolProtos$NamenodeProtocolService$2.callBlockingMethod(NamenodeProtocolProtos.java:12025)
	at org.apache.hadoop.ipc.ProtobufRpcEngine$Server$ProtoBufRpcInvoker.call(ProtobufRpcEngine.java:616)
	at org.apache.hadoop.ipc.RPC$Server.call(RPC.java:969)
	at org.apache.hadoop.ipc.Server$Handler$1.run(Server.java:2049)
	at org.apache.hadoop.ipc.Server$Handler$1.run(Server.java:2045)
	at java.security.AccessController.doPrivileged(Native Method)
	at javax.security.auth.Subject.doAs(Subject.java:422)
	at org.apache.hadoop.security.UserGroupInformation.doAs(UserGroupInformation.java:1657)
	at org.apache.hadoop.ipc.Server$Handler.run(Server.java:2043)

	at org.apache.hadoop.ipc.Client.call(Client.java:1476)
	at org.apache.hadoop.ipc.Client.call(Client.java:1407)
	at org.apache.hadoop.ipc.ProtobufRpcEngine$Invoker.invoke(ProtobufRpcEngine.java:229)
	at com.sun.proxy.$Proxy10.rollEditLog(Unknown Source)
	at org.apache.hadoop.hdfs.protocolPB.NamenodeProtocolTranslatorPB.rollEditLog(NamenodeProtocolTranslatorPB.java:148)
	at sun.reflect.NativeMethodAccessorImpl.invoke0(Native Method)
	at sun.reflect.NativeMethodAccessorImpl.invoke(NativeMethodAccessorImpl.java:62)
	at sun.reflect.DelegatingMethodAccessorImpl.invoke(DelegatingMethodAccessorImpl.java:43)
	at java.lang.reflect.Method.invoke(Method.java:498)
	at org.apache.hadoop.io.retry.RetryInvocationHandler.invokeMethod(RetryInvocationHandler.java:187)
	at org.apache.hadoop.io.retry.RetryInvocationHandler.invoke(RetryInvocationHandler.java:102)
	at com.sun.proxy.$Proxy11.rollEditLog(Unknown Source)
	at org.apache.hadoop.hdfs.server.namenode.SecondaryNameNode.doCheckpoint(SecondaryNameNode.java:512)
	at org.apache.hadoop.hdfs.server.namenode.SecondaryNameNode.doWork(SecondaryNameNode.java:395)
	at org.apache.hadoop.hdfs.server.namenode.SecondaryNameNode$1.run(SecondaryNameNode.java:361)
	at org.apache.hadoop.security.SecurityUtil.doAsLoginUserOrFatal(SecurityUtil.java:415)
	at org.apache.hadoop.hdfs.server.namenode.SecondaryNameNode.run(SecondaryNameNode.java:357)
	at java.lang.Thread.run(Thread.java:748)
2024-11-05 09:27:42,613 ERROR org.apache.hadoop.hdfs.server.namenode.SecondaryNameNode: Exception in doCheckpoint
org.apache.hadoop.ipc.RemoteException(org.apache.hadoop.hdfs.server.namenode.SafeModeException): Log not rolled. Name node is in safe mode.
Resources are low on NN. Please add or free up more resources then turn off safe mode manually. NOTE:  If you turn off safe mode before adding resources, the NN will immediately return to safe mode. Use "hdfs dfsadmin -safemode leave" to turn safe mode off.
	at org.apache.hadoop.hdfs.server.namenode.FSNamesystem.checkNameNodeSafeMode(FSNamesystem.java:1327)
	at org.apache.hadoop.hdfs.server.namenode.FSNamesystem.rollEditLog(FSNamesystem.java:5829)
	at org.apache.hadoop.hdfs.server.namenode.NameNodeRpcServer.rollEditLog(NameNodeRpcServer.java:1116)
	at org.apache.hadoop.hdfs.protocolPB.NamenodeProtocolServerSideTranslatorPB.rollEditLog(NamenodeProtocolServerSideTranslatorPB.java:142)
	at org.apache.hadoop.hdfs.protocol.proto.NamenodeProtocolProtos$NamenodeProtocolService$2.callBlockingMethod(NamenodeProtocolProtos.java:12025)
	at org.apache.hadoop.ipc.ProtobufRpcEngine$Server$ProtoBufRpcInvoker.call(ProtobufRpcEngine.java:616)
	at org.apache.hadoop.ipc.RPC$Server.call(RPC.java:969)
	at org.apache.hadoop.ipc.Server$Handler$1.run(Server.java:2049)
	at org.apache.hadoop.ipc.Server$Handler$1.run(Server.java:2045)
	at java.security.AccessController.doPrivileged(Native Method)
	at javax.security.auth.Subject.doAs(Subject.java:422)
	at org.apache.hadoop.security.UserGroupInformation.doAs(UserGroupInformation.java:1657)
	at org.apache.hadoop.ipc.Server$Handler.run(Server.java:2043)

	at org.apache.hadoop.ipc.Client.call(Client.java:1476)
	at org.apache.hadoop.ipc.Client.call(Client.java:1407)
	at org.apache.hadoop.ipc.ProtobufRpcEngine$Invoker.invoke(ProtobufRpcEngine.java:229)
	at com.sun.proxy.$Proxy10.rollEditLog(Unknown Source)
	at org.apache.hadoop.hdfs.protocolPB.NamenodeProtocolTranslatorPB.rollEditLog(NamenodeProtocolTranslatorPB.java:148)
	at sun.reflect.NativeMethodAccessorImpl.invoke0(Native Method)
	at sun.reflect.NativeMethodAccessorImpl.invoke(NativeMethodAccessorImpl.java:62)
	at sun.reflect.DelegatingMethodAccessorImpl.invoke(DelegatingMethodAccessorImpl.java:43)
	at java.lang.reflect.Method.invoke(Method.java:498)
	at org.apache.hadoop.io.retry.RetryInvocationHandler.invokeMethod(RetryInvocationHandler.java:187)
	at org.apache.hadoop.io.retry.RetryInvocationHandler.invoke(RetryInvocationHandler.java:102)
	at com.sun.proxy.$Proxy11.rollEditLog(Unknown Source)
	at org.apache.hadoop.hdfs.server.namenode.SecondaryNameNode.doCheckpoint(SecondaryNameNode.java:512)
	at org.apache.hadoop.hdfs.server.namenode.SecondaryNameNode.doWork(SecondaryNameNode.java:395)
	at org.apache.hadoop.hdfs.server.namenode.SecondaryNameNode$1.run(SecondaryNameNode.java:361)
	at org.apache.hadoop.security.SecurityUtil.doAsLoginUserOrFatal(SecurityUtil.java:415)
	at org.apache.hadoop.hdfs.server.namenode.SecondaryNameNode.run(SecondaryNameNode.java:357)
	at java.lang.Thread.run(Thread.java:748)
2024-11-05 09:28:42,619 ERROR org.apache.hadoop.hdfs.server.namenode.SecondaryNameNode: Exception in doCheckpoint
org.apache.hadoop.ipc.RemoteException(org.apache.hadoop.hdfs.server.namenode.SafeModeException): Log not rolled. Name node is in safe mode.
Resources are low on NN. Please add or free up more resources then turn off safe mode manually. NOTE:  If you turn off safe mode before adding resources, the NN will immediately return to safe mode. Use "hdfs dfsadmin -safemode leave" to turn safe mode off.
	at org.apache.hadoop.hdfs.server.namenode.FSNamesystem.checkNameNodeSafeMode(FSNamesystem.java:1327)
	at org.apache.hadoop.hdfs.server.namenode.FSNamesystem.rollEditLog(FSNamesystem.java:5829)
	at org.apache.hadoop.hdfs.server.namenode.NameNodeRpcServer.rollEditLog(NameNodeRpcServer.java:1116)
	at org.apache.hadoop.hdfs.protocolPB.NamenodeProtocolServerSideTranslatorPB.rollEditLog(NamenodeProtocolServerSideTranslatorPB.java:142)
	at org.apache.hadoop.hdfs.protocol.proto.NamenodeProtocolProtos$NamenodeProtocolService$2.callBlockingMethod(NamenodeProtocolProtos.java:12025)
	at org.apache.hadoop.ipc.ProtobufRpcEngine$Server$ProtoBufRpcInvoker.call(ProtobufRpcEngine.java:616)
	at org.apache.hadoop.ipc.RPC$Server.call(RPC.java:969)
	at org.apache.hadoop.ipc.Server$Handler$1.run(Server.java:2049)
	at org.apache.hadoop.ipc.Server$Handler$1.run(Server.java:2045)
	at java.security.AccessController.doPrivileged(Native Method)
	at javax.security.auth.Subject.doAs(Subject.java:422)
	at org.apache.hadoop.security.UserGroupInformation.doAs(UserGroupInformation.java:1657)
	at org.apache.hadoop.ipc.Server$Handler.run(Server.java:2043)

	at org.apache.hadoop.ipc.Client.call(Client.java:1476)
	at org.apache.hadoop.ipc.Client.call(Client.java:1407)
	at org.apache.hadoop.ipc.ProtobufRpcEngine$Invoker.invoke(ProtobufRpcEngine.java:229)
	at com.sun.proxy.$Proxy10.rollEditLog(Unknown Source)
	at org.apache.hadoop.hdfs.protocolPB.NamenodeProtocolTranslatorPB.rollEditLog(NamenodeProtocolTranslatorPB.java:148)
	at sun.reflect.NativeMethodAccessorImpl.invoke0(Native Method)
	at sun.reflect.NativeMethodAccessorImpl.invoke(NativeMethodAccessorImpl.java:62)
	at sun.reflect.DelegatingMethodAccessorImpl.invoke(DelegatingMethodAccessorImpl.java:43)
	at java.lang.reflect.Method.invoke(Method.java:498)
	at org.apache.hadoop.io.retry.RetryInvocationHandler.invokeMethod(RetryInvocationHandler.java:187)
	at org.apache.hadoop.io.retry.RetryInvocationHandler.invoke(RetryInvocationHandler.java:102)
	at com.sun.proxy.$Proxy11.rollEditLog(Unknown Source)
	at org.apache.hadoop.hdfs.server.namenode.SecondaryNameNode.doCheckpoint(SecondaryNameNode.java:512)
	at org.apache.hadoop.hdfs.server.namenode.SecondaryNameNode.doWork(SecondaryNameNode.java:395)
	at org.apache.hadoop.hdfs.server.namenode.SecondaryNameNode$1.run(SecondaryNameNode.java:361)
	at org.apache.hadoop.security.SecurityUtil.doAsLoginUserOrFatal(SecurityUtil.java:415)
	at org.apache.hadoop.hdfs.server.namenode.SecondaryNameNode.run(SecondaryNameNode.java:357)
	at java.lang.Thread.run(Thread.java:748)
2024-11-05 09:29:42,624 ERROR org.apache.hadoop.hdfs.server.namenode.SecondaryNameNode: Exception in doCheckpoint
org.apache.hadoop.ipc.RemoteException(org.apache.hadoop.hdfs.server.namenode.SafeModeException): Log not rolled. Name node is in safe mode.
Resources are low on NN. Please add or free up more resources then turn off safe mode manually. NOTE:  If you turn off safe mode before adding resources, the NN will immediately return to safe mode. Use "hdfs dfsadmin -safemode leave" to turn safe mode off.
	at org.apache.hadoop.hdfs.server.namenode.FSNamesystem.checkNameNodeSafeMode(FSNamesystem.java:1327)
	at org.apache.hadoop.hdfs.server.namenode.FSNamesystem.rollEditLog(FSNamesystem.java:5829)
	at org.apache.hadoop.hdfs.server.namenode.NameNodeRpcServer.rollEditLog(NameNodeRpcServer.java:1116)
	at org.apache.hadoop.hdfs.protocolPB.NamenodeProtocolServerSideTranslatorPB.rollEditLog(NamenodeProtocolServerSideTranslatorPB.java:142)
	at org.apache.hadoop.hdfs.protocol.proto.NamenodeProtocolProtos$NamenodeProtocolService$2.callBlockingMethod(NamenodeProtocolProtos.java:12025)
	at org.apache.hadoop.ipc.ProtobufRpcEngine$Server$ProtoBufRpcInvoker.call(ProtobufRpcEngine.java:616)
	at org.apache.hadoop.ipc.RPC$Server.call(RPC.java:969)
	at org.apache.hadoop.ipc.Server$Handler$1.run(Server.java:2049)
	at org.apache.hadoop.ipc.Server$Handler$1.run(Server.java:2045)
	at java.security.AccessController.doPrivileged(Native Method)
	at javax.security.auth.Subject.doAs(Subject.java:422)
	at org.apache.hadoop.security.UserGroupInformation.doAs(UserGroupInformation.java:1657)
	at org.apache.hadoop.ipc.Server$Handler.run(Server.java:2043)

	at org.apache.hadoop.ipc.Client.call(Client.java:1476)
	at org.apache.hadoop.ipc.Client.call(Client.java:1407)
	at org.apache.hadoop.ipc.ProtobufRpcEngine$Invoker.invoke(ProtobufRpcEngine.java:229)
	at com.sun.proxy.$Proxy10.rollEditLog(Unknown Source)
	at org.apache.hadoop.hdfs.protocolPB.NamenodeProtocolTranslatorPB.rollEditLog(NamenodeProtocolTranslatorPB.java:148)
	at sun.reflect.NativeMethodAccessorImpl.invoke0(Native Method)
	at sun.reflect.NativeMethodAccessorImpl.invoke(NativeMethodAccessorImpl.java:62)
	at sun.reflect.DelegatingMethodAccessorImpl.invoke(DelegatingMethodAccessorImpl.java:43)
	at java.lang.reflect.Method.invoke(Method.java:498)
	at org.apache.hadoop.io.retry.RetryInvocationHandler.invokeMethod(RetryInvocationHandler.java:187)
	at org.apache.hadoop.io.retry.RetryInvocationHandler.invoke(RetryInvocationHandler.java:102)
	at com.sun.proxy.$Proxy11.rollEditLog(Unknown Source)
	at org.apache.hadoop.hdfs.server.namenode.SecondaryNameNode.doCheckpoint(SecondaryNameNode.java:512)
	at org.apache.hadoop.hdfs.server.namenode.SecondaryNameNode.doWork(SecondaryNameNode.java:395)
	at org.apache.hadoop.hdfs.server.namenode.SecondaryNameNode$1.run(SecondaryNameNode.java:361)
	at org.apache.hadoop.security.SecurityUtil.doAsLoginUserOrFatal(SecurityUtil.java:415)
	at org.apache.hadoop.hdfs.server.namenode.SecondaryNameNode.run(SecondaryNameNode.java:357)
	at java.lang.Thread.run(Thread.java:748)
2024-11-05 09:30:42,628 ERROR org.apache.hadoop.hdfs.server.namenode.SecondaryNameNode: Exception in doCheckpoint
org.apache.hadoop.ipc.RemoteException(org.apache.hadoop.hdfs.server.namenode.SafeModeException): Log not rolled. Name node is in safe mode.
Resources are low on NN. Please add or free up more resources then turn off safe mode manually. NOTE:  If you turn off safe mode before adding resources, the NN will immediately return to safe mode. Use "hdfs dfsadmin -safemode leave" to turn safe mode off.
	at org.apache.hadoop.hdfs.server.namenode.FSNamesystem.checkNameNodeSafeMode(FSNamesystem.java:1327)
	at org.apache.hadoop.hdfs.server.namenode.FSNamesystem.rollEditLog(FSNamesystem.java:5829)
	at org.apache.hadoop.hdfs.server.namenode.NameNodeRpcServer.rollEditLog(NameNodeRpcServer.java:1116)
	at org.apache.hadoop.hdfs.protocolPB.NamenodeProtocolServerSideTranslatorPB.rollEditLog(NamenodeProtocolServerSideTranslatorPB.java:142)
	at org.apache.hadoop.hdfs.protocol.proto.NamenodeProtocolProtos$NamenodeProtocolService$2.callBlockingMethod(NamenodeProtocolProtos.java:12025)
	at org.apache.hadoop.ipc.ProtobufRpcEngine$Server$ProtoBufRpcInvoker.call(ProtobufRpcEngine.java:616)
	at org.apache.hadoop.ipc.RPC$Server.call(RPC.java:969)
	at org.apache.hadoop.ipc.Server$Handler$1.run(Server.java:2049)
	at org.apache.hadoop.ipc.Server$Handler$1.run(Server.java:2045)
	at java.security.AccessController.doPrivileged(Native Method)
	at javax.security.auth.Subject.doAs(Subject.java:422)
	at org.apache.hadoop.security.UserGroupInformation.doAs(UserGroupInformation.java:1657)
	at org.apache.hadoop.ipc.Server$Handler.run(Server.java:2043)

	at org.apache.hadoop.ipc.Client.call(Client.java:1476)
	at org.apache.hadoop.ipc.Client.call(Client.java:1407)
	at org.apache.hadoop.ipc.ProtobufRpcEngine$Invoker.invoke(ProtobufRpcEngine.java:229)
	at com.sun.proxy.$Proxy10.rollEditLog(Unknown Source)
	at org.apache.hadoop.hdfs.protocolPB.NamenodeProtocolTranslatorPB.rollEditLog(NamenodeProtocolTranslatorPB.java:148)
	at sun.reflect.NativeMethodAccessorImpl.invoke0(Native Method)
	at sun.reflect.NativeMethodAccessorImpl.invoke(NativeMethodAccessorImpl.java:62)
	at sun.reflect.DelegatingMethodAccessorImpl.invoke(DelegatingMethodAccessorImpl.java:43)
	at java.lang.reflect.Method.invoke(Method.java:498)
	at org.apache.hadoop.io.retry.RetryInvocationHandler.invokeMethod(RetryInvocationHandler.java:187)
	at org.apache.hadoop.io.retry.RetryInvocationHandler.invoke(RetryInvocationHandler.java:102)
	at com.sun.proxy.$Proxy11.rollEditLog(Unknown Source)
	at org.apache.hadoop.hdfs.server.namenode.SecondaryNameNode.doCheckpoint(SecondaryNameNode.java:512)
	at org.apache.hadoop.hdfs.server.namenode.SecondaryNameNode.doWork(SecondaryNameNode.java:395)
	at org.apache.hadoop.hdfs.server.namenode.SecondaryNameNode$1.run(SecondaryNameNode.java:361)
	at org.apache.hadoop.security.SecurityUtil.doAsLoginUserOrFatal(SecurityUtil.java:415)
	at org.apache.hadoop.hdfs.server.namenode.SecondaryNameNode.run(SecondaryNameNode.java:357)
	at java.lang.Thread.run(Thread.java:748)
2024-11-05 09:31:42,635 ERROR org.apache.hadoop.hdfs.server.namenode.SecondaryNameNode: Exception in doCheckpoint
org.apache.hadoop.ipc.RemoteException(org.apache.hadoop.hdfs.server.namenode.SafeModeException): Log not rolled. Name node is in safe mode.
Resources are low on NN. Please add or free up more resources then turn off safe mode manually. NOTE:  If you turn off safe mode before adding resources, the NN will immediately return to safe mode. Use "hdfs dfsadmin -safemode leave" to turn safe mode off.
	at org.apache.hadoop.hdfs.server.namenode.FSNamesystem.checkNameNodeSafeMode(FSNamesystem.java:1327)
	at org.apache.hadoop.hdfs.server.namenode.FSNamesystem.rollEditLog(FSNamesystem.java:5829)
	at org.apache.hadoop.hdfs.server.namenode.NameNodeRpcServer.rollEditLog(NameNodeRpcServer.java:1116)
	at org.apache.hadoop.hdfs.protocolPB.NamenodeProtocolServerSideTranslatorPB.rollEditLog(NamenodeProtocolServerSideTranslatorPB.java:142)
	at org.apache.hadoop.hdfs.protocol.proto.NamenodeProtocolProtos$NamenodeProtocolService$2.callBlockingMethod(NamenodeProtocolProtos.java:12025)
	at org.apache.hadoop.ipc.ProtobufRpcEngine$Server$ProtoBufRpcInvoker.call(ProtobufRpcEngine.java:616)
	at org.apache.hadoop.ipc.RPC$Server.call(RPC.java:969)
	at org.apache.hadoop.ipc.Server$Handler$1.run(Server.java:2049)
	at org.apache.hadoop.ipc.Server$Handler$1.run(Server.java:2045)
	at java.security.AccessController.doPrivileged(Native Method)
	at javax.security.auth.Subject.doAs(Subject.java:422)
	at org.apache.hadoop.security.UserGroupInformation.doAs(UserGroupInformation.java:1657)
	at org.apache.hadoop.ipc.Server$Handler.run(Server.java:2043)

	at org.apache.hadoop.ipc.Client.call(Client.java:1476)
	at org.apache.hadoop.ipc.Client.call(Client.java:1407)
	at org.apache.hadoop.ipc.ProtobufRpcEngine$Invoker.invoke(ProtobufRpcEngine.java:229)
	at com.sun.proxy.$Proxy10.rollEditLog(Unknown Source)
	at org.apache.hadoop.hdfs.protocolPB.NamenodeProtocolTranslatorPB.rollEditLog(NamenodeProtocolTranslatorPB.java:148)
	at sun.reflect.NativeMethodAccessorImpl.invoke0(Native Method)
	at sun.reflect.NativeMethodAccessorImpl.invoke(NativeMethodAccessorImpl.java:62)
	at sun.reflect.DelegatingMethodAccessorImpl.invoke(DelegatingMethodAccessorImpl.java:43)
	at java.lang.reflect.Method.invoke(Method.java:498)
	at org.apache.hadoop.io.retry.RetryInvocationHandler.invokeMethod(RetryInvocationHandler.java:187)
	at org.apache.hadoop.io.retry.RetryInvocationHandler.invoke(RetryInvocationHandler.java:102)
	at com.sun.proxy.$Proxy11.rollEditLog(Unknown Source)
	at org.apache.hadoop.hdfs.server.namenode.SecondaryNameNode.doCheckpoint(SecondaryNameNode.java:512)
	at org.apache.hadoop.hdfs.server.namenode.SecondaryNameNode.doWork(SecondaryNameNode.java:395)
	at org.apache.hadoop.hdfs.server.namenode.SecondaryNameNode$1.run(SecondaryNameNode.java:361)
	at org.apache.hadoop.security.SecurityUtil.doAsLoginUserOrFatal(SecurityUtil.java:415)
	at org.apache.hadoop.hdfs.server.namenode.SecondaryNameNode.run(SecondaryNameNode.java:357)
	at java.lang.Thread.run(Thread.java:748)
2024-11-05 09:32:42,646 ERROR org.apache.hadoop.hdfs.server.namenode.SecondaryNameNode: Exception in doCheckpoint
org.apache.hadoop.ipc.RemoteException(org.apache.hadoop.hdfs.server.namenode.SafeModeException): Log not rolled. Name node is in safe mode.
Resources are low on NN. Please add or free up more resources then turn off safe mode manually. NOTE:  If you turn off safe mode before adding resources, the NN will immediately return to safe mode. Use "hdfs dfsadmin -safemode leave" to turn safe mode off.
	at org.apache.hadoop.hdfs.server.namenode.FSNamesystem.checkNameNodeSafeMode(FSNamesystem.java:1327)
	at org.apache.hadoop.hdfs.server.namenode.FSNamesystem.rollEditLog(FSNamesystem.java:5829)
	at org.apache.hadoop.hdfs.server.namenode.NameNodeRpcServer.rollEditLog(NameNodeRpcServer.java:1116)
	at org.apache.hadoop.hdfs.protocolPB.NamenodeProtocolServerSideTranslatorPB.rollEditLog(NamenodeProtocolServerSideTranslatorPB.java:142)
	at org.apache.hadoop.hdfs.protocol.proto.NamenodeProtocolProtos$NamenodeProtocolService$2.callBlockingMethod(NamenodeProtocolProtos.java:12025)
	at org.apache.hadoop.ipc.ProtobufRpcEngine$Server$ProtoBufRpcInvoker.call(ProtobufRpcEngine.java:616)
	at org.apache.hadoop.ipc.RPC$Server.call(RPC.java:969)
	at org.apache.hadoop.ipc.Server$Handler$1.run(Server.java:2049)
	at org.apache.hadoop.ipc.Server$Handler$1.run(Server.java:2045)
	at java.security.AccessController.doPrivileged(Native Method)
	at javax.security.auth.Subject.doAs(Subject.java:422)
	at org.apache.hadoop.security.UserGroupInformation.doAs(UserGroupInformation.java:1657)
	at org.apache.hadoop.ipc.Server$Handler.run(Server.java:2043)

	at org.apache.hadoop.ipc.Client.call(Client.java:1476)
	at org.apache.hadoop.ipc.Client.call(Client.java:1407)
	at org.apache.hadoop.ipc.ProtobufRpcEngine$Invoker.invoke(ProtobufRpcEngine.java:229)
	at com.sun.proxy.$Proxy10.rollEditLog(Unknown Source)
	at org.apache.hadoop.hdfs.protocolPB.NamenodeProtocolTranslatorPB.rollEditLog(NamenodeProtocolTranslatorPB.java:148)
	at sun.reflect.NativeMethodAccessorImpl.invoke0(Native Method)
	at sun.reflect.NativeMethodAccessorImpl.invoke(NativeMethodAccessorImpl.java:62)
	at sun.reflect.DelegatingMethodAccessorImpl.invoke(DelegatingMethodAccessorImpl.java:43)
	at java.lang.reflect.Method.invoke(Method.java:498)
	at org.apache.hadoop.io.retry.RetryInvocationHandler.invokeMethod(RetryInvocationHandler.java:187)
	at org.apache.hadoop.io.retry.RetryInvocationHandler.invoke(RetryInvocationHandler.java:102)
	at com.sun.proxy.$Proxy11.rollEditLog(Unknown Source)
	at org.apache.hadoop.hdfs.server.namenode.SecondaryNameNode.doCheckpoint(SecondaryNameNode.java:512)
	at org.apache.hadoop.hdfs.server.namenode.SecondaryNameNode.doWork(SecondaryNameNode.java:395)
	at org.apache.hadoop.hdfs.server.namenode.SecondaryNameNode$1.run(SecondaryNameNode.java:361)
	at org.apache.hadoop.security.SecurityUtil.doAsLoginUserOrFatal(SecurityUtil.java:415)
	at org.apache.hadoop.hdfs.server.namenode.SecondaryNameNode.run(SecondaryNameNode.java:357)
	at java.lang.Thread.run(Thread.java:748)
2024-11-05 09:33:42,656 ERROR org.apache.hadoop.hdfs.server.namenode.SecondaryNameNode: Exception in doCheckpoint
org.apache.hadoop.ipc.RemoteException(org.apache.hadoop.hdfs.server.namenode.SafeModeException): Log not rolled. Name node is in safe mode.
Resources are low on NN. Please add or free up more resources then turn off safe mode manually. NOTE:  If you turn off safe mode before adding resources, the NN will immediately return to safe mode. Use "hdfs dfsadmin -safemode leave" to turn safe mode off.
	at org.apache.hadoop.hdfs.server.namenode.FSNamesystem.checkNameNodeSafeMode(FSNamesystem.java:1327)
	at org.apache.hadoop.hdfs.server.namenode.FSNamesystem.rollEditLog(FSNamesystem.java:5829)
	at org.apache.hadoop.hdfs.server.namenode.NameNodeRpcServer.rollEditLog(NameNodeRpcServer.java:1116)
	at org.apache.hadoop.hdfs.protocolPB.NamenodeProtocolServerSideTranslatorPB.rollEditLog(NamenodeProtocolServerSideTranslatorPB.java:142)
	at org.apache.hadoop.hdfs.protocol.proto.NamenodeProtocolProtos$NamenodeProtocolService$2.callBlockingMethod(NamenodeProtocolProtos.java:12025)
	at org.apache.hadoop.ipc.ProtobufRpcEngine$Server$ProtoBufRpcInvoker.call(ProtobufRpcEngine.java:616)
	at org.apache.hadoop.ipc.RPC$Server.call(RPC.java:969)
	at org.apache.hadoop.ipc.Server$Handler$1.run(Server.java:2049)
	at org.apache.hadoop.ipc.Server$Handler$1.run(Server.java:2045)
	at java.security.AccessController.doPrivileged(Native Method)
	at javax.security.auth.Subject.doAs(Subject.java:422)
	at org.apache.hadoop.security.UserGroupInformation.doAs(UserGroupInformation.java:1657)
	at org.apache.hadoop.ipc.Server$Handler.run(Server.java:2043)

	at org.apache.hadoop.ipc.Client.call(Client.java:1476)
	at org.apache.hadoop.ipc.Client.call(Client.java:1407)
	at org.apache.hadoop.ipc.ProtobufRpcEngine$Invoker.invoke(ProtobufRpcEngine.java:229)
	at com.sun.proxy.$Proxy10.rollEditLog(Unknown Source)
	at org.apache.hadoop.hdfs.protocolPB.NamenodeProtocolTranslatorPB.rollEditLog(NamenodeProtocolTranslatorPB.java:148)
	at sun.reflect.NativeMethodAccessorImpl.invoke0(Native Method)
	at sun.reflect.NativeMethodAccessorImpl.invoke(NativeMethodAccessorImpl.java:62)
	at sun.reflect.DelegatingMethodAccessorImpl.invoke(DelegatingMethodAccessorImpl.java:43)
	at java.lang.reflect.Method.invoke(Method.java:498)
	at org.apache.hadoop.io.retry.RetryInvocationHandler.invokeMethod(RetryInvocationHandler.java:187)
	at org.apache.hadoop.io.retry.RetryInvocationHandler.invoke(RetryInvocationHandler.java:102)
	at com.sun.proxy.$Proxy11.rollEditLog(Unknown Source)
	at org.apache.hadoop.hdfs.server.namenode.SecondaryNameNode.doCheckpoint(SecondaryNameNode.java:512)
	at org.apache.hadoop.hdfs.server.namenode.SecondaryNameNode.doWork(SecondaryNameNode.java:395)
	at org.apache.hadoop.hdfs.server.namenode.SecondaryNameNode$1.run(SecondaryNameNode.java:361)
	at org.apache.hadoop.security.SecurityUtil.doAsLoginUserOrFatal(SecurityUtil.java:415)
	at org.apache.hadoop.hdfs.server.namenode.SecondaryNameNode.run(SecondaryNameNode.java:357)
	at java.lang.Thread.run(Thread.java:748)
2024-11-05 09:34:42,662 ERROR org.apache.hadoop.hdfs.server.namenode.SecondaryNameNode: Exception in doCheckpoint
org.apache.hadoop.ipc.RemoteException(org.apache.hadoop.hdfs.server.namenode.SafeModeException): Log not rolled. Name node is in safe mode.
Resources are low on NN. Please add or free up more resources then turn off safe mode manually. NOTE:  If you turn off safe mode before adding resources, the NN will immediately return to safe mode. Use "hdfs dfsadmin -safemode leave" to turn safe mode off.
	at org.apache.hadoop.hdfs.server.namenode.FSNamesystem.checkNameNodeSafeMode(FSNamesystem.java:1327)
	at org.apache.hadoop.hdfs.server.namenode.FSNamesystem.rollEditLog(FSNamesystem.java:5829)
	at org.apache.hadoop.hdfs.server.namenode.NameNodeRpcServer.rollEditLog(NameNodeRpcServer.java:1116)
	at org.apache.hadoop.hdfs.protocolPB.NamenodeProtocolServerSideTranslatorPB.rollEditLog(NamenodeProtocolServerSideTranslatorPB.java:142)
	at org.apache.hadoop.hdfs.protocol.proto.NamenodeProtocolProtos$NamenodeProtocolService$2.callBlockingMethod(NamenodeProtocolProtos.java:12025)
	at org.apache.hadoop.ipc.ProtobufRpcEngine$Server$ProtoBufRpcInvoker.call(ProtobufRpcEngine.java:616)
	at org.apache.hadoop.ipc.RPC$Server.call(RPC.java:969)
	at org.apache.hadoop.ipc.Server$Handler$1.run(Server.java:2049)
	at org.apache.hadoop.ipc.Server$Handler$1.run(Server.java:2045)
	at java.security.AccessController.doPrivileged(Native Method)
	at javax.security.auth.Subject.doAs(Subject.java:422)
	at org.apache.hadoop.security.UserGroupInformation.doAs(UserGroupInformation.java:1657)
	at org.apache.hadoop.ipc.Server$Handler.run(Server.java:2043)

	at org.apache.hadoop.ipc.Client.call(Client.java:1476)
	at org.apache.hadoop.ipc.Client.call(Client.java:1407)
	at org.apache.hadoop.ipc.ProtobufRpcEngine$Invoker.invoke(ProtobufRpcEngine.java:229)
	at com.sun.proxy.$Proxy10.rollEditLog(Unknown Source)
	at org.apache.hadoop.hdfs.protocolPB.NamenodeProtocolTranslatorPB.rollEditLog(NamenodeProtocolTranslatorPB.java:148)
	at sun.reflect.NativeMethodAccessorImpl.invoke0(Native Method)
	at sun.reflect.NativeMethodAccessorImpl.invoke(NativeMethodAccessorImpl.java:62)
	at sun.reflect.DelegatingMethodAccessorImpl.invoke(DelegatingMethodAccessorImpl.java:43)
	at java.lang.reflect.Method.invoke(Method.java:498)
	at org.apache.hadoop.io.retry.RetryInvocationHandler.invokeMethod(RetryInvocationHandler.java:187)
	at org.apache.hadoop.io.retry.RetryInvocationHandler.invoke(RetryInvocationHandler.java:102)
	at com.sun.proxy.$Proxy11.rollEditLog(Unknown Source)
	at org.apache.hadoop.hdfs.server.namenode.SecondaryNameNode.doCheckpoint(SecondaryNameNode.java:512)
	at org.apache.hadoop.hdfs.server.namenode.SecondaryNameNode.doWork(SecondaryNameNode.java:395)
	at org.apache.hadoop.hdfs.server.namenode.SecondaryNameNode$1.run(SecondaryNameNode.java:361)
	at org.apache.hadoop.security.SecurityUtil.doAsLoginUserOrFatal(SecurityUtil.java:415)
	at org.apache.hadoop.hdfs.server.namenode.SecondaryNameNode.run(SecondaryNameNode.java:357)
	at java.lang.Thread.run(Thread.java:748)
2024-11-05 09:35:42,671 ERROR org.apache.hadoop.hdfs.server.namenode.SecondaryNameNode: Exception in doCheckpoint
org.apache.hadoop.ipc.RemoteException(org.apache.hadoop.hdfs.server.namenode.SafeModeException): Log not rolled. Name node is in safe mode.
Resources are low on NN. Please add or free up more resources then turn off safe mode manually. NOTE:  If you turn off safe mode before adding resources, the NN will immediately return to safe mode. Use "hdfs dfsadmin -safemode leave" to turn safe mode off.
	at org.apache.hadoop.hdfs.server.namenode.FSNamesystem.checkNameNodeSafeMode(FSNamesystem.java:1327)
	at org.apache.hadoop.hdfs.server.namenode.FSNamesystem.rollEditLog(FSNamesystem.java:5829)
	at org.apache.hadoop.hdfs.server.namenode.NameNodeRpcServer.rollEditLog(NameNodeRpcServer.java:1116)
	at org.apache.hadoop.hdfs.protocolPB.NamenodeProtocolServerSideTranslatorPB.rollEditLog(NamenodeProtocolServerSideTranslatorPB.java:142)
	at org.apache.hadoop.hdfs.protocol.proto.NamenodeProtocolProtos$NamenodeProtocolService$2.callBlockingMethod(NamenodeProtocolProtos.java:12025)
	at org.apache.hadoop.ipc.ProtobufRpcEngine$Server$ProtoBufRpcInvoker.call(ProtobufRpcEngine.java:616)
	at org.apache.hadoop.ipc.RPC$Server.call(RPC.java:969)
	at org.apache.hadoop.ipc.Server$Handler$1.run(Server.java:2049)
	at org.apache.hadoop.ipc.Server$Handler$1.run(Server.java:2045)
	at java.security.AccessController.doPrivileged(Native Method)
	at javax.security.auth.Subject.doAs(Subject.java:422)
	at org.apache.hadoop.security.UserGroupInformation.doAs(UserGroupInformation.java:1657)
	at org.apache.hadoop.ipc.Server$Handler.run(Server.java:2043)

	at org.apache.hadoop.ipc.Client.call(Client.java:1476)
	at org.apache.hadoop.ipc.Client.call(Client.java:1407)
	at org.apache.hadoop.ipc.ProtobufRpcEngine$Invoker.invoke(ProtobufRpcEngine.java:229)
	at com.sun.proxy.$Proxy10.rollEditLog(Unknown Source)
	at org.apache.hadoop.hdfs.protocolPB.NamenodeProtocolTranslatorPB.rollEditLog(NamenodeProtocolTranslatorPB.java:148)
	at sun.reflect.GeneratedMethodAccessor3.invoke(Unknown Source)
	at sun.reflect.DelegatingMethodAccessorImpl.invoke(DelegatingMethodAccessorImpl.java:43)
	at java.lang.reflect.Method.invoke(Method.java:498)
	at org.apache.hadoop.io.retry.RetryInvocationHandler.invokeMethod(RetryInvocationHandler.java:187)
	at org.apache.hadoop.io.retry.RetryInvocationHandler.invoke(RetryInvocationHandler.java:102)
	at com.sun.proxy.$Proxy11.rollEditLog(Unknown Source)
	at org.apache.hadoop.hdfs.server.namenode.SecondaryNameNode.doCheckpoint(SecondaryNameNode.java:512)
	at org.apache.hadoop.hdfs.server.namenode.SecondaryNameNode.doWork(SecondaryNameNode.java:395)
	at org.apache.hadoop.hdfs.server.namenode.SecondaryNameNode$1.run(SecondaryNameNode.java:361)
	at org.apache.hadoop.security.SecurityUtil.doAsLoginUserOrFatal(SecurityUtil.java:415)
	at org.apache.hadoop.hdfs.server.namenode.SecondaryNameNode.run(SecondaryNameNode.java:357)
	at java.lang.Thread.run(Thread.java:748)
2024-11-05 09:36:42,684 ERROR org.apache.hadoop.hdfs.server.namenode.SecondaryNameNode: Exception in doCheckpoint
org.apache.hadoop.ipc.RemoteException(org.apache.hadoop.hdfs.server.namenode.SafeModeException): Log not rolled. Name node is in safe mode.
Resources are low on NN. Please add or free up more resources then turn off safe mode manually. NOTE:  If you turn off safe mode before adding resources, the NN will immediately return to safe mode. Use "hdfs dfsadmin -safemode leave" to turn safe mode off.
	at org.apache.hadoop.hdfs.server.namenode.FSNamesystem.checkNameNodeSafeMode(FSNamesystem.java:1327)
	at org.apache.hadoop.hdfs.server.namenode.FSNamesystem.rollEditLog(FSNamesystem.java:5829)
	at org.apache.hadoop.hdfs.server.namenode.NameNodeRpcServer.rollEditLog(NameNodeRpcServer.java:1116)
	at org.apache.hadoop.hdfs.protocolPB.NamenodeProtocolServerSideTranslatorPB.rollEditLog(NamenodeProtocolServerSideTranslatorPB.java:142)
	at org.apache.hadoop.hdfs.protocol.proto.NamenodeProtocolProtos$NamenodeProtocolService$2.callBlockingMethod(NamenodeProtocolProtos.java:12025)
	at org.apache.hadoop.ipc.ProtobufRpcEngine$Server$ProtoBufRpcInvoker.call(ProtobufRpcEngine.java:616)
	at org.apache.hadoop.ipc.RPC$Server.call(RPC.java:969)
	at org.apache.hadoop.ipc.Server$Handler$1.run(Server.java:2049)
	at org.apache.hadoop.ipc.Server$Handler$1.run(Server.java:2045)
	at java.security.AccessController.doPrivileged(Native Method)
	at javax.security.auth.Subject.doAs(Subject.java:422)
	at org.apache.hadoop.security.UserGroupInformation.doAs(UserGroupInformation.java:1657)
	at org.apache.hadoop.ipc.Server$Handler.run(Server.java:2043)

	at org.apache.hadoop.ipc.Client.call(Client.java:1476)
	at org.apache.hadoop.ipc.Client.call(Client.java:1407)
	at org.apache.hadoop.ipc.ProtobufRpcEngine$Invoker.invoke(ProtobufRpcEngine.java:229)
	at com.sun.proxy.$Proxy10.rollEditLog(Unknown Source)
	at org.apache.hadoop.hdfs.protocolPB.NamenodeProtocolTranslatorPB.rollEditLog(NamenodeProtocolTranslatorPB.java:148)
	at sun.reflect.GeneratedMethodAccessor3.invoke(Unknown Source)
	at sun.reflect.DelegatingMethodAccessorImpl.invoke(DelegatingMethodAccessorImpl.java:43)
	at java.lang.reflect.Method.invoke(Method.java:498)
	at org.apache.hadoop.io.retry.RetryInvocationHandler.invokeMethod(RetryInvocationHandler.java:187)
	at org.apache.hadoop.io.retry.RetryInvocationHandler.invoke(RetryInvocationHandler.java:102)
	at com.sun.proxy.$Proxy11.rollEditLog(Unknown Source)
	at org.apache.hadoop.hdfs.server.namenode.SecondaryNameNode.doCheckpoint(SecondaryNameNode.java:512)
	at org.apache.hadoop.hdfs.server.namenode.SecondaryNameNode.doWork(SecondaryNameNode.java:395)
	at org.apache.hadoop.hdfs.server.namenode.SecondaryNameNode$1.run(SecondaryNameNode.java:361)
	at org.apache.hadoop.security.SecurityUtil.doAsLoginUserOrFatal(SecurityUtil.java:415)
	at org.apache.hadoop.hdfs.server.namenode.SecondaryNameNode.run(SecondaryNameNode.java:357)
	at java.lang.Thread.run(Thread.java:748)
2024-11-05 09:37:42,695 ERROR org.apache.hadoop.hdfs.server.namenode.SecondaryNameNode: Exception in doCheckpoint
org.apache.hadoop.ipc.RemoteException(org.apache.hadoop.hdfs.server.namenode.SafeModeException): Log not rolled. Name node is in safe mode.
Resources are low on NN. Please add or free up more resources then turn off safe mode manually. NOTE:  If you turn off safe mode before adding resources, the NN will immediately return to safe mode. Use "hdfs dfsadmin -safemode leave" to turn safe mode off.
	at org.apache.hadoop.hdfs.server.namenode.FSNamesystem.checkNameNodeSafeMode(FSNamesystem.java:1327)
	at org.apache.hadoop.hdfs.server.namenode.FSNamesystem.rollEditLog(FSNamesystem.java:5829)
	at org.apache.hadoop.hdfs.server.namenode.NameNodeRpcServer.rollEditLog(NameNodeRpcServer.java:1116)
	at org.apache.hadoop.hdfs.protocolPB.NamenodeProtocolServerSideTranslatorPB.rollEditLog(NamenodeProtocolServerSideTranslatorPB.java:142)
	at org.apache.hadoop.hdfs.protocol.proto.NamenodeProtocolProtos$NamenodeProtocolService$2.callBlockingMethod(NamenodeProtocolProtos.java:12025)
	at org.apache.hadoop.ipc.ProtobufRpcEngine$Server$ProtoBufRpcInvoker.call(ProtobufRpcEngine.java:616)
	at org.apache.hadoop.ipc.RPC$Server.call(RPC.java:969)
	at org.apache.hadoop.ipc.Server$Handler$1.run(Server.java:2049)
	at org.apache.hadoop.ipc.Server$Handler$1.run(Server.java:2045)
	at java.security.AccessController.doPrivileged(Native Method)
	at javax.security.auth.Subject.doAs(Subject.java:422)
	at org.apache.hadoop.security.UserGroupInformation.doAs(UserGroupInformation.java:1657)
	at org.apache.hadoop.ipc.Server$Handler.run(Server.java:2043)

	at org.apache.hadoop.ipc.Client.call(Client.java:1476)
	at org.apache.hadoop.ipc.Client.call(Client.java:1407)
	at org.apache.hadoop.ipc.ProtobufRpcEngine$Invoker.invoke(ProtobufRpcEngine.java:229)
	at com.sun.proxy.$Proxy10.rollEditLog(Unknown Source)
	at org.apache.hadoop.hdfs.protocolPB.NamenodeProtocolTranslatorPB.rollEditLog(NamenodeProtocolTranslatorPB.java:148)
	at sun.reflect.GeneratedMethodAccessor3.invoke(Unknown Source)
	at sun.reflect.DelegatingMethodAccessorImpl.invoke(DelegatingMethodAccessorImpl.java:43)
	at java.lang.reflect.Method.invoke(Method.java:498)
	at org.apache.hadoop.io.retry.RetryInvocationHandler.invokeMethod(RetryInvocationHandler.java:187)
	at org.apache.hadoop.io.retry.RetryInvocationHandler.invoke(RetryInvocationHandler.java:102)
	at com.sun.proxy.$Proxy11.rollEditLog(Unknown Source)
	at org.apache.hadoop.hdfs.server.namenode.SecondaryNameNode.doCheckpoint(SecondaryNameNode.java:512)
	at org.apache.hadoop.hdfs.server.namenode.SecondaryNameNode.doWork(SecondaryNameNode.java:395)
	at org.apache.hadoop.hdfs.server.namenode.SecondaryNameNode$1.run(SecondaryNameNode.java:361)
	at org.apache.hadoop.security.SecurityUtil.doAsLoginUserOrFatal(SecurityUtil.java:415)
	at org.apache.hadoop.hdfs.server.namenode.SecondaryNameNode.run(SecondaryNameNode.java:357)
	at java.lang.Thread.run(Thread.java:748)
2024-11-05 09:38:42,700 ERROR org.apache.hadoop.hdfs.server.namenode.SecondaryNameNode: Exception in doCheckpoint
org.apache.hadoop.ipc.RemoteException(org.apache.hadoop.hdfs.server.namenode.SafeModeException): Log not rolled. Name node is in safe mode.
Resources are low on NN. Please add or free up more resources then turn off safe mode manually. NOTE:  If you turn off safe mode before adding resources, the NN will immediately return to safe mode. Use "hdfs dfsadmin -safemode leave" to turn safe mode off.
	at org.apache.hadoop.hdfs.server.namenode.FSNamesystem.checkNameNodeSafeMode(FSNamesystem.java:1327)
	at org.apache.hadoop.hdfs.server.namenode.FSNamesystem.rollEditLog(FSNamesystem.java:5829)
	at org.apache.hadoop.hdfs.server.namenode.NameNodeRpcServer.rollEditLog(NameNodeRpcServer.java:1116)
	at org.apache.hadoop.hdfs.protocolPB.NamenodeProtocolServerSideTranslatorPB.rollEditLog(NamenodeProtocolServerSideTranslatorPB.java:142)
	at org.apache.hadoop.hdfs.protocol.proto.NamenodeProtocolProtos$NamenodeProtocolService$2.callBlockingMethod(NamenodeProtocolProtos.java:12025)
	at org.apache.hadoop.ipc.ProtobufRpcEngine$Server$ProtoBufRpcInvoker.call(ProtobufRpcEngine.java:616)
	at org.apache.hadoop.ipc.RPC$Server.call(RPC.java:969)
	at org.apache.hadoop.ipc.Server$Handler$1.run(Server.java:2049)
	at org.apache.hadoop.ipc.Server$Handler$1.run(Server.java:2045)
	at java.security.AccessController.doPrivileged(Native Method)
	at javax.security.auth.Subject.doAs(Subject.java:422)
	at org.apache.hadoop.security.UserGroupInformation.doAs(UserGroupInformation.java:1657)
	at org.apache.hadoop.ipc.Server$Handler.run(Server.java:2043)

	at org.apache.hadoop.ipc.Client.call(Client.java:1476)
	at org.apache.hadoop.ipc.Client.call(Client.java:1407)
	at org.apache.hadoop.ipc.ProtobufRpcEngine$Invoker.invoke(ProtobufRpcEngine.java:229)
	at com.sun.proxy.$Proxy10.rollEditLog(Unknown Source)
	at org.apache.hadoop.hdfs.protocolPB.NamenodeProtocolTranslatorPB.rollEditLog(NamenodeProtocolTranslatorPB.java:148)
	at sun.reflect.GeneratedMethodAccessor3.invoke(Unknown Source)
	at sun.reflect.DelegatingMethodAccessorImpl.invoke(DelegatingMethodAccessorImpl.java:43)
	at java.lang.reflect.Method.invoke(Method.java:498)
	at org.apache.hadoop.io.retry.RetryInvocationHandler.invokeMethod(RetryInvocationHandler.java:187)
	at org.apache.hadoop.io.retry.RetryInvocationHandler.invoke(RetryInvocationHandler.java:102)
	at com.sun.proxy.$Proxy11.rollEditLog(Unknown Source)
	at org.apache.hadoop.hdfs.server.namenode.SecondaryNameNode.doCheckpoint(SecondaryNameNode.java:512)
	at org.apache.hadoop.hdfs.server.namenode.SecondaryNameNode.doWork(SecondaryNameNode.java:395)
	at org.apache.hadoop.hdfs.server.namenode.SecondaryNameNode$1.run(SecondaryNameNode.java:361)
	at org.apache.hadoop.security.SecurityUtil.doAsLoginUserOrFatal(SecurityUtil.java:415)
	at org.apache.hadoop.hdfs.server.namenode.SecondaryNameNode.run(SecondaryNameNode.java:357)
	at java.lang.Thread.run(Thread.java:748)
2024-11-05 09:39:42,708 ERROR org.apache.hadoop.hdfs.server.namenode.SecondaryNameNode: Exception in doCheckpoint
org.apache.hadoop.ipc.RemoteException(org.apache.hadoop.hdfs.server.namenode.SafeModeException): Log not rolled. Name node is in safe mode.
Resources are low on NN. Please add or free up more resources then turn off safe mode manually. NOTE:  If you turn off safe mode before adding resources, the NN will immediately return to safe mode. Use "hdfs dfsadmin -safemode leave" to turn safe mode off.
	at org.apache.hadoop.hdfs.server.namenode.FSNamesystem.checkNameNodeSafeMode(FSNamesystem.java:1327)
	at org.apache.hadoop.hdfs.server.namenode.FSNamesystem.rollEditLog(FSNamesystem.java:5829)
	at org.apache.hadoop.hdfs.server.namenode.NameNodeRpcServer.rollEditLog(NameNodeRpcServer.java:1116)
	at org.apache.hadoop.hdfs.protocolPB.NamenodeProtocolServerSideTranslatorPB.rollEditLog(NamenodeProtocolServerSideTranslatorPB.java:142)
	at org.apache.hadoop.hdfs.protocol.proto.NamenodeProtocolProtos$NamenodeProtocolService$2.callBlockingMethod(NamenodeProtocolProtos.java:12025)
	at org.apache.hadoop.ipc.ProtobufRpcEngine$Server$ProtoBufRpcInvoker.call(ProtobufRpcEngine.java:616)
	at org.apache.hadoop.ipc.RPC$Server.call(RPC.java:969)
	at org.apache.hadoop.ipc.Server$Handler$1.run(Server.java:2049)
	at org.apache.hadoop.ipc.Server$Handler$1.run(Server.java:2045)
	at java.security.AccessController.doPrivileged(Native Method)
	at javax.security.auth.Subject.doAs(Subject.java:422)
	at org.apache.hadoop.security.UserGroupInformation.doAs(UserGroupInformation.java:1657)
	at org.apache.hadoop.ipc.Server$Handler.run(Server.java:2043)

	at org.apache.hadoop.ipc.Client.call(Client.java:1476)
	at org.apache.hadoop.ipc.Client.call(Client.java:1407)
	at org.apache.hadoop.ipc.ProtobufRpcEngine$Invoker.invoke(ProtobufRpcEngine.java:229)
	at com.sun.proxy.$Proxy10.rollEditLog(Unknown Source)
	at org.apache.hadoop.hdfs.protocolPB.NamenodeProtocolTranslatorPB.rollEditLog(NamenodeProtocolTranslatorPB.java:148)
	at sun.reflect.GeneratedMethodAccessor3.invoke(Unknown Source)
	at sun.reflect.DelegatingMethodAccessorImpl.invoke(DelegatingMethodAccessorImpl.java:43)
	at java.lang.reflect.Method.invoke(Method.java:498)
	at org.apache.hadoop.io.retry.RetryInvocationHandler.invokeMethod(RetryInvocationHandler.java:187)
	at org.apache.hadoop.io.retry.RetryInvocationHandler.invoke(RetryInvocationHandler.java:102)
	at com.sun.proxy.$Proxy11.rollEditLog(Unknown Source)
	at org.apache.hadoop.hdfs.server.namenode.SecondaryNameNode.doCheckpoint(SecondaryNameNode.java:512)
	at org.apache.hadoop.hdfs.server.namenode.SecondaryNameNode.doWork(SecondaryNameNode.java:395)
	at org.apache.hadoop.hdfs.server.namenode.SecondaryNameNode$1.run(SecondaryNameNode.java:361)
	at org.apache.hadoop.security.SecurityUtil.doAsLoginUserOrFatal(SecurityUtil.java:415)
	at org.apache.hadoop.hdfs.server.namenode.SecondaryNameNode.run(SecondaryNameNode.java:357)
	at java.lang.Thread.run(Thread.java:748)
2024-11-05 09:40:42,717 ERROR org.apache.hadoop.hdfs.server.namenode.SecondaryNameNode: Exception in doCheckpoint
org.apache.hadoop.ipc.RemoteException(org.apache.hadoop.hdfs.server.namenode.SafeModeException): Log not rolled. Name node is in safe mode.
Resources are low on NN. Please add or free up more resources then turn off safe mode manually. NOTE:  If you turn off safe mode before adding resources, the NN will immediately return to safe mode. Use "hdfs dfsadmin -safemode leave" to turn safe mode off.
	at org.apache.hadoop.hdfs.server.namenode.FSNamesystem.checkNameNodeSafeMode(FSNamesystem.java:1327)
	at org.apache.hadoop.hdfs.server.namenode.FSNamesystem.rollEditLog(FSNamesystem.java:5829)
	at org.apache.hadoop.hdfs.server.namenode.NameNodeRpcServer.rollEditLog(NameNodeRpcServer.java:1116)
	at org.apache.hadoop.hdfs.protocolPB.NamenodeProtocolServerSideTranslatorPB.rollEditLog(NamenodeProtocolServerSideTranslatorPB.java:142)
	at org.apache.hadoop.hdfs.protocol.proto.NamenodeProtocolProtos$NamenodeProtocolService$2.callBlockingMethod(NamenodeProtocolProtos.java:12025)
	at org.apache.hadoop.ipc.ProtobufRpcEngine$Server$ProtoBufRpcInvoker.call(ProtobufRpcEngine.java:616)
	at org.apache.hadoop.ipc.RPC$Server.call(RPC.java:969)
	at org.apache.hadoop.ipc.Server$Handler$1.run(Server.java:2049)
	at org.apache.hadoop.ipc.Server$Handler$1.run(Server.java:2045)
	at java.security.AccessController.doPrivileged(Native Method)
	at javax.security.auth.Subject.doAs(Subject.java:422)
	at org.apache.hadoop.security.UserGroupInformation.doAs(UserGroupInformation.java:1657)
	at org.apache.hadoop.ipc.Server$Handler.run(Server.java:2043)

	at org.apache.hadoop.ipc.Client.call(Client.java:1476)
	at org.apache.hadoop.ipc.Client.call(Client.java:1407)
	at org.apache.hadoop.ipc.ProtobufRpcEngine$Invoker.invoke(ProtobufRpcEngine.java:229)
	at com.sun.proxy.$Proxy10.rollEditLog(Unknown Source)
	at org.apache.hadoop.hdfs.protocolPB.NamenodeProtocolTranslatorPB.rollEditLog(NamenodeProtocolTranslatorPB.java:148)
	at sun.reflect.GeneratedMethodAccessor3.invoke(Unknown Source)
	at sun.reflect.DelegatingMethodAccessorImpl.invoke(DelegatingMethodAccessorImpl.java:43)
	at java.lang.reflect.Method.invoke(Method.java:498)
	at org.apache.hadoop.io.retry.RetryInvocationHandler.invokeMethod(RetryInvocationHandler.java:187)
	at org.apache.hadoop.io.retry.RetryInvocationHandler.invoke(RetryInvocationHandler.java:102)
	at com.sun.proxy.$Proxy11.rollEditLog(Unknown Source)
	at org.apache.hadoop.hdfs.server.namenode.SecondaryNameNode.doCheckpoint(SecondaryNameNode.java:512)
	at org.apache.hadoop.hdfs.server.namenode.SecondaryNameNode.doWork(SecondaryNameNode.java:395)
	at org.apache.hadoop.hdfs.server.namenode.SecondaryNameNode$1.run(SecondaryNameNode.java:361)
	at org.apache.hadoop.security.SecurityUtil.doAsLoginUserOrFatal(SecurityUtil.java:415)
	at org.apache.hadoop.hdfs.server.namenode.SecondaryNameNode.run(SecondaryNameNode.java:357)
	at java.lang.Thread.run(Thread.java:748)
2024-11-05 09:41:42,726 ERROR org.apache.hadoop.hdfs.server.namenode.SecondaryNameNode: Exception in doCheckpoint
org.apache.hadoop.ipc.RemoteException(org.apache.hadoop.hdfs.server.namenode.SafeModeException): Log not rolled. Name node is in safe mode.
Resources are low on NN. Please add or free up more resources then turn off safe mode manually. NOTE:  If you turn off safe mode before adding resources, the NN will immediately return to safe mode. Use "hdfs dfsadmin -safemode leave" to turn safe mode off.
	at org.apache.hadoop.hdfs.server.namenode.FSNamesystem.checkNameNodeSafeMode(FSNamesystem.java:1327)
	at org.apache.hadoop.hdfs.server.namenode.FSNamesystem.rollEditLog(FSNamesystem.java:5829)
	at org.apache.hadoop.hdfs.server.namenode.NameNodeRpcServer.rollEditLog(NameNodeRpcServer.java:1116)
	at org.apache.hadoop.hdfs.protocolPB.NamenodeProtocolServerSideTranslatorPB.rollEditLog(NamenodeProtocolServerSideTranslatorPB.java:142)
	at org.apache.hadoop.hdfs.protocol.proto.NamenodeProtocolProtos$NamenodeProtocolService$2.callBlockingMethod(NamenodeProtocolProtos.java:12025)
	at org.apache.hadoop.ipc.ProtobufRpcEngine$Server$ProtoBufRpcInvoker.call(ProtobufRpcEngine.java:616)
	at org.apache.hadoop.ipc.RPC$Server.call(RPC.java:969)
	at org.apache.hadoop.ipc.Server$Handler$1.run(Server.java:2049)
	at org.apache.hadoop.ipc.Server$Handler$1.run(Server.java:2045)
	at java.security.AccessController.doPrivileged(Native Method)
	at javax.security.auth.Subject.doAs(Subject.java:422)
	at org.apache.hadoop.security.UserGroupInformation.doAs(UserGroupInformation.java:1657)
	at org.apache.hadoop.ipc.Server$Handler.run(Server.java:2043)

	at org.apache.hadoop.ipc.Client.call(Client.java:1476)
	at org.apache.hadoop.ipc.Client.call(Client.java:1407)
	at org.apache.hadoop.ipc.ProtobufRpcEngine$Invoker.invoke(ProtobufRpcEngine.java:229)
	at com.sun.proxy.$Proxy10.rollEditLog(Unknown Source)
	at org.apache.hadoop.hdfs.protocolPB.NamenodeProtocolTranslatorPB.rollEditLog(NamenodeProtocolTranslatorPB.java:148)
	at sun.reflect.GeneratedMethodAccessor3.invoke(Unknown Source)
	at sun.reflect.DelegatingMethodAccessorImpl.invoke(DelegatingMethodAccessorImpl.java:43)
	at java.lang.reflect.Method.invoke(Method.java:498)
	at org.apache.hadoop.io.retry.RetryInvocationHandler.invokeMethod(RetryInvocationHandler.java:187)
	at org.apache.hadoop.io.retry.RetryInvocationHandler.invoke(RetryInvocationHandler.java:102)
	at com.sun.proxy.$Proxy11.rollEditLog(Unknown Source)
	at org.apache.hadoop.hdfs.server.namenode.SecondaryNameNode.doCheckpoint(SecondaryNameNode.java:512)
	at org.apache.hadoop.hdfs.server.namenode.SecondaryNameNode.doWork(SecondaryNameNode.java:395)
	at org.apache.hadoop.hdfs.server.namenode.SecondaryNameNode$1.run(SecondaryNameNode.java:361)
	at org.apache.hadoop.security.SecurityUtil.doAsLoginUserOrFatal(SecurityUtil.java:415)
	at org.apache.hadoop.hdfs.server.namenode.SecondaryNameNode.run(SecondaryNameNode.java:357)
	at java.lang.Thread.run(Thread.java:748)
2024-11-05 09:42:31,910 ERROR org.apache.hadoop.hdfs.server.namenode.SecondaryNameNode: RECEIVED SIGNAL 15: SIGTERM
2024-11-05 09:42:31,911 INFO org.apache.hadoop.hdfs.server.namenode.SecondaryNameNode: SHUTDOWN_MSG: 
/************************************************************
SHUTDOWN_MSG: Shutting down SecondaryNameNode at cobalt.enseeiht.fr/147.127.133.69
************************************************************/
