Spark Command: /home/ejeandon/N7/3A/InfraBigData/jdk1.8.0_202/bin/java -cp /home/ejeandon/N7/3A/InfraBigData/spark-2.4.3-bin-hadoop2.7/conf/:/home/ejeandon/N7/3A/InfraBigData/spark-2.4.3-bin-hadoop2.7/jars/* -Xmx1g org.apache.spark.deploy.worker.Worker --webui-port 8081 spark://cobalt:7077
========================================
Using Spark's default log4j profile: org/apache/spark/log4j-defaults.properties
24/11/05 09:18:54 INFO Worker: Started daemon with process name: 577278@sand.enseeiht.fr
24/11/05 09:18:54 INFO SignalUtils: Registered signal handler for TERM
24/11/05 09:18:54 INFO SignalUtils: Registered signal handler for HUP
24/11/05 09:18:54 INFO SignalUtils: Registered signal handler for INT
24/11/05 09:18:55 WARN NativeCodeLoader: Unable to load native-hadoop library for your platform... using builtin-java classes where applicable
24/11/05 09:18:55 INFO SecurityManager: Changing view acls to: ejeandon
24/11/05 09:18:55 INFO SecurityManager: Changing modify acls to: ejeandon
24/11/05 09:18:55 INFO SecurityManager: Changing view acls groups to: 
24/11/05 09:18:55 INFO SecurityManager: Changing modify acls groups to: 
24/11/05 09:18:55 INFO SecurityManager: SecurityManager: authentication disabled; ui acls disabled; users  with view permissions: Set(ejeandon); groups with view permissions: Set(); users  with modify permissions: Set(ejeandon); groups with modify permissions: Set()
24/11/05 09:18:55 INFO Utils: Successfully started service 'sparkWorker' on port 42171.
24/11/05 09:18:55 INFO Worker: Starting Spark worker 147.127.135.78:42171 with 20 cores, 14.3 GB RAM
24/11/05 09:18:55 INFO Worker: Running Spark version 2.4.3
24/11/05 09:18:55 INFO Worker: Spark home: /home/ejeandon/N7/3A/InfraBigData/spark-2.4.3-bin-hadoop2.7
24/11/05 09:18:55 INFO Utils: Successfully started service 'WorkerUI' on port 8081.
24/11/05 09:18:55 INFO WorkerWebUI: Bound WorkerWebUI to 0.0.0.0, and started at http://sand.enseeiht.fr:8081
24/11/05 09:18:55 INFO Worker: Connecting to master cobalt:7077...
24/11/05 09:18:55 INFO TransportClientFactory: Successfully created connection to cobalt/147.127.133.69:7077 after 13 ms (0 ms spent in bootstraps)
24/11/05 09:18:55 INFO Worker: Successfully registered with master spark://cobalt:7077
24/11/05 09:27:58 INFO Worker: Asked to launch executor app-20241105092758-0000/0 for WordCount
24/11/05 09:27:58 INFO SecurityManager: Changing view acls to: ejeandon
24/11/05 09:27:58 INFO SecurityManager: Changing modify acls to: ejeandon
24/11/05 09:27:58 INFO SecurityManager: Changing view acls groups to: 
24/11/05 09:27:58 INFO SecurityManager: Changing modify acls groups to: 
24/11/05 09:27:58 INFO SecurityManager: SecurityManager: authentication disabled; ui acls disabled; users  with view permissions: Set(ejeandon); groups with view permissions: Set(); users  with modify permissions: Set(ejeandon); groups with modify permissions: Set()
24/11/05 09:27:58 INFO ExecutorRunner: Launch command: "/home/ejeandon/N7/3A/InfraBigData/jdk1.8.0_202/bin/java" "-cp" "/home/ejeandon/N7/3A/InfraBigData/spark-2.4.3-bin-hadoop2.7/conf/:/home/ejeandon/N7/3A/InfraBigData/spark-2.4.3-bin-hadoop2.7/jars/*" "-Xmx1024M" "-Dspark.driver.port=35039" "org.apache.spark.executor.CoarseGrainedExecutorBackend" "--driver-url" "spark://CoarseGrainedScheduler@cobalt.enseeiht.fr:35039" "--executor-id" "0" "--hostname" "147.127.135.78" "--cores" "20" "--app-id" "app-20241105092758-0000" "--worker-url" "spark://Worker@147.127.135.78:42171"
24/11/05 09:28:00 INFO Worker: Asked to kill executor app-20241105092758-0000/0
24/11/05 09:28:00 INFO ExecutorRunner: Runner thread for executor app-20241105092758-0000/0 interrupted
24/11/05 09:28:00 INFO ExecutorRunner: Killing process!
24/11/05 09:28:00 INFO Worker: Executor app-20241105092758-0000/0 finished with state KILLED exitStatus 0
24/11/05 09:28:00 INFO ExternalShuffleBlockResolver: Clean up non-shuffle files associated with the finished executor 0
24/11/05 09:28:00 INFO ExternalShuffleBlockResolver: Executor is not registered (appId=app-20241105092758-0000, execId=0)
24/11/05 09:28:00 INFO ExternalShuffleBlockResolver: Application app-20241105092758-0000 removed, cleanupLocalDirs = true
24/11/05 09:28:00 INFO Worker: Cleaning up local directories for application app-20241105092758-0000
24/11/05 09:42:24 ERROR Worker: RECEIVED SIGNAL TERM
24/11/05 09:42:24 INFO ShutdownHookManager: Shutdown hook called
24/11/05 09:42:24 INFO ShutdownHookManager: Deleting directory /tmp/spark-416403be-46e9-4fb3-9fe1-63c2f56ac0fa
